


                    ============================
                       N O N - W E I G H T S    
                    ============================



 STATE  (WITH  5 CONFIGURATIONS):
 -------------------------------


 THERE ARE  7 ORBITALS AS FOLLOWS:

       1s  2p  3p 3d2  2s 3d1 3d3

 CONFIGURATION  1 ( OCCUPIED ORBITALS= 2 ):  1s( 1)  2p( 2)
                           COUPLING SCHEME:     2S1     1D2
                                                           2D0

 CONFIGURATION  2 ( OCCUPIED ORBITALS= 2 ):  1s( 1)  3p( 2)
                           COUPLING SCHEME:     2S1     1D2
                                                           2D0

 CONFIGURATION  3 ( OCCUPIED ORBITALS= 2 ):  1s( 1) 3d2( 2)
                           COUPLING SCHEME:     2S1     1D2
                                                           2D0

 CONFIGURATION  4 ( OCCUPIED ORBITALS= 3 ):  1s( 1)  2s( 1) 3d1( 1)
                           COUPLING SCHEME:     2S1     2S1     2D1
                                                           1S0     2D0

 CONFIGURATION  5 ( OCCUPIED ORBITALS= 3 ):  1s( 1)  2s( 1) 3d3( 1)
                           COUPLING SCHEME:     2S1     2S1     2D1
                                                           3S0     2D0


                    ===================
                      MCHF  ...  1988
                    ===================


          THE DIMENSIONS FOR THE CURRENT VERSION ARE:
            NCFG=100       NWF= 30        NO=220



 Li    2D        3.   220  7  7  5  F  T

  F.1D-09.1D-06 12  00.0  0  T  F



          WEAK ORTHOGONALIZATION DURING THE SCF CYCLE=   F
          ACCELERATING PARAMETER FOR MCHF ITERATION  = 0.00
          SCF CONVERGENCE TOLERANCE (FUNCTIONS)      = 1.00D-07
          NUMBER OF POINTS IN THE MAXIMUM RANGE      = 220
          RELATIVISTIC DIAGONAL  ENERGY CORRECTIONS  =   F



          MATRIX DIAGONALIZATION PROCEDURE NOT CONVERGING


          TOTAL ENERGY =       -4.745382592

      WEIGHTS
  1  0.6962  2 -0.2447  3  0.2280  4  0.5541  5 -0.3105


          ITERATION NUMBER  1
          ----------------

          CONVERGENCE CRITERIA:ENERGY  (CFGTOL)            =  1.0D-10
                              :FUNCTION(SCFTOL*SQRT(Z*NWF))=  4.6D-07

          C( 1s 2s) =    -0.17733   V( 1s 2s) =    10.72885   EPS = 0.016528
          C( 2p 3p) =     0.45820   V( 2p 3p) =     3.32356   EPS =-0.025000
          E( 3p 2p) =    -0.29374   E( 2p 3p) =    -0.03630
          E( 2s 1s) =    -0.72871   E( 1s 2s) =    -0.29401

                     EL         ED             AZ           NORM       DPM
      < 1s| 2s>= 1.6D-02
                     1s      6.7065581     10.3895798   0.9356326    1.56D-02
          ED =  -0.323859; ADJUSTED TO ALLOWED MINIMUM ENERGY
      < 2p| 3p>=-5.9D-01
                     2p      0.1600000      0.4451158   1.0509608    6.69D-01
          ED =  -0.307554; ADJUSTED TO ALLOWED MINIMUM ENERGY
      < 2p| 3p>=-2.6D-02
                     3p      0.0009503      0.0302671  47.5173613**  5.10D-01
                    3d2      0.0825582      0.0324304   5.4694365**  4.89D-01
      < 1s| 2s>=-3.4D-01
                     2s      0.3157332      1.2531289   0.2844250**  6.36D-01
          ED =  -0.064803; ADJUSTED TO ALLOWED MINIMUM ENERGY
                    3d1      0.0009494      0.0001444   6.1312536**  5.77D-01
          ED =  -0.054052; ADJUSTED TO ALLOWED MINIMUM ENERGY
                    3d3      0.0009494     -0.0028072  25.5178271**  5.74D-01
      < 1s| 2s>= 1.9D-10


          TOTAL ENERGY =       -4.878895706

      WEIGHTS
  1  0.9996  2  0.0000  3  0.0233  4 -0.0062  5  0.0114

      LEAST SELF-CONSISTENT FUNCTION IS  2p :WEIGHTED MAXIMUM CHANGE =  6.58D-01


          ITERATION NUMBER  2
          ----------------

          CONVERGENCE CRITERIA:ENERGY  (CFGTOL)            =  1.4D-10
                              :FUNCTION(SCFTOL*SQRT(Z*NWF))=  9.2D-07

          C( 1s 2s) =     0.14864   V( 1s 2s) =     7.59260   EPS =-0.019577
          C( 2p 3p) =    -0.00440   V( 2p 3p) =     1.34231   EPS = 0.003281
          E( 3p 2p) =   -12.98309   E( 2p 3p) =     0.00000
          E( 2s 1s) =    -0.12803   E( 1s 2s) =    -0.00002

                     EL         ED             AZ           NORM       DPM
      < 1s| 2s>=-1.9D-03
                     1s      8.4064607     10.3892521   1.0020216    1.68D-02
      < 3p| 2p>= 9.3D-03
                     2p      0.7332583      1.5413909   0.3008283    5.25D-01
      < 3p| 2p>= 9.7D-01
                     3p     22.0618582      2.1096398  85.1699742**  7.12D-01
                    3d2      0.1491953      0.0470233   5.0195579**  2.49D-01
      < 1s| 2s>= 2.1D-03
                     2s      0.6283837      2.3624736   0.6748072**  3.25D-01
                    3d1      0.1687375     -0.0053051  64.4751895**  4.09D-01
                    3d3      0.0883393      0.0160341 102.3335098**  3.16D-01


          TOTAL ENERGY =       -4.363164369

      WEIGHTS
  1  0.9961  2  0.0856  3 -0.0033  4  0.0232  5 -0.0018

      LEAST SELF-CONSISTENT FUNCTION IS  2p :WEIGHTED MAXIMUM CHANGE =  7.42D-01


          ITERATION NUMBER  3
          ----------------

          CONVERGENCE CRITERIA:ENERGY  (CFGTOL)            =  2.0D-10
                              :FUNCTION(SCFTOL*SQRT(Z*NWF))=  1.8D-06

          C( 1s 2s) =     0.05196   V( 1s 2s) =     6.91771   EPS =-0.007511
          C( 2p 3p) =    -0.63325   V( 2p 3p) =    -0.99914   EPS =-0.025000
          E( 3p 2p) =     1.95388   E( 2p 3p) =     0.01411
          E( 2s 1s) =    -0.57010   E( 1s 2s) =    -0.00029

                     EL         ED             AZ           NORM       DPM
      < 1s| 2s>=-9.7D-04
                     1s      7.2519550     10.2879212   1.0114167    1.05D-02
          ED =  -0.434856; ADJUSTED TO ALLOWED MINIMUM ENERGY
      < 2p| 3p>= 9.1D-01
                     2p      0.4183167      1.1963247   1.6613576    9.57D-01
          ED =  -1.849016; ADJUSTED TO ALLOWED MINIMUM ENERGY
      < 3p| 2p>= 9.2D-03
                     3p      0.0009503      0.00904971001.5106046**  6.65D-01
          ED =  -1.104818; ADJUSTED TO ALLOWED MINIMUM ENERGY
                    3d2      0.0009494     -0.00187172776.5953785**  3.88D-01
      < 1s| 2s>=-6.9D-02
                     2s      0.5294304     -2.9341993   8.0603941**  1.24D+00
          ED =  -1.974695; ADJUSTED TO ALLOWED MINIMUM ENERGY
                    3d1      0.0009494     -0.0005356**************  4.15D-01
          ED =  -4.575771; ADJUSTED TO ALLOWED MINIMUM ENERGY
                    3d3      0.0009494     -0.0005357**************  3.02D-01
      < 1s| 2s>=-1.1D-07


          TOTAL ENERGY =       -5.184360736

      WEIGHTS
  1  1.0000  2 -0.0001  3  0.0000  4 -0.0021  5  0.0063

      LEAST SELF-CONSISTENT FUNCTION IS  2p :WEIGHTED MAXIMUM CHANGE =  1.35D+00


          ITERATION NUMBER  4
          ----------------

          CONVERGENCE CRITERIA:ENERGY  (CFGTOL)            =  2.7D-10
                              :FUNCTION(SCFTOL*SQRT(Z*NWF))=  3.7D-06

          C( 1s 2s) =     0.00213   V( 1s 2s) =     6.36625   EPS =-0.000335
          C( 2p 3p) =    -0.00726   V( 2p 3p) =     1.59974   EPS = 0.004541
          E( 3p 2p) =   297.25051   E( 2p 3p) =     0.00000
          E( 2s 1s) =     0.10168   E( 1s 2s) =     0.00000

                     EL         ED             AZ           NORM       DPM
      < 1s| 2s>=-4.7D-04
                     1s      7.3020525     10.3445958   1.0283798    7.00D-03
      < 3p| 2p>= 4.9D-03
                     2p      0.3733942      1.1658914   1.1727412    2.72D-02
      < 2p| 3p>=-3.0D-01
                     3p      1.8186073      1.4466865  56.1073087**  4.86D-01
                    3d2      1.7967020     -0.7136411 129.7783595**  7.33D-01
      < 1s| 2s>=-6.3D-04
                     2s      1.2966343     -2.1955478   1.0266900**  4.85D-02
                    3d1      0.3586450     -0.2597601  85.8280729**  5.08D-01
                    3d3      0.2045597     -0.1700496  95.9153003**  4.35D-01
      < 1s| 2s>=-1.3D-09


          TOTAL ENERGY =       -5.225296008

      WEIGHTS
  1  0.9001  2 -0.0879  3  0.0264  4 -0.1373  5  0.4031

      LEAST SELF-CONSISTENT FUNCTION IS  2p :WEIGHTED MAXIMUM CHANGE =  3.85D-02


          ITERATION NUMBER  5
          ----------------

          CONVERGENCE CRITERIA:ENERGY  (CFGTOL)            =  3.8D-10
                              :FUNCTION(SCFTOL*SQRT(Z*NWF))=  7.3D-06

          C( 1s 2s) =     0.02317   V( 1s 2s) =     5.29391   EPS =-0.004377
          C( 2p 3p) =    -0.02614   V( 2p 3p) =     1.10850   EPS = 0.023585
          E( 3p 2p) =     1.56796   E( 2p 3p) =     0.01428
          E( 2s 1s) =     0.10777   E( 1s 2s) =     0.01954

                     EL         ED             AZ           NORM       DPM
      < 1s| 2s>= 9.4D-05
                     1s      7.3935135     10.3609086   1.0009435    8.66D-04
      < 2p| 3p>= 3.3D-03
                     2p      0.4637956      1.1890927   1.0012788    3.42D-03
      < 2p| 3p>=-4.6D-02
                     3p      0.9504843      2.0174809   0.9803194**  1.14D-01
                    3d2      1.7472769     -0.6572834   1.2513407**  3.43D-01
      < 1s| 2s>=-2.9D-03
                     2s      1.0171902     -2.3289211   0.9951723**  1.69D-02
                    3d1      0.3478883     -0.2925008   1.0007687**  2.76D-03
                    3d3      0.2409324     -0.2025452   0.9336174**  4.38D-02
      < 1s| 2s>=-6.0D-09


          TOTAL ENERGY =       -5.227624874

      WEIGHTS
  1  0.9118  2 -0.0831  3  0.0475  4 -0.1364  5  0.3754

      LEAST SELF-CONSISTENT FUNCTION IS 3d3 :WEIGHTED MAXIMUM CHANGE =  1.76D-02


          ITERATION NUMBER  6
          ----------------

          CONVERGENCE CRITERIA:ENERGY  (CFGTOL)            =  5.4D-10
                              :FUNCTION(SCFTOL*SQRT(Z*NWF))=  1.5D-05

          C( 1s 2s) =    -0.00083   V( 1s 2s) =     5.40161   EPS = 0.000154
          C( 2p 3p) =    -0.00864   V( 2p 3p) =     1.37116   EPS = 0.006298
          E( 3p 2p) =     1.63397   E( 2p 3p) =     0.01359
          E( 2s 1s) =     0.12189   E( 1s 2s) =     0.01945

                     EL         ED             AZ           NORM       DPM
      < 1s| 2s>= 5.8D-05
                     1s      7.3684084     10.3597484   0.9999453    1.08D-04
      < 2p| 3p>= 3.0D-03
                     2p      0.4654829      1.2001218   0.9998899    3.33D-03
      < 2p| 3p>=-1.2D-02
                     3p      1.0083422      2.1230831   0.9893018**  2.15D-02
                    3d2      1.3523925     -0.5464578   1.0441068**  6.31D-02
      < 1s| 2s>= 1.1D-04
                     2s      1.0271420     -2.3045094   1.0000886**  1.19D-03
                    3d1      0.3614990     -0.3063523   0.9882563**  9.26D-03
                    3d3      0.2422143     -0.2064124   0.9930965**  4.19D-03
      < 1s| 2s>= 2.4D-10


          TOTAL ENERGY =       -5.227780912

      WEIGHTS
  1  0.9129  2 -0.0808  3  0.0527  4 -0.1351  5  0.3729

      LEAST SELF-CONSISTENT FUNCTION IS  2p :WEIGHTED MAXIMUM CHANGE =  4.29D-03


          ITERATION NUMBER  7
          ----------------

          CONVERGENCE CRITERIA:ENERGY  (CFGTOL)            =  7.5D-10
                              :FUNCTION(SCFTOL*SQRT(Z*NWF))=  2.9D-05

          C( 1s 2s) =    -0.00038   V( 1s 2s) =     5.41215   EPS = 0.000070
          C( 2p 3p) =     0.00071   V( 2p 3p) =     1.42273   EPS =-0.000500
          E( 3p 2p) =     1.67995   E( 2p 3p) =     0.01317
          E( 2s 1s) =     0.12126   E( 1s 2s) =     0.01907

                     EL         ED             AZ           NORM       DPM
      < 1s| 2s>=-4.4D-06
                     1s      7.3662289     10.3596059   0.9999996    5.19D-06
      < 2p| 3p>= 4.0D-04
                     2p      0.4650636      1.1995297   0.9999240    5.74D-04
      < 2p| 3p>=-1.7D-03
                     3p      1.0310035      2.1447412   0.9975445**  4.35D-03
                    3d2      1.2440491     -0.5112576   1.0100412**  1.76D-02
      < 1s| 2s>=-7.9D-06
                     2s      1.0282796     -2.3061008   1.0000255**  3.31D-04
                    3d1      0.3607191     -0.3069347   1.0002300**  2.78D-04
                    3d3      0.2420546     -0.2064899   0.9999917**  8.48D-05


          TOTAL ENERGY =       -5.227789148

      WEIGHTS
  1  0.9129  2 -0.0804  3  0.0539  4 -0.1351  5  0.3728

      LEAST SELF-CONSISTENT FUNCTION IS 3d2 :WEIGHTED MAXIMUM CHANGE =  1.31D-03


          ITERATION NUMBER  8
          ----------------

          CONVERGENCE CRITERIA:ENERGY  (CFGTOL)            =  1.1D-09
                              :FUNCTION(SCFTOL*SQRT(Z*NWF))=  5.9D-05

          C( 1s 2s) =     0.00001   V( 1s 2s) =     5.41215   EPS =-0.000002
          C( 2p 3p) =     0.00035   V( 2p 3p) =     1.43351   EPS =-0.000244
          E( 3p 2p) =     1.69033   E( 2p 3p) =     0.01310
          E( 2s 1s) =     0.12142   E( 1s 2s) =     0.01909

                     EL         ED             AZ           NORM       DPM
      < 1s| 2s>=-2.2D-06
                     1s      7.3663006     10.3596177   1.0000008    2.01D-06
      < 2p| 3p>= 3.5D-05
                     2p      0.4650346      1.1992286   0.9999857    8.55D-05
      < 2p| 3p>=-2.4D-04
                     3p      1.0351756      2.1483793   0.9995891**  7.33D-04
                    3d2      1.2197203     -0.5021537   1.0023456**  4.40D-03
      < 1s| 2s>=-7.8D-06
                     2s      1.0281878     -2.3059661   0.9999965**  3.42D-05
                    3d1      0.3604363     -0.3068631   1.0001876**  1.52D-04
                    3d3      0.2419853     -0.2064655   1.0001375**  9.10D-05


          TOTAL ENERGY =       -5.227789649

      WEIGHTS
  1  0.9129  2 -0.0803  3  0.0541  4 -0.1351  5  0.3728

      LEAST SELF-CONSISTENT FUNCTION IS 3d2 :WEIGHTED MAXIMUM CHANGE =  3.35D-04


          ITERATION NUMBER  9
          ----------------

          CONVERGENCE CRITERIA:ENERGY  (CFGTOL)            =  1.5D-09
                              :FUNCTION(SCFTOL*SQRT(Z*NWF))=  1.2D-04

          C( 1s 2s) =     0.00001   V( 1s 2s) =     5.41215   EPS =-0.000001
          C( 2p 3p) =     0.00009   V( 2p 3p) =     1.43529   EPS =-0.000062
          E( 3p 2p) =     1.69205   E( 2p 3p) =     0.01310
          E( 2s 1s) =     0.12146   E( 1s 2s) =     0.01910

                     EL         ED             AZ           NORM       DPM
      < 1s| 2s>=-5.5D-07
                     1s      7.3663767     10.3596213   1.0000003    5.98D-07
      < 2p| 3p>= 7.8D-07
                     2p      0.4650431      1.1991523   0.9999976    1.13D-05
      < 2p| 3p>=-3.1D-05
                     3p      1.0357643      2.1488407   0.9999500**  9.66D-05
                    3d2      1.2140717     -0.4999168   1.0005594**  1.07D-03
      < 1s| 2s>=-3.1D-06
                     2s      1.0281485     -2.3059189   0.9999961**  6.13D-06
                    3d1      0.3603882     -0.3068432   1.0000377**  3.03D-05
                    3d3      0.2419718     -0.2064584   1.0000342**  2.20D-05


          TOTAL ENERGY =       -5.227789677

      WEIGHTS
  1  0.9129  2 -0.0803  3  0.0542  4 -0.1351  5  0.3728

      LEAST SELF-CONSISTENT FUNCTION IS 3d2 :WEIGHTED MAXIMUM CHANGE =  8.19D-05


          ITERATION NUMBER 10
          ----------------

          CONVERGENCE CRITERIA:ENERGY  (CFGTOL)            =  2.1D-09
                              :FUNCTION(SCFTOL*SQRT(Z*NWF))=  2.3D-04

          C( 1s 2s) =     0.00000   V( 1s 2s) =     5.41215   EPS = 0.000000
          C( 2p 3p) =     0.00002   V( 2p 3p) =     1.43529   EPS =-0.000015
          E( 3p 2p) =     1.69228   E( 2p 3p) =     0.01310
          E( 2s 1s) =     0.12146   E( 1s 2s) =     0.01910

                     EL         ED             AZ           NORM       DPM
      < 1s| 2s>=-1.5D-07
                     1s      7.3664007     10.3596223   1.0000001    1.74D-07
      < 2p| 3p>=-1.1D-06
                     2p      0.4650475      1.1991321   0.9999997    2.20D-06
      < 2p| 3p>=-1.9D-06
                     3p      1.0358204      2.1488646   0.9999984**  6.39D-06
                    3d2      1.2127201     -0.4993715   1.0001356**  2.61D-04
      < 1s| 2s>=-9.8D-07
                     2s      1.0281395     -2.3059050   0.9999985**  2.45D-06
                    3d1      0.3603794     -0.3068383   1.0000084**  6.65D-06
                    3d3      0.2419685     -0.2064557   1.0000094**  5.81D-06


          TOTAL ENERGY =       -5.227789679

      WEIGHTS
  1  0.9129  2 -0.0803  3  0.0542  4 -0.1351  5  0.3728

      LEAST SELF-CONSISTENT FUNCTION IS 3d2 :WEIGHTED MAXIMUM CHANGE =  2.00D-05


          ITERATION NUMBER 11
          ----------------

          CONVERGENCE CRITERIA:ENERGY  (CFGTOL)            =  2.9D-09
                              :FUNCTION(SCFTOL*SQRT(Z*NWF))=  4.7D-04

          C( 1s 2s) =     0.00000   V( 1s 2s) =     5.41215   EPS = 0.000000
          C( 2p 3p) =     0.00001   V( 2p 3p) =     1.43529   EPS =-0.000004
          E( 3p 2p) =     1.69230   E( 2p 3p) =     0.01310
          E( 2s 1s) =     0.12146   E( 1s 2s) =     0.01910

                     EL         ED             AZ           NORM       DPM
      < 1s| 2s>=-4.0D-08
                     1s      7.3664080     10.3596226   1.0000000    4.95D-08
      < 2p| 3p>=-5.6D-07
                     2p      0.4650489      1.1991265   1.0000000    6.07D-07
      < 2p| 3p>= 6.9D-07
                     3p      1.0358216      2.1488543   1.0000015**  2.31D-06
                    3d2      1.2124028     -0.4992396   1.0000326**  6.29D-05
      < 1s| 2s>=-3.0D-07
                     2s      1.0281378     -2.3059017   0.9999995**  8.26D-07
                    3d1      0.3603797     -0.3068378   1.0000009**  7.32D-07
                    3d3      0.2419680     -0.2064549   1.0000022**  1.35D-06


          TOTAL ENERGY =       -5.227789679

      WEIGHTS
  1  0.9129  2 -0.0803  3  0.0542  4 -0.1351  5  0.3728


     ENERGY (a.u.)
     ------
           Total                  -5.227789679
           Potential             -10.455581001
           Kinetic                 5.227791322
           Ratio                   1.999999686
   Li    2D        -5.2277897

  1s( 1)  2p( 2)                         0.9129014
     2S1     1D2     2D0                                                
  1s( 1)  3p( 2)                        -0.0803078
     2S1     1D2     2D0                                                
  1s( 1) 3d2( 2)                         0.0541898
     2S1     1D2     2D0                                                
  1s( 1)  2s( 1) 3d1( 1)                -0.1351136
     2S1     2S1     2D1     1S0     2D0                                
  1s( 1)  2s( 1) 3d3( 1)                 0.3727861
     2S1     2S1     2D1     3S0     2D0                                
  1s( 2) kdc( 1)                         1.0
     1S0     2D1     2D0



                    ============================
                       N O N - W E I G H T S    
                    ============================



 STATE  (WITH  6 CONFIGURATIONS):
 -------------------------------


 THERE ARE  8 ORBITALS AS FOLLOWS:

       1s  2p  3p 3d2  2s 3d1 3d3 kdc

 CONFIGURATION  1 ( OCCUPIED ORBITALS= 2 ):  1s( 1)  2p( 2)
                           COUPLING SCHEME:     2S1     1D2
                                                           2D0

 CONFIGURATION  2 ( OCCUPIED ORBITALS= 2 ):  1s( 1)  3p( 2)
                           COUPLING SCHEME:     2S1     1D2
                                                           2D0

 CONFIGURATION  3 ( OCCUPIED ORBITALS= 2 ):  1s( 1) 3d2( 2)
                           COUPLING SCHEME:     2S1     1D2
                                                           2D0

 CONFIGURATION  4 ( OCCUPIED ORBITALS= 3 ):  1s( 1)  2s( 1) 3d1( 1)
                           COUPLING SCHEME:     2S1     2S1     2D1
                                                           1S0     2D0

 CONFIGURATION  5 ( OCCUPIED ORBITALS= 3 ):  1s( 1)  2s( 1) 3d3( 1)
                           COUPLING SCHEME:     2S1     2S1     2D1
                                                           3S0     2D0

 CONFIGURATION  6 ( OCCUPIED ORBITALS= 2 ):  1s( 2) kdc( 1)
                           COUPLING SCHEME:     1S0     2D1
                                                           2D0


          ============================================
                  A U T O _ I O N I Z A T I O N       
          ============================================


          THE DIMENSIONS FOR THE CURRENT VERSION ARE:
             NCD=100       NWD= 30        NO=220



 Li    2D        3.   220  8  1  6  F  T

  F.0D+00.1D-05 20  00.0  5  F


 *** CALCULATIONS FOR k^2 =   4.01725




          WEAK ORTHOGONALIZATION DURING THE SCF CYCLE=   F
          ACCELERATING PARAMETER FOR MCHF ITERATION  = 0.00
          SCF CONVERGENCE TOLERANCE (FUNCTIONS)      = 1.00D-06
          NUMBER OF POINTS IN THE MAXIMUM RANGE      = 220
          RELATIVISTIC DIAGONAL  ENERGY CORRECTIONS  =   F


 Outer region reduced by   93points in CSOLVE. 
  End of range:     16.060899430366 au.
                    kdc      0.0070780      0.7874451   0.7874451 c  2.70D-01


          ITERATION NUMBER  1
          ----------------
          CONVERGENCE CRITERIA =  1.0D-06


                     EL      ED/DELTA          AZ           NORM       DPM
                    kdc      0.0166828      0.8331957   1.0581001 c  5.49D-02

      LEAST SELF-CONSISTENT FUNCTION IS kdc :WEIGHTED MAXIMUM CHANGE =  5.49D-02


          ITERATION NUMBER  2
          ----------------
          CONVERGENCE CRITERIA =  1.3D-06


                     EL      ED/DELTA          AZ           NORM       DPM
                    kdc      0.0162580      0.8316465   0.9981406 c  1.86D-03

      LEAST SELF-CONSISTENT FUNCTION IS kdc :WEIGHTED MAXIMUM CHANGE =  1.86D-03


          ITERATION NUMBER  3
          ----------------
          CONVERGENCE CRITERIA =  1.7D-06


                     EL      ED/DELTA          AZ           NORM       DPM
                    kdc      0.0162707      0.8316908   1.0000533 c  5.33D-05

      LEAST SELF-CONSISTENT FUNCTION IS kdc :WEIGHTED MAXIMUM CHANGE =  5.33D-05


          ITERATION NUMBER  4
          ----------------
          CONVERGENCE CRITERIA =  2.2D-06


                     EL      ED/DELTA          AZ           NORM       DPM
                    kdc      0.0162704      0.8316896   0.9999985 c  1.50D-06

      LEAST SELF-CONSISTENT FUNCTION IS kdc :WEIGHTED MAXIMUM CHANGE =  1.50D-06


          ITERATION NUMBER  5
          ----------------
          CONVERGENCE CRITERIA =  2.9D-06


                     EL      ED/DELTA          AZ           NORM       DPM
                    kdc      0.0162704      0.8316896   1.0000000 c  4.23D-08

          ====================================
              AUTOIONIZATION CALCULATION       
          ====================================




          Energy of Target:   -7.23641520

          Continuum State:
          ===============

            1s( 2) kdc( 1)                        
               1S0     2D1     2D0                                                



          Continuum electron: k^2/2=   2.00863 au.
          =======================================


          Discrete State, main component:
          ------------------------------

     1        1s( 1)  2p( 2)                        
                 2S1     1D2     2D0                                                

          Auto-ionization Data
          --------------------

                     Interaction, V       =  -8.2674E-03 au
                     Half-Line Width      =   2.1473E-04 au
                                              5.8427E-03 ev
                                              4.7127E+01 cm-1
                     Auto-ionization rate =   1.7755E+13 s-1
                     Half-Life            =   5.6324E-14 s



                    =======================
                     B R E I T - P A U L I 
                    =======================





 THE TYPE OF CALCULATION IS DEFINED BY THE FOLLOWING PARAMETERS - 
      BREIT-PAULI OPERATORS             IREL   = 2
      PHASE CONVENTION PARAMETER        ICSTAS = 1

1



                             ---------------------
                             THE CONFIGURATION SET
                             ---------------------





 STATE  (WITH 28 CONFIGURATIONS):
 -------------------------------


 THERE ARE  7 ORBITALS AS FOLLOWS:

       1s  2p  3p  2s 3d1 3d3 3d2

 CONFIGURATION  1 ( OCCUPIED ORBITALS= 2 ):  1s( 1)  2p( 2)
                           COUPLING SCHEME:     2S1     1S0
                                                           2S0

 CONFIGURATION  2 ( OCCUPIED ORBITALS= 2 ):  1s( 1)  2p( 2)
                           COUPLING SCHEME:     2S1     1D2
                                                           2D0

 CONFIGURATION  3 ( OCCUPIED ORBITALS= 2 ):  1s( 1)  2p( 2)
                           COUPLING SCHEME:     2S1     3P2
                                                           2P0

 CONFIGURATION  4 ( OCCUPIED ORBITALS= 2 ):  1s( 1)  2p( 2)
                           COUPLING SCHEME:     2S1     3P2
                                                           4P0

 CONFIGURATION  5 ( OCCUPIED ORBITALS= 3 ):  1s( 1)  2p( 1)  3p( 1)
                           COUPLING SCHEME:     2S1     2P1     2P1
                                                           1P0     2S0

 CONFIGURATION  6 ( OCCUPIED ORBITALS= 3 ):  1s( 1)  2p( 1)  3p( 1)
                           COUPLING SCHEME:     2S1     2P1     2P1
                                                           1P0     2P0

 CONFIGURATION  7 ( OCCUPIED ORBITALS= 3 ):  1s( 1)  2p( 1)  3p( 1)
                           COUPLING SCHEME:     2S1     2P1     2P1
                                                           1P0     2D0

 CONFIGURATION  8 ( OCCUPIED ORBITALS= 3 ):  1s( 1)  2p( 1)  3p( 1)
                           COUPLING SCHEME:     2S1     2P1     2P1
                                                           3P0     2S0

 CONFIGURATION  9 ( OCCUPIED ORBITALS= 3 ):  1s( 1)  2p( 1)  3p( 1)
                           COUPLING SCHEME:     2S1     2P1     2P1
                                                           3P0     2P0

 CONFIGURATION 10 ( OCCUPIED ORBITALS= 3 ):  1s( 1)  2p( 1)  3p( 1)
                           COUPLING SCHEME:     2S1     2P1     2P1
                                                           3P0     2D0

 CONFIGURATION 11 ( OCCUPIED ORBITALS= 3 ):  1s( 1)  2p( 1)  3p( 1)
                           COUPLING SCHEME:     2S1     2P1     2P1
                                                           3P0     4S0

 CONFIGURATION 12 ( OCCUPIED ORBITALS= 3 ):  1s( 1)  2p( 1)  3p( 1)
                           COUPLING SCHEME:     2S1     2P1     2P1
                                                           3P0     4P0

 CONFIGURATION 13 ( OCCUPIED ORBITALS= 3 ):  1s( 1)  2p( 1)  3p( 1)
                           COUPLING SCHEME:     2S1     2P1     2P1
                                                           3P0     4D0

 CONFIGURATION 14 ( OCCUPIED ORBITALS= 2 ):  1s( 1)  3p( 2)
                           COUPLING SCHEME:     2S1     1S0
                                                           2S0

 CONFIGURATION 15 ( OCCUPIED ORBITALS= 2 ):  1s( 1)  3p( 2)
                           COUPLING SCHEME:     2S1     1D2
                                                           2D0

 CONFIGURATION 16 ( OCCUPIED ORBITALS= 2 ):  1s( 1)  3p( 2)
                           COUPLING SCHEME:     2S1     3P2
                                                           2P0

 CONFIGURATION 17 ( OCCUPIED ORBITALS= 2 ):  1s( 1)  3p( 2)
                           COUPLING SCHEME:     2S1     3P2
                                                           4P0

 CONFIGURATION 18 ( OCCUPIED ORBITALS= 3 ):  1s( 1)  2s( 1) 3d1( 1)
                           COUPLING SCHEME:     2S1     2S1     2D1
                                                           1S0     2D0

 CONFIGURATION 19 ( OCCUPIED ORBITALS= 3 ):  1s( 1)  2s( 1) 3d3( 1)
                           COUPLING SCHEME:     2S1     2S1     2D1
                                                           3S0     2D0

 CONFIGURATION 20 ( OCCUPIED ORBITALS= 3 ):  1s( 1)  2s( 1) 3d3( 1)
                           COUPLING SCHEME:     2S1     2S1     2D1
                                                           3S0     4D0

 CONFIGURATION 21 ( OCCUPIED ORBITALS= 2 ):  1s( 1) 3d2( 2)
                           COUPLING SCHEME:     2S1     1S0
                                                           2S0

 CONFIGURATION 22 ( OCCUPIED ORBITALS= 2 ):  1s( 1) 3d2( 2)
                           COUPLING SCHEME:     2S1     1D2
                                                           2D0

 CONFIGURATION 23 ( OCCUPIED ORBITALS= 2 ):  1s( 1) 3d2( 2)
                           COUPLING SCHEME:     2S1     1G2
                                                           2G0

 CONFIGURATION 24 ( OCCUPIED ORBITALS= 2 ):  1s( 1) 3d2( 2)
                           COUPLING SCHEME:     2S1     3P2
                                                           2P0

 CONFIGURATION 25 ( OCCUPIED ORBITALS= 2 ):  1s( 1) 3d2( 2)
                           COUPLING SCHEME:     2S1     3P2
                                                           4P0

 CONFIGURATION 26 ( OCCUPIED ORBITALS= 2 ):  1s( 1) 3d2( 2)
                           COUPLING SCHEME:     2S1     3F2
                                                           2F0

 CONFIGURATION 27 ( OCCUPIED ORBITALS= 2 ):  1s( 1) 3d2( 2)
                           COUPLING SCHEME:     2S1     3F2
                                                           4F0

 CONFIGURATION 28 ( OCCUPIED ORBITALS= 2 ):  1s( 1)  2s( 2)
                           COUPLING SCHEME:     2S1     1S0
                                                           2S0


 MATRIX ELEMENTS CONSTRUCTED USING THE SPHERICAL HARMONIC PHASE CONVENTION OF

                CONDON AND SHORTLEY, THEORY OF ATOMIC STRUCTURE
                -----------------------------------------------




                    ===========================
                     CONFIGURATION INTERACTION 
                    ===========================



   ATOM = Li       Z =  3.



    4 EIGENVALUES FOUND 

    -5.39668461  1s.2s(2)_2S
   0.397512  0.000000  0.000000  0.000000 -0.050412  0.000000  0.000000
   0.045945  0.000000  0.000000  0.000000  0.000000  0.000000 -0.006540
   0.000000  0.000000  0.000000  0.000000  0.000000  0.000000 -0.008653
   0.000000  0.000000  0.000000  0.000000  0.000000  0.000000  0.914994

    -5.24065010  1s.2p(2)3P2_4P
   0.000000  0.000000  0.000000  0.991676  0.000000  0.000000  0.000000
   0.000000  0.000000  0.000000  0.000000  0.064149  0.000000  0.000000
   0.000000  0.000000 -0.077395  0.000000  0.000000  0.000000  0.000000
   0.000000  0.000000  0.000000  0.080462  0.000000  0.000000  0.000000

    -5.23021421  1s.2p(2)1D2_2D
   0.000000  0.910292  0.000000  0.000000  0.000000  0.000000 -0.071201
   0.000000  0.000000 -0.037462  0.000000  0.000000  0.000000  0.000000
  -0.082923  0.000000  0.000000 -0.129366  0.371975  0.000000  0.000000
   0.054021  0.000000  0.000000  0.000000  0.000000  0.000000  0.000000

    -5.20802815  1s.2p(2)3P2_2P
   0.000000  0.000000  0.987629  0.000000  0.000000  0.020952  0.000000
   0.000000 -0.108868  0.000000  0.000000  0.000000  0.000000  0.000000
   0.000000 -0.074997  0.000000  0.000000  0.000000  0.000000  0.000000
   0.000000  0.000000  0.081691  0.000000  0.000000  0.000000  0.000000


    2 EIGENVALUES FOUND 

    -5.24065401  1s.2p(2)3P2_4P
   0.000000 -0.000811  0.000000  0.991675  0.000000  0.000000  0.000028
   0.000000  0.000000 -0.000018  0.000000  0.064160  0.000013  0.000000
   0.000073  0.000000 -0.077391  0.000112 -0.000307  0.000005  0.000000
  -0.000050  0.000000  0.000000  0.080460  0.000000 -0.000001  0.000000

    -5.23022498  1s.2p(2)1D2_2D
   0.000000  0.910302  0.000000  0.000871  0.000000  0.000000 -0.071189
   0.000000  0.000000 -0.037423  0.000000  0.000032 -0.000053  0.000000
  -0.082925  0.000000 -0.000069 -0.129365  0.371956 -0.000003  0.000000
   0.054023  0.000000  0.000000  0.000071 -0.000001  0.000001  0.000000


    3 EIGENVALUES FOUND 

    -5.24064355  1s.2p(2)3P2_4P
   0.000000  0.000421 -0.000426  0.991676  0.000000 -0.000027 -0.000072
   0.000000  0.000003 -0.000028 -0.000001  0.064132 -0.000028  0.000000
  -0.000040  0.000035 -0.077398 -0.000060  0.000161  0.000014  0.000000
   0.000025  0.000000 -0.000036  0.080464  0.000000  0.000000  0.000000

    -5.23019805  1s.2p(2)1D2_2D
   0.000000  0.910277 -0.000303 -0.000459  0.000000  0.000008 -0.071219
   0.000000 -0.000028 -0.037521  0.000021 -0.000020 -0.000006  0.000000
  -0.082919  0.000024  0.000034 -0.129367  0.372002 -0.000004  0.000000
   0.054019  0.000000 -0.000025 -0.000038  0.000000  0.000001  0.000000

    -5.20802265  1s.2p(2)3P2_2P
   0.000000  0.000270  0.987630  0.000427  0.000000  0.020935  0.000039
   0.000000 -0.108867  0.000002 -0.000080 -0.000008  0.000046  0.000000
  -0.000023 -0.074993 -0.000030 -0.000040  0.000132 -0.000006  0.000000
   0.000014  0.000000  0.081690  0.000034  0.000000  0.000000  0.000000


    3 EIGENVALUES FOUND 

    -5.39668462  1s.2s(2)_2S
   0.397512  0.000000 -0.000022  0.000038 -0.050412  0.000003  0.000000
   0.045945 -0.000020  0.000000  0.000000  0.000014 -0.000008 -0.006540
   0.000000  0.000001 -0.000001  0.000000  0.000000 -0.000008 -0.008653
   0.000000  0.000000 -0.000001  0.000003  0.000000  0.000000  0.914994

    -5.24065152  1s.2p(2)3P2_4P
   0.000071  0.000000 -0.000147  0.991675  0.000066  0.000007  0.000000
   0.000060 -0.000031  0.000000  0.000000  0.064150 -0.000029 -0.000012
   0.000000  0.000010 -0.077398  0.000000  0.000000  0.000011  0.000018
   0.000000  0.000000 -0.000012  0.080464  0.000000  0.000000 -0.000073

    -5.20803914  1s.2p(2)3P2_2P
  -0.000082  0.000000  0.987627  0.000143  0.000077  0.020985  0.000000
   0.000032 -0.108870  0.000000  0.000000 -0.000005  0.000124  0.000017
   0.000000 -0.075005 -0.000012  0.000000  0.000000 -0.000007 -0.000019
   0.000000  0.000000  0.081692  0.000012  0.000000  0.000000  0.000060



                    ============================
                       N O N - W E I G H T S    
                    ============================



 STATE  (WITH 29 CONFIGURATIONS):
 -------------------------------


 THERE ARE  8 ORBITALS AS FOLLOWS:

       1s  2p  3p  2s 3d1 3d3 3d2 kdc

 CONFIGURATION  1 ( OCCUPIED ORBITALS= 2 ):  1s( 1)  2p( 2)
                           COUPLING SCHEME:     2S1     1S0
                                                           2S0

 CONFIGURATION  2 ( OCCUPIED ORBITALS= 2 ):  1s( 1)  2p( 2)
                           COUPLING SCHEME:     2S1     1D2
                                                           2D0

 CONFIGURATION  3 ( OCCUPIED ORBITALS= 2 ):  1s( 1)  2p( 2)
                           COUPLING SCHEME:     2S1     3P2
                                                           2P0

 CONFIGURATION  4 ( OCCUPIED ORBITALS= 2 ):  1s( 1)  2p( 2)
                           COUPLING SCHEME:     2S1     3P2
                                                           4P0

 CONFIGURATION  5 ( OCCUPIED ORBITALS= 3 ):  1s( 1)  2p( 1)  3p( 1)
                           COUPLING SCHEME:     2S1     2P1     2P1
                                                           1P0     2S0

 CONFIGURATION  6 ( OCCUPIED ORBITALS= 3 ):  1s( 1)  2p( 1)  3p( 1)
                           COUPLING SCHEME:     2S1     2P1     2P1
                                                           1P0     2P0

 CONFIGURATION  7 ( OCCUPIED ORBITALS= 3 ):  1s( 1)  2p( 1)  3p( 1)
                           COUPLING SCHEME:     2S1     2P1     2P1
                                                           1P0     2D0

 CONFIGURATION  8 ( OCCUPIED ORBITALS= 3 ):  1s( 1)  2p( 1)  3p( 1)
                           COUPLING SCHEME:     2S1     2P1     2P1
                                                           3P0     2S0

 CONFIGURATION  9 ( OCCUPIED ORBITALS= 3 ):  1s( 1)  2p( 1)  3p( 1)
                           COUPLING SCHEME:     2S1     2P1     2P1
                                                           3P0     2P0

 CONFIGURATION 10 ( OCCUPIED ORBITALS= 3 ):  1s( 1)  2p( 1)  3p( 1)
                           COUPLING SCHEME:     2S1     2P1     2P1
                                                           3P0     2D0

 CONFIGURATION 11 ( OCCUPIED ORBITALS= 3 ):  1s( 1)  2p( 1)  3p( 1)
                           COUPLING SCHEME:     2S1     2P1     2P1
                                                           3P0     4S0

 CONFIGURATION 12 ( OCCUPIED ORBITALS= 3 ):  1s( 1)  2p( 1)  3p( 1)
                           COUPLING SCHEME:     2S1     2P1     2P1
                                                           3P0     4P0

 CONFIGURATION 13 ( OCCUPIED ORBITALS= 3 ):  1s( 1)  2p( 1)  3p( 1)
                           COUPLING SCHEME:     2S1     2P1     2P1
                                                           3P0     4D0

 CONFIGURATION 14 ( OCCUPIED ORBITALS= 2 ):  1s( 1)  3p( 2)
                           COUPLING SCHEME:     2S1     1S0
                                                           2S0

 CONFIGURATION 15 ( OCCUPIED ORBITALS= 2 ):  1s( 1)  3p( 2)
                           COUPLING SCHEME:     2S1     1D2
                                                           2D0

 CONFIGURATION 16 ( OCCUPIED ORBITALS= 2 ):  1s( 1)  3p( 2)
                           COUPLING SCHEME:     2S1     3P2
                                                           2P0

 CONFIGURATION 17 ( OCCUPIED ORBITALS= 2 ):  1s( 1)  3p( 2)
                           COUPLING SCHEME:     2S1     3P2
                                                           4P0

 CONFIGURATION 18 ( OCCUPIED ORBITALS= 3 ):  1s( 1)  2s( 1) 3d1( 1)
                           COUPLING SCHEME:     2S1     2S1     2D1
                                                           1S0     2D0

 CONFIGURATION 19 ( OCCUPIED ORBITALS= 3 ):  1s( 1)  2s( 1) 3d3( 1)
                           COUPLING SCHEME:     2S1     2S1     2D1
                                                           3S0     2D0

 CONFIGURATION 20 ( OCCUPIED ORBITALS= 3 ):  1s( 1)  2s( 1) 3d3( 1)
                           COUPLING SCHEME:     2S1     2S1     2D1
                                                           3S0     4D0

 CONFIGURATION 21 ( OCCUPIED ORBITALS= 2 ):  1s( 1) 3d2( 2)
                           COUPLING SCHEME:     2S1     1S0
                                                           2S0

 CONFIGURATION 22 ( OCCUPIED ORBITALS= 2 ):  1s( 1) 3d2( 2)
                           COUPLING SCHEME:     2S1     1D2
                                                           2D0

 CONFIGURATION 23 ( OCCUPIED ORBITALS= 2 ):  1s( 1) 3d2( 2)
                           COUPLING SCHEME:     2S1     1G2
                                                           2G0

 CONFIGURATION 24 ( OCCUPIED ORBITALS= 2 ):  1s( 1) 3d2( 2)
                           COUPLING SCHEME:     2S1     3P2
                                                           2P0

 CONFIGURATION 25 ( OCCUPIED ORBITALS= 2 ):  1s( 1) 3d2( 2)
                           COUPLING SCHEME:     2S1     3P2
                                                           4P0

 CONFIGURATION 26 ( OCCUPIED ORBITALS= 2 ):  1s( 1) 3d2( 2)
                           COUPLING SCHEME:     2S1     3F2
                                                           2F0

 CONFIGURATION 27 ( OCCUPIED ORBITALS= 2 ):  1s( 1) 3d2( 2)
                           COUPLING SCHEME:     2S1     3F2
                                                           4F0

 CONFIGURATION 28 ( OCCUPIED ORBITALS= 2 ):  1s( 1)  2s( 2)
                           COUPLING SCHEME:     2S1     1S0
                                                           2S0

 CONFIGURATION 29 ( OCCUPIED ORBITALS= 2 ):  1s( 2) kdc( 1)
                           COUPLING SCHEME:     1S0     2D1
                                                           2D0


          ============================================
                  A U T O _ I O N I Z A T I O N       
          ============================================


          THE DIMENSIONS FOR THE CURRENT VERSION ARE:
             NCD=100       NWD= 30        NO=220



 Li    LSJ       3.   220  8  1 29  F  T

  F.0D+00.1D-05 20  00.0 28  F


 *** CALCULATIONS FOR k^2 =   3.99259




          WEAK ORTHOGONALIZATION DURING THE SCF CYCLE=   F
          ACCELERATING PARAMETER FOR MCHF ITERATION  = 0.00
          SCF CONVERGENCE TOLERANCE (FUNCTIONS)      = 1.00D-06
          NUMBER OF POINTS IN THE MAXIMUM RANGE      = 220
          RELATIVISTIC DIAGONAL  ENERGY CORRECTIONS  =   F


 Outer region reduced by   93points in CSOLVE. 
  End of range:     16.060899430366 au.
                    kdc      0.0070227      0.7830293   0.7830293 c  2.77D-01


          ITERATION NUMBER  1
          ----------------
          CONVERGENCE CRITERIA =  1.0D-06


                     EL      ED/DELTA          AZ           NORM       DPM
                    kdc      0.0165765      0.8285622   1.0581496 c  5.50D-02

      LEAST SELF-CONSISTENT FUNCTION IS kdc :WEIGHTED MAXIMUM CHANGE =  5.50D-02


          ITERATION NUMBER  2
          ----------------
          CONVERGENCE CRITERIA =  1.3D-06


                     EL      ED/DELTA          AZ           NORM       DPM
                    kdc      0.0161535      0.8270186   0.9981370 c  1.87D-03

      LEAST SELF-CONSISTENT FUNCTION IS kdc :WEIGHTED MAXIMUM CHANGE =  1.87D-03


          ITERATION NUMBER  3
          ----------------
          CONVERGENCE CRITERIA =  1.7D-06


                     EL      ED/DELTA          AZ           NORM       DPM
                    kdc      0.0161662      0.8270628   1.0000535 c  5.35D-05

      LEAST SELF-CONSISTENT FUNCTION IS kdc :WEIGHTED MAXIMUM CHANGE =  5.35D-05


          ITERATION NUMBER  4
          ----------------
          CONVERGENCE CRITERIA =  2.2D-06


                     EL      ED/DELTA          AZ           NORM       DPM
                    kdc      0.0161659      0.8270616   0.9999985 c  1.51D-06

      LEAST SELF-CONSISTENT FUNCTION IS kdc :WEIGHTED MAXIMUM CHANGE =  1.51D-06


          ITERATION NUMBER  5
          ----------------
          CONVERGENCE CRITERIA =  2.9D-06


                     EL      ED/DELTA          AZ           NORM       DPM
                    kdc      0.0161659      0.8270616   1.0000000 c  4.25D-08


 *** CALCULATIONS FOR k^2 =   4.01345




          WEAK ORTHOGONALIZATION DURING THE SCF CYCLE=   F
          ACCELERATING PARAMETER FOR MCHF ITERATION  = 0.00
          SCF CONVERGENCE TOLERANCE (FUNCTIONS)      = 1.00D-06
          NUMBER OF POINTS IN THE MAXIMUM RANGE      = 220
          RELATIVISTIC DIAGONAL  ENERGY CORRECTIONS  =   F




          ITERATION NUMBER  1
          ----------------
          CONVERGENCE CRITERIA =  1.0D-06


                     EL      ED/DELTA          AZ           NORM       DPM
 Outer region reduced by   93points in CSOLVE. 
  End of range:     16.060899430366 au.
                    kdc      0.0162775      0.8310325   1.0048011 c  4.78D-03

      LEAST SELF-CONSISTENT FUNCTION IS kdc :WEIGHTED MAXIMUM CHANGE =  4.78D-03


          ITERATION NUMBER  2
          ----------------
          CONVERGENCE CRITERIA =  1.3D-06


                     EL      ED/DELTA          AZ           NORM       DPM
                    kdc      0.0162538      0.8309739   0.9999296 c  7.04D-05

      LEAST SELF-CONSISTENT FUNCTION IS kdc :WEIGHTED MAXIMUM CHANGE =  7.04D-05


          ITERATION NUMBER  3
          ----------------
          CONVERGENCE CRITERIA =  1.7D-06


                     EL      ED/DELTA          AZ           NORM       DPM
                    kdc      0.0162543      0.8309754   1.0000018 c  1.80D-06

      LEAST SELF-CONSISTENT FUNCTION IS kdc :WEIGHTED MAXIMUM CHANGE =  1.80D-06


          ITERATION NUMBER  4
          ----------------
          CONVERGENCE CRITERIA =  2.2D-06


                     EL      ED/DELTA          AZ           NORM       DPM
                    kdc      0.0162543      0.8309754   1.0000000 c  5.00D-08

      LEAST SELF-CONSISTENT FUNCTION IS kdc :WEIGHTED MAXIMUM CHANGE =  5.00D-08


          ITERATION NUMBER  5
          ----------------
          CONVERGENCE CRITERIA =  2.9D-06


                     EL      ED/DELTA          AZ           NORM       DPM
                    kdc      0.0162543      0.8309754   1.0000000 c  1.40D-09


 *** CALCULATIONS FOR k^2 =   3.99261




          WEAK ORTHOGONALIZATION DURING THE SCF CYCLE=   F
          ACCELERATING PARAMETER FOR MCHF ITERATION  = 0.00
          SCF CONVERGENCE TOLERANCE (FUNCTIONS)      = 1.00D-06
          NUMBER OF POINTS IN THE MAXIMUM RANGE      = 220
          RELATIVISTIC DIAGONAL  ENERGY CORRECTIONS  =   F




          ITERATION NUMBER  1
          ----------------
          CONVERGENCE CRITERIA =  1.0D-06


                     EL      ED/DELTA          AZ           NORM       DPM
 Outer region reduced by   93points in CSOLVE. 
  End of range:     16.060899430366 au.
                    kdc      0.0161429      0.8270088   0.9952266 c  4.80D-03

      LEAST SELF-CONSISTENT FUNCTION IS kdc :WEIGHTED MAXIMUM CHANGE =  4.80D-03


          ITERATION NUMBER  2
          ----------------
          CONVERGENCE CRITERIA =  1.3D-06


                     EL      ED/DELTA          AZ           NORM       DPM
                    kdc      0.0161664      0.8270670   1.0000703 c  7.03D-05

      LEAST SELF-CONSISTENT FUNCTION IS kdc :WEIGHTED MAXIMUM CHANGE =  7.03D-05


          ITERATION NUMBER  3
          ----------------
          CONVERGENCE CRITERIA =  1.7D-06


                     EL      ED/DELTA          AZ           NORM       DPM
                    kdc      0.0161660      0.8270655   0.9999982 c  1.80D-06

      LEAST SELF-CONSISTENT FUNCTION IS kdc :WEIGHTED MAXIMUM CHANGE =  1.80D-06


          ITERATION NUMBER  4
          ----------------
          CONVERGENCE CRITERIA =  2.2D-06


                     EL      ED/DELTA          AZ           NORM       DPM
                    kdc      0.0161660      0.8270656   1.0000000 c  5.00D-08

      LEAST SELF-CONSISTENT FUNCTION IS kdc :WEIGHTED MAXIMUM CHANGE =  5.00D-08


          ITERATION NUMBER  5
          ----------------
          CONVERGENCE CRITERIA =  2.9D-06


                     EL      ED/DELTA          AZ           NORM       DPM
                    kdc      0.0161660      0.8270656   1.0000000 c  1.40D-09


 *** CALCULATIONS FOR k^2 =   4.01350




          WEAK ORTHOGONALIZATION DURING THE SCF CYCLE=   F
          ACCELERATING PARAMETER FOR MCHF ITERATION  = 0.00
          SCF CONVERGENCE TOLERANCE (FUNCTIONS)      = 1.00D-06
          NUMBER OF POINTS IN THE MAXIMUM RANGE      = 220
          RELATIVISTIC DIAGONAL  ENERGY CORRECTIONS  =   F




          ITERATION NUMBER  1
          ----------------
          CONVERGENCE CRITERIA =  1.0D-06


                     EL      ED/DELTA          AZ           NORM       DPM
 Outer region reduced by   93points in CSOLVE. 
  End of range:     16.060899430366 au.
                    kdc      0.0162778      0.8310427   1.0048087 c  4.79D-03

      LEAST SELF-CONSISTENT FUNCTION IS kdc :WEIGHTED MAXIMUM CHANGE =  4.79D-03


          ITERATION NUMBER  2
          ----------------
          CONVERGENCE CRITERIA =  1.3D-06


                     EL      ED/DELTA          AZ           NORM       DPM
                    kdc      0.0162541      0.8309840   0.9999295 c  7.05D-05

      LEAST SELF-CONSISTENT FUNCTION IS kdc :WEIGHTED MAXIMUM CHANGE =  7.05D-05


          ITERATION NUMBER  3
          ----------------
          CONVERGENCE CRITERIA =  1.7D-06


                     EL      ED/DELTA          AZ           NORM       DPM
                    kdc      0.0162545      0.8309855   1.0000018 c  1.80D-06

      LEAST SELF-CONSISTENT FUNCTION IS kdc :WEIGHTED MAXIMUM CHANGE =  1.80D-06


          ITERATION NUMBER  4
          ----------------
          CONVERGENCE CRITERIA =  2.2D-06


                     EL      ED/DELTA          AZ           NORM       DPM
                    kdc      0.0162545      0.8309855   0.9999999 c  5.00D-08

      LEAST SELF-CONSISTENT FUNCTION IS kdc :WEIGHTED MAXIMUM CHANGE =  5.00D-08


          ITERATION NUMBER  5
          ----------------
          CONVERGENCE CRITERIA =  2.9D-06


                     EL      ED/DELTA          AZ           NORM       DPM
                    kdc      0.0162545      0.8309855   1.0000000 c  1.41D-09


 *** CALCULATIONS FOR k^2 =   4.05785




          WEAK ORTHOGONALIZATION DURING THE SCF CYCLE=   F
          ACCELERATING PARAMETER FOR MCHF ITERATION  = 0.00
          SCF CONVERGENCE TOLERANCE (FUNCTIONS)      = 1.00D-06
          NUMBER OF POINTS IN THE MAXIMUM RANGE      = 220
          RELATIVISTIC DIAGONAL  ENERGY CORRECTIONS  =   F




          ITERATION NUMBER  1
          ----------------
          CONVERGENCE CRITERIA =  1.0D-06


                     EL      ED/DELTA          AZ           NORM       DPM
 Outer region reduced by   93points in CSOLVE. 
  End of range:     16.060899430366 au.
                    kdc      0.0164920      0.8394337   1.0101665 c  1.01D-02

      LEAST SELF-CONSISTENT FUNCTION IS kdc :WEIGHTED MAXIMUM CHANGE =  1.01D-02


          ITERATION NUMBER  2
          ----------------
          CONVERGENCE CRITERIA =  1.3D-06


                     EL      ED/DELTA          AZ           NORM       DPM
                    kdc      0.0164413      0.8393084   0.9998507 c  1.49D-04

      LEAST SELF-CONSISTENT FUNCTION IS kdc :WEIGHTED MAXIMUM CHANGE =  1.49D-04


          ITERATION NUMBER  3
          ----------------
          CONVERGENCE CRITERIA =  1.7D-06


                     EL      ED/DELTA          AZ           NORM       DPM
                    kdc      0.0164422      0.8393116   1.0000038 c  3.80D-06

      LEAST SELF-CONSISTENT FUNCTION IS kdc :WEIGHTED MAXIMUM CHANGE =  3.80D-06


          ITERATION NUMBER  4
          ----------------
          CONVERGENCE CRITERIA =  2.2D-06


                     EL      ED/DELTA          AZ           NORM       DPM
                    kdc      0.0164422      0.8393115   0.9999999 c  1.06D-07

      LEAST SELF-CONSISTENT FUNCTION IS kdc :WEIGHTED MAXIMUM CHANGE =  1.06D-07


          ITERATION NUMBER  5
          ----------------
          CONVERGENCE CRITERIA =  2.9D-06


                     EL      ED/DELTA          AZ           NORM       DPM
                    kdc      0.0164422      0.8393115   1.0000000 c  2.96D-09

          ====================================
              AUTOIONIZATION CALCULATION       
          ====================================




          Energy of Target:   -7.23694760

          Continuum State:
          ===============

            1s( 2) kdc( 1)                        
               1S0     2D1     2D0                                                



          Continuum electron: k^2/2=   1.99629 au.
          =======================================


          Discrete State, main component:
          ------------------------------

     4        1s( 1)  2p( 2)                        2*J =  5
                 2S1     3P2     4P0                                                

          Auto-ionization Data
          --------------------

                     Interaction, V       =   7.8287E-06 au
                     Half-Line Width      =   1.9254E-10 au
                                              5.2391E-09 ev
                                              4.2258E-05 cm-1
                     Auto-ionization rate =   1.5920E+07 s-1
                     Half-Life            =   6.2813E-08 s




          Continuum electron: k^2/2=   2.00672 au.
          =======================================


          Discrete State, main component:
          ------------------------------

     2        1s( 1)  2p( 2)                        2*J =  5
                 2S1     1D2     2D0                                                

          Auto-ionization Data
          --------------------

                     Interaction, V       =  -8.1518E-03 au
                     Half-Line Width      =   2.0876E-04 au
                                              5.6804E-03 ev
                                              4.5818E+01 cm-1
                     Auto-ionization rate =   1.7261E+13 s-1
                     Half-Life            =   5.7933E-14 s




          Continuum electron: k^2/2=   1.99630 au.
          =======================================


          Discrete State, main component:
          ------------------------------

     4        1s( 1)  2p( 2)                        2*J =  3
                 2S1     3P2     4P0                                                

          Auto-ionization Data
          --------------------

                     Interaction, V       =  -3.9455E-06 au
                     Half-Line Width      =   4.8904E-11 au
                                              1.3307E-09 ev
                                              1.0733E-05 cm-1
                     Auto-ionization rate =   4.0436E+06 s-1
                     Half-Life            =   2.4730E-07 s




          Continuum electron: k^2/2=   2.00675 au.
          =======================================


          Discrete State, main component:
          ------------------------------

     2        1s( 1)  2p( 2)                        2*J =  3
                 2S1     1D2     2D0                                                

          Auto-ionization Data
          --------------------

                     Interaction, V       =  -8.1502E-03 au
                     Half-Line Width      =   2.0868E-04 au
                                              5.6782E-03 ev
                                              4.5800E+01 cm-1
                     Auto-ionization rate =   1.7255E+13 s-1
                     Half-Life            =   5.7956E-14 s




          Continuum electron: k^2/2=   2.02892 au.
          =======================================


          Discrete State, main component:
          ------------------------------

     3        1s( 1)  2p( 2)                        2*J =  3
                 2S1     3P2     2P0                                                

          Auto-ionization Data
          --------------------

                     Interaction, V       =  -2.0758E-06 au
                     Half-Line Width      =   1.3537E-11 au
                                              3.6834E-10 ev
                                              2.9710E-06 cm-1
                     Auto-ionization rate =   1.1193E+06 s-1
                     Half-Life            =   8.9343E-07 s


