 Test 2                                                                 
 F 0( 1s,2p2)    2
 F 0( 1s,3d2)    4
 F 0(2p2,3d2)    6
 F 0(2si,3pi)    8
 F 0(2si,3d1)   10
 F 0(3pi,3d1)   12
 F 2(2p2,3d2)   14
 F 2(3pi,3d1)   16
 *
    1.00000000F  1  1
    1.00000000F  2  2
    1.00000000F  2  2
    1.00000000F  1  1
    1.00000000F  2  2
    1.00000000F  1  1
    1.00000000F  4  4
    1.00000000F  3  3
    1.00000000F  4  4
    1.00000000F  3  3
    1.00000000F  3  3
    1.00000000F  4  4
    0.20000000F  1  1
    0.20000000F  2  2
    0.20000000F  3  3
    0.20000000F  4  4
              *                 
 G 1( 1s,2p2)    2
 G 1(2p2,3d2)    5
 G 1(2si,3pi)    7
 G 1(3pi,3d1)   10
 G 2( 1s,3d2)   13
 G 2(2si,3d1)   16
 G 3(2p2,3d2)   19
 G 3(3pi,3d1)   22
 *
    0.33333333G  1  1
   -0.33333333G  2  2
   -0.03333333G  1  1
    0.03333333G  2  2
   -0.05773503G  2  1
    0.33333333G  3  3
   -0.33333333G  4  4
   -0.03333333G  3  3
   -0.05773503G  4  3
    0.03333333G  4  4
   -0.10000000G  1  1
    0.10000000G  2  2
    0.17320508G  2  1
    0.10000000G  4  4
   -0.10000000G  3  3
    0.17320508G  4  3
    0.12857143G  2  2
   -0.22269225G  2  1
   -0.12857143G  1  1
   -0.22269225G  4  3
   -0.12857143G  3  3
    0.12857143G  4  4
              *                 
 O 1<3d2|3d1>
 O 1<2p2|3pi>
 *
 O 1<2p2|3pi>O 1<3d2|3d1>
 *
 R 0( 1s2p2,2si3pi)    2
 R 0( 1s3d2,2si3d1)    4
 R 1( 1s2p2,3pi2si)    6
 R 2( 1s3d2,3d12si)   10
 *
    1.00000000R  3  1  1
    1.00000000R  4  2  1
    1.00000000R  3  1  2
    1.00000000R  4  2  2
    0.33333333R  3  1  1
   -0.33333333R  4  2  1
   -0.10000000R  3  1  2
    0.17320508R  4  1  2
    0.17320508R  3  2  2
    0.10000000R  4  2  2
              *                       
 L  ( 1s, 1s)    2
 L  ( 1s,2si)    4
 L  (2p2,2p2)    6
 L  (3d2,3d2)    8
 L  (2si,2si)   10
 L  (3pi,3pi)   12
 L  (3d1,3d1)   14
 *
   -0.50000000L  1  1  0
   -0.50000000L  2  2  0
   -0.50000000L  3  1 -1
   -0.50000000L  4  2 -1
   -0.50000000L  2  2  0
   -0.50000000L  1  1  0
   -0.50000000L  1  1  0
   -0.50000000L  2  2  0
   -0.50000000L  4  4  0
   -0.50000000L  3  3  0
   -0.50000000L  4  4  0
   -0.50000000L  3  3  0
   -0.50000000L  3  3  0
   -0.50000000L  4  4  0
              *               
 *
              *               
 *
              *               
 *
              *               
 *
              *               

