


                    ============================
                       N O N - W E I G H T S    
                    ============================



 STATE  (WITH  2 CONFIGURATIONS):
 -------------------------------


 THERE ARE  4 ORBITALS AS FOLLOWS:

       1s 5s2 3s1 4s1

 CONFIGURATION  1 ( OCCUPIED ORBITALS= 2 ):  1s( 2) 5s2( 2)
                           COUPLING SCHEME:     1S0     1S0
                                                           1S0

 CONFIGURATION  2 ( OCCUPIED ORBITALS= 2 ): 3s1( 2) 4s1( 2)
                           COUPLING SCHEME:     1S0     1S0
                                                           1S0




 <  1 |H|  1 > = < 1s( 2)5s2( 2) |H|  1s( 2)5s2( 2) >


                COEFFICIENTS OF VARIOUS INTEGRALS

    E-TOTAL(ET)  E-AVERAGE(EAV)  (ET - EAV)    INTEGRALS WITH OVERLAPS

      2.000000      2.000000      0.000000    I ( 1s, 1s)
      2.000000      2.000000      0.000000    I (5s2,5s2)
      1.000000      1.000000      0.000000    F 0( 1s, 1s)
      4.000000      4.000000      0.000000    F 0( 1s,5s2)
     -2.000000     -2.000000      0.000000    G 0( 1s,5s2)
      1.000000      1.000000      0.000000    F 0(5s2,5s2)




 <  2 |H|  1 > = <3s1( 2)4s1( 2) |H|  1s( 2)5s2( 2) >


                COEFFICIENTS OF VARIOUS INTEGRALS

    E-TOTAL(ET)  E-AVERAGE(EAV)  (ET - EAV)    INTEGRALS WITH OVERLAPS

      1.000000      0.000000      1.000000    R 0(3s1,3s1; 1s, 1s) <4s1|5s2>** 2
     -1.000000      0.000000     -1.000000    R 0(3s1,4s1; 1s, 1s) <3s1|5s2>** 1 <4s1|5s2>** 1
     -1.000000      0.000000     -1.000000    R 0(3s1,4s1; 1s, 1s) <5s2|3s1>** 1 <5s2|4s1>** 1
      1.000000      0.000000      1.000000    R 0(4s1,4s1; 1s, 1s) <3s1|5s2>** 2




 <  2 |H|  2 > = <3s1( 2)4s1( 2) |H| 3s1( 2)4s1( 2) >


                COEFFICIENTS OF VARIOUS INTEGRALS

    E-TOTAL(ET)  E-AVERAGE(EAV)  (ET - EAV)    INTEGRALS WITH OVERLAPS

      2.000000      2.000000      0.000000    I (3s1,3s1)
      2.000000      2.000000      0.000000    I (4s1,4s1)
      1.000000      1.000000      0.000000    F 0(3s1,3s1)
      4.000000      4.000000      0.000000    F 0(3s1,4s1)
     -2.000000     -2.000000      0.000000    G 0(3s1,4s1)
      1.000000      1.000000      0.000000    F 0(4s1,4s1)
 Test Number 1                                                          
 F 0( 1s, 1s)    1
 F 0( 1s,5s2)    2
 F 0(5s2,5s2)    3
 F 0(3s1,3s1)    4
 F 0(3s1,4s1)    5
 F 0(4s1,4s1)    6
 *
    1.00000000F  1  1
    4.00000000F  1  1
    1.00000000F  1  1
    1.00000000F  2  2
    4.00000000F  2  2
    1.00000000F  2  2
              *                 
 G 0( 1s,5s2)    1
 G 0(3s1,4s1)    2
 *
   -2.00000000G  1  1
   -2.00000000G  2  2
              *                 
 O 2<5s2|4s1>
 O 2<5s2|3s1>
 *
 O 1<5s2|3s1>O 1<5s2|4s1>
 *
 R 0( 1s 1s,3s13s1)    1
 R 0( 1s 1s,3s14s1)    3
 R 0( 1s 1s,4s14s1)    4
 *
    1.00000000R  2  1  1
   -1.00000000R  2  1 -1
   -1.00000000R  2  1 -1
    1.00000000R  2  1  2
              *                       
 L  ( 1s, 1s)    1
 L  (5s2,5s2)    2
 L  (3s1,3s1)    3
 L  (4s1,4s1)    4
 *
   -1.00000000L  1  1  0
   -1.00000000L  1  1  0
   -1.00000000L  2  2  0
   -1.00000000L  2  2  0
              *               
 *
              *               
 *
              *               
 *
              *               
 *
              *               

