Li  2P                                                                  
 F 0( 1s, 1s)    1
 F 0( 1s,2p1)    2
 F 0( 1s,2s2)    3
 F 0( 1s,2p2)    4
 F 0( 1s,2s3)    5
 F 0( 1s,2p3)    6
 F 0(2s2,2p2)    7
 F 0(2s3,2p3)    8
 *
    1.00000000F  1  1
    2.00000000F  1  1
    1.00000000F  2  2
    1.00000000F  2  2
    1.00000000F  3  3
    1.00000000F  3  3
    1.00000000F  2  2
    1.00000000F  3  3
              *                 
 G 0( 1s,2s2)    1
 G 0( 1s,2s3)    2
 G 1( 1s,2p1)    3
 G 1( 1s,2p2)    4
 G 1( 1s,2p3)    5
 G 1(2s2,2p2)    6
 G 1(2s3,2p3)    7
 *
    1.00000000G  2  2
   -1.00000000G  3  3
   -0.33333333G  1  1
   -0.16666667G  2  2
    0.16666667G  3  3
   -0.16666667G  2  2
    0.16666667G  3  3
              *                 
 O 1<2p1|2p2>
 O 1<2s2|2s3>
 *
 *
 R 0( 1s2p1,2s22p2)    1
 R 0( 1s2s2, 1s 1s)    3
 R 1( 1s2p1,2p22s2)    4
 R 1( 1s2p1,2p32s3)    5
 R 1( 1s2p3,2p2 1s)    6
 R 1(2s22p2,2p32s3)    7
 *
    1.41421356R  2  1  0
    0.70710678R  2  1  1
    0.70710678R  2  1  1
   -0.23570226R  2  1  0
   -0.40824829R  3  1  0
    0.28867513R  3  2  2
   -0.28867513R  3  2  0
              *                       
 L  ( 1s, 1s)    3
 L  ( 1s,2s2)    4
 L  (2p1,2p1)    5
 L  (2s2,2s2)    6
 L  (2p2,2p2)    7
 L  (2s3,2s3)    8
 L  (2p3,2p3)    9
 *
   -1.00000000L  1  1  0
   -0.50000000L  3  3  0
   -0.50000000L  2  2  0
   -0.70710678L  2  1  1
   -0.50000000L  1  1  0
   -0.50000000L  2  2  0
   -0.50000000L  2  2  0
   -0.50000000L  3  3  0
   -0.50000000L  3  3  0
              *               
 *
              *               
 *
              *               
 *
              *               
 *
              *               

