


                    ============================
                       N O N - W E I G H T S    
                    ============================



 STATE  (WITH  3 CONFIGURATIONS):
 -------------------------------


 THERE ARE  6 ORBITALS AS FOLLOWS:

       1s 2p1 2s2 2p2 2s3 2p3

 CONFIGURATION  1 ( OCCUPIED ORBITALS= 2 ):  1s( 2) 2p1( 1)
                           COUPLING SCHEME:     1S0     2P1
                                                           2P0

 CONFIGURATION  2 ( OCCUPIED ORBITALS= 3 ):  1s( 1) 2s2( 1) 2p2( 1)
                           COUPLING SCHEME:     2S1     2S1     2P1
                                                           1S0     2P0

 CONFIGURATION  3 ( OCCUPIED ORBITALS= 3 ):  1s( 1) 2s3( 1) 2p3( 1)
                           COUPLING SCHEME:     2S1     2S1     2P1
                                                           3S0     2P0


                    ===================
                      MCHF  ...  1988
                    ===================


          THE DIMENSIONS FOR THE CURRENT VERSION ARE:
            NCFG=100       NWF= 30        NO=220



 Li    2P        3.   220  6  5  3  F  T
        WAVE FUNCTIONS NOT FOUND FOR 2s2
        WAVE FUNCTIONS NOT FOUND FOR 2p2
        WAVE FUNCTIONS NOT FOUND FOR 2s3
        WAVE FUNCTIONS NOT FOUND FOR 2p3

  F.1D-09.1D-06 12  00.0  0  T  F



          WEAK ORTHOGONALIZATION DURING THE SCF CYCLE=   F
          ACCELERATING PARAMETER FOR MCHF ITERATION  = 0.00
          SCF CONVERGENCE TOLERANCE (FUNCTIONS)      = 1.00D-07
          NUMBER OF POINTS IN THE MAXIMUM RANGE      = 220
          RELATIVISTIC DIAGONAL  ENERGY CORRECTIONS  =   F


          TOTAL ENERGY =       -7.365530543

      WEIGHTS
  1  0.9999  2 -0.0089  3 -0.0103


          ITERATION NUMBER  1
          ----------------

          CONVERGENCE CRITERIA:ENERGY  (CFGTOL)            =  1.0D-10
                              :FUNCTION(SCFTOL*SQRT(Z*NWF))=  4.2D-07

          E(2s2 1s) =  -386.74313   E( 1s2s2) =     0.00001
          E(2s3 1s) =    -2.65456   E( 1s2s3) =     0.00001

                     EL         ED             AZ           NORM       DPM
                    2p1      0.2582666      0.4321282   0.9893511    2.71D-03
      < 1s|2s2>= 6.4D-01
                    2s2      5.0301603      4.6324220   1.2898356**  6.61D-01
                    2p2      5.1589586      6.9008338   1.1343923**  3.89D-01
      < 1s|2s3>=-5.2D-02
                    2s3      5.0931362      4.4239272   1.0288760**  9.88D-02
                    2p3      4.7151855      4.5497725   1.0114897**  2.46D-01
      < 1s|2s2>= 5.0D-08


          TOTAL ENERGY =       -7.365728398

      WEIGHTS
  1  0.9999  2 -0.0101  3 -0.0105

      LEAST SELF-CONSISTENT FUNCTION IS 2s2 :WEIGHTED MAXIMUM CHANGE =  5.85D-03


          ITERATION NUMBER  2
          ----------------

          CONVERGENCE CRITERIA:ENERGY  (CFGTOL)            =  1.4D-10
                              :FUNCTION(SCFTOL*SQRT(Z*NWF))=  8.5D-07

          E(2s2 1s) =     2.75798   E( 1s2s2) =     0.00001
          E(2s3 1s) =    -3.69313   E( 1s2s3) =     0.00001

                     EL         ED             AZ           NORM       DPM
                    2p1      0.2586624      0.4365353   0.9948705    9.77D-04
      < 1s|2s2>= 9.3D-02
                    2s2      6.2791016      5.0199292   0.9907700**  1.74D-01
                    2p2      5.2307416      7.2201612   0.9918775**  2.21D-02
      < 1s|2s3>=-1.7D-02
                    2s3      5.8288498      4.6622091   0.9962744**  3.32D-02
                    2p3      4.6606166      4.4384151   1.0015959**  6.31D-03


          TOTAL ENERGY =       -7.365734615

      WEIGHTS
  1  0.9999  2 -0.0100  3 -0.0105

      LEAST SELF-CONSISTENT FUNCTION IS 2s2 :WEIGHTED MAXIMUM CHANGE =  1.76D-03


          ITERATION NUMBER  3
          ----------------

          CONVERGENCE CRITERIA:ENERGY  (CFGTOL)            =  2.0D-10
                              :FUNCTION(SCFTOL*SQRT(Z*NWF))=  1.7D-06

          E(2s2 1s) =     8.22217   E( 1s2s2) =     0.00001
          E(2s3 1s) =    -3.67796   E( 1s2s3) =     0.00001

                     EL         ED             AZ           NORM       DPM
                    2p1      0.2586749      0.4374743   0.9991242    1.45D-04
      < 1s|2s2>= 1.5D-02
                    2s2      6.3626046      5.0421982   0.9986828**  2.01D-02
                    2p2      5.3071835      7.2681570   0.9987346**  3.35D-03
      < 1s|2s3>=-2.3D-03
                    2s3      5.7928190      4.6637127   1.0000817**  2.89D-03
                    2p3      4.6656905      4.4483120   0.9997880**  7.30D-04


          TOTAL ENERGY =       -7.365734658

      WEIGHTS
  1  0.9999  2 -0.0099  3 -0.0105

      LEAST SELF-CONSISTENT FUNCTION IS 2s2 :WEIGHTED MAXIMUM CHANGE =  2.00D-04


          ITERATION NUMBER  4
          ----------------

          CONVERGENCE CRITERIA:ENERGY  (CFGTOL)            =  2.7D-10
                              :FUNCTION(SCFTOL*SQRT(Z*NWF))=  3.4D-06

          E(2s2 1s) =     7.82137   E( 1s2s2) =     0.00001
          E(2s3 1s) =    -3.68515   E( 1s2s3) =     0.00001

                     EL         ED             AZ           NORM       DPM
                    2p1      0.2586750      0.4375487   0.9999523    7.37D-06
      < 1s|2s2>= 7.3D-04
                    2s2      6.3732953      5.0487574   0.9997829**  1.51D-03
                    2p2      5.3105882      7.2726580   0.9998874**  3.08D-04
      < 1s|2s3>=-1.6D-04
                    2s3      5.7934728      4.6641037   1.0000013**  1.98D-04
                    2p3      4.6645379      4.4485223   1.0000013**  1.22D-05


          TOTAL ENERGY =       -7.365734658

      WEIGHTS
  1  0.9999  2 -0.0099  3 -0.0105

      LEAST SELF-CONSISTENT FUNCTION IS 2s2 :WEIGHTED MAXIMUM CHANGE =  1.50D-05


          ITERATION NUMBER  5
          ----------------

          CONVERGENCE CRITERIA:ENERGY  (CFGTOL)            =  3.8D-10
                              :FUNCTION(SCFTOL*SQRT(Z*NWF))=  6.8D-06

          E(2s2 1s) =     7.79406   E( 1s2s2) =     0.00001
          E(2s3 1s) =    -3.68539   E( 1s2s3) =     0.00001

                     EL         ED             AZ           NORM       DPM
                    2p1      0.2586750      0.4375578   0.9999937    9.82D-07
      < 1s|2s2>= 9.7D-05
                    2s2      6.3744538      5.0492055   0.9999815**  1.63D-04
                    2p2      5.3119777      7.2734610   0.9999786**  5.74D-05
      < 1s|2s3>=-1.9D-05
                    2s3      5.7933591      4.6640851   1.0000013**  2.57D-05
                    2p3      4.6645172      4.4486365   0.9999980**  7.67D-06


          TOTAL ENERGY =       -7.365734658

      WEIGHTS
  1  0.9999  2 -0.0099  3 -0.0105

      LEAST SELF-CONSISTENT FUNCTION IS 2s2 :WEIGHTED MAXIMUM CHANGE =  1.61D-06


          ITERATION NUMBER  6
          ----------------

          CONVERGENCE CRITERIA:ENERGY  (CFGTOL)            =  5.4D-10
                              :FUNCTION(SCFTOL*SQRT(Z*NWF))=  1.4D-05

          E(2s2 1s) =     7.78394   E( 1s2s2) =     0.00001
          E(2s3 1s) =    -3.68546   E( 1s2s3) =     0.00001

                     EL         ED             AZ           NORM       DPM
                    2p1      0.2586750      0.4375588   0.9999993    9.99D-08
      < 1s|2s2>= 8.3D-06
                    2s2      6.3746844      5.0493143   0.9999965**  2.07D-05
                    2p2      5.3120810      7.2735534   0.9999976**  6.39D-06
      < 1s|2s3>=-2.5D-06
                    2s3      5.7933726      4.6640877   1.0000001**  3.04D-06
                    2p3      4.6645156      4.4486467   0.9999998**  7.41D-07


          TOTAL ENERGY =       -7.365734658

      WEIGHTS
  1  0.9999  2 -0.0099  3 -0.0105


     ENERGY (a.u.)
     ------
           Total                  -7.365734658
           Potential             -14.730765503
           Kinetic                 7.365030844
           Ratio                   2.000095562


 STATE  (WITH  3 CONFIGURATIONS):
 -------------------------------


 THERE ARE  6 ORBITALS AS FOLLOWS:

       1s 2p1 2s2 2p2 2s3 2p3

 CONFIGURATION  1 ( OCCUPIED ORBITALS= 2 ):  1s( 2) 2p1( 1)
                           COUPLING SCHEME:     1S0     2P1
                                                           2P0

 CONFIGURATION  2 ( OCCUPIED ORBITALS= 3 ):  1s( 1) 2s2( 1) 2p2( 1)
                           COUPLING SCHEME:     2S1     2S1     2P1
                                                           1S0     2P0

 CONFIGURATION  3 ( OCCUPIED ORBITALS= 3 ):  1s( 1) 2s3( 1) 2p3( 1)
                           COUPLING SCHEME:     2S1     2S1     2P1
                                                           3S0     2P0

                     Hyperfine structure calculation 

 li2.c                   
 Tolerance for printing       1.000000 MHz 
 Nuclear dipole moment        3.256000 n.m.
 Nuclear quadrupole moment   -0.040000 barns
 2*I=   3
   Li    2P        -7.3657347                                           

 (config   1|hfs|config   1 )

 Orbital term
 matrix element     <2p1|R**(-3)|2p1>
  J    J'   weight    coeff       matrix element values       Aorb(MHz)
 1/2  1/2  0.999791  2.666667    0.0604                    16.682864
 3/2  3/2  0.999791  1.333333    0.0604                     8.341432
 3/2  1/2  0.999791  0.666667    0.0604                     4.170716

 Spin-dipole term
 matrix element     <2p1|R**(-3)|2p1>
  J    J'   weight    coeff       matrix element values       Adip(MHz)
 1/2  1/2  0.999791  2.669759    0.0604                    16.702207
 3/2  3/2  0.999791 -0.266976    0.0604                    -1.670221
 3/2  1/2  0.999791 -0.333720    0.0604                    -2.087776

 (config   3|hfs|config   1 )

 Fermi-contact term
 matrix element     AZ(2s3)AZ( 1s) <2p3|2p1>** 1
  J    J'   weight    coeff       matrix element values      Acont(MHz)
 1/2  1/2 -0.010481 -0.363308   43.1980   0.337             5.739067
 3/2  3/2 -0.010481  0.363308   43.1980   0.337            -5.739067
 3/2  1/2 -0.010481 -0.363308   43.1980   0.337             5.739067

                              **

                    A factors in MHz 

  J     J'        Orbital        Spin-dip        Cont           Total 

 1/2   1/2       16.84626       16.78147       11.45731       45.08504

 3/2   3/2        8.42313       -1.67815      -11.45731       -4.71233

 3/2   1/2        4.21157       -2.09768       11.45731       13.57119

                    B factors in MHz 

  J     J'        Quadrupole

 1/2   1/2        0.00000

 3/2   3/2       -0.22935

 3/2   1/2       -0.04966

                              **

                    Hyperfine parameters in a.u.

                    al             ad             ac             bq

                 0.06101       -0.01214       -0.24866       -0.02440

                              **
