






    ***************          I N P U T  D A T A          **********



              Header  :   AL 2P                                                      

        Closed shell  :   1s  2s  2p                                                 

       Reference Set  :  3s(2)3p(1)                                                  

          Active Set  :  3s,3p,3d                                                    

        Replacements  :                                                              

         Final Terms  :  2P                                                          



      GENERATE ALL COUPLINGS FOR EACH MEMBER  OF THE REFERENCE SET


 
         -------------        AL 2P   --------

          Closed Shells  :   1s  2s  2p 

          Configuration  :   3s( 2)   3p( 1)
        Their couplings  :       1S0     2P1     2P0


      GENERATE ALL POSSIBLE CONFIGURATIONS FROM THE   ACTIVE SET


 
         -------------        AL 2P   --------

          Closed Shells  :   1s  2s  2p                                                 

             Active Set  :  3s,3p,3d                                                    

          Configurations  :
                            3s ( 1) 3p ( 1) 3d ( 1)
                            3p ( 3)
                            3p ( 1) 3d ( 2)


    LIST THE COUPLINGS FOR EACH CONFIGURATION GENERATED BY THE ACTIVE SET


 
         -------------        AL 2P   --------

          Closed Shells  :   1s  2s  2p 

          Configuration  :   3s( 1)   3p( 1)   3d( 1)
        Their couplings  :       2S1     2P1     2D1     1P0     2P0
                                 2S1     2P1     2D1     3P0     2P0


    LIST THE COUPLINGS FOR EACH CONFIGURATION GENERATED BY THE ACTIVE SET


 
         -------------        AL 2P   --------

          Closed Shells  :   1s  2s  2p 

          Configuration  :   3p( 3)
        Their couplings  :       2P1


    LIST THE COUPLINGS FOR EACH CONFIGURATION GENERATED BY THE ACTIVE SET


 
         -------------        AL 2P   --------

          Closed Shells  :   1s  2s  2p 

          Configuration  :   3p( 1)   3d( 2)
        Their couplings  :       2P1     1S0     2P0
                                 2P1     1D2     2P0
                                 2P1     3P2     2P0







    ***************          I N P U T  D A T A          **********



              Header  :   AL 2D                                                      

        Closed shell  :   1s  2s  2p                                                 

       Reference Set  :  3s(2)3d(1)                                                  

          Active Set  :  3s,3p,3d                                                    

        Replacements  :                                                              

         Final Terms  :  2D                                                          



      GENERATE ALL COUPLINGS FOR EACH MEMBER  OF THE REFERENCE SET


 
         -------------        AL 2D   --------

          Closed Shells  :   1s  2s  2p 

          Configuration  :   3s( 2)   3d( 1)
        Their couplings  :       1S0     2D1     2D0


      GENERATE ALL POSSIBLE CONFIGURATIONS FROM THE   ACTIVE SET


 
         -------------        AL 2D   --------

          Closed Shells  :   1s  2s  2p                                                 

             Active Set  :  3s,3p,3d                                                    

          Configurations  :
                            3s ( 1) 3p ( 2)
                            3s ( 1) 3d ( 2)
                            3p ( 2) 3d ( 1)
                            3d ( 3)


    LIST THE COUPLINGS FOR EACH CONFIGURATION GENERATED BY THE ACTIVE SET


 
         -------------        AL 2D   --------

          Closed Shells  :   1s  2s  2p 

          Configuration  :   3s( 1)   3p( 2)
        Their couplings  :       2S1     1D2     2D0


    LIST THE COUPLINGS FOR EACH CONFIGURATION GENERATED BY THE ACTIVE SET


 
         -------------        AL 2D   --------

          Closed Shells  :   1s  2s  2p 

          Configuration  :   3s( 1)   3d( 2)
        Their couplings  :       2S1     1D2     2D0


    LIST THE COUPLINGS FOR EACH CONFIGURATION GENERATED BY THE ACTIVE SET


 
         -------------        AL 2D   --------

          Closed Shells  :   1s  2s  2p 

          Configuration  :   3p( 2)   3d( 1)
        Their couplings  :       1S0     2D1     2D0
                                 1D2     2D1     2D0
                                 3P2     2D1     2D0


    LIST THE COUPLINGS FOR EACH CONFIGURATION GENERATED BY THE ACTIVE SET


 
         -------------        AL 2D   --------

          Closed Shells  :   1s  2s  2p 

          Configuration  :   3d( 3)
        Their couplings  :       2D1
                                 2D3



                    ======================
                      M U L T I P O L E   
                    ======================



 THERE ARE  3 INITIAL STATE ORBITALS AS FOLLOWS: 
   3s  3p  3d

 THERE ARE  3 FINAL STATE ORBITALS AS FOLLOWS: 
   3s  3p  3d


 INITIAL STATE CONFIGURATIONS:-
 ----------------------------  


       1.    3s( 2)  3p( 1)
                1S0     2P1
                           2P0

       2.    3s( 1)  3p( 1)  3d( 1)
                2S1     2P1     2D1
                           1P0     2P0

       3.    3s( 1)  3p( 1)  3d( 1)
                2S1     2P1     2D1
                           3P0     2P0

       4.    3p( 3)
                2P1

       5.    3p( 1)  3d( 2)
                2P1     1S0
                           2P0

       6.    3p( 1)  3d( 2)
                2P1     1D2
                           2P0

       7.    3p( 1)  3d( 2)
                2P1     3P2
                           2P0


 FINAL STATE CONFIGURATIONS:-
 ----------------------------  


       1.    3s( 2)  3d( 1)
                1S0     2D1
                           2D0

       2.    3s( 1)  3p( 2)
                2S1     1D2
                           2D0

       3.    3s( 1)  3d( 2)
                2S1     1D2
                           2D0

       4.    3p( 2)  3d( 1)
                1S0     2D1
                           2D0

       5.    3p( 2)  3d( 1)
                1D2     2D1
                           2D0

       6.    3p( 2)  3d( 1)
                3P2     2D1
                           2D0

       7.    3d( 3)
                2D1

       8.    3d( 3)
                2D3
1 ELECTRIC TRANSITION OF ORDER   1

                                          _ 
 < INITIAL STATE ||E (1)|| FINAL STATE > = >  COEFF * WEIGHT(INITIAL,I) * WEIGHT(FINAL,J) * < NL||E (1)||N'L'>
+                                         _ 
                                         I,J


     COEFF      I    J     < NL||E (1)||N'L'>


    1.00000000    1    1     < 3p||E (1)|| 3d >   < 3s| 3s>** 2
   -1.29099445    1    2     < 3s||E (1)|| 3p >   < 3s| 3s>** 1 < 3p| 3p>** 1
    1.41421356    2    1     < 3p||E (1)|| 3s >   < 3s| 3s>** 1 < 3d| 3d>** 1
   -0.09128709    2    2     < 3d||E (1)|| 3p >   < 3s| 3s>** 1 < 3p| 3p>** 1
   -0.41833001    2    3     < 3p||E (1)|| 3d >   < 3s| 3s>** 1 < 3d| 3d>** 1
    0.81649658    2    4     < 3s||E (1)|| 3p >   < 3p| 3p>** 1 < 3d| 3d>** 1
    1.08012345    2    5     < 3s||E (1)|| 3p >   < 3p| 3p>** 1 < 3d| 3d>** 1
    0.15811388    3    2     < 3d||E (1)|| 3p >   < 3s| 3s>** 1 < 3p| 3p>** 1
    0.72456884    3    3     < 3p||E (1)|| 3d >   < 3s| 3s>** 1 < 3d| 3d>** 1
   -1.22474487    3    6     < 3s||E (1)|| 3p >   < 3p| 3p>** 1 < 3d| 3d>** 1
   -0.91287093    4    2     < 3p||E (1)|| 3s >   < 3p| 3p>** 2
    0.81649658    4    4     < 3p||E (1)|| 3d >   < 3p| 3p>** 2
   -0.54006172    4    5     < 3p||E (1)|| 3d >   < 3p| 3p>** 2
   -1.06066017    4    6     < 3p||E (1)|| 3d >   < 3p| 3p>** 2
   -0.25819889    5    4     < 3d||E (1)|| 3p >   < 3p| 3p>** 1 < 3d| 3d>** 1
   -0.34156503    5    5     < 3d||E (1)|| 3p >   < 3p| 3p>** 1 < 3d| 3d>** 1
   -0.67082039    5    6     < 3d||E (1)|| 3p >   < 3p| 3p>** 1 < 3d| 3d>** 1
    0.89442719    5    7     < 3p||E (1)|| 3d >   < 3d| 3d>** 2
    1.00000000    6    3     < 3p||E (1)|| 3s >   < 3d| 3d>** 2
   -0.34156503    6    4     < 3d||E (1)|| 3p >   < 3p| 3p>** 1 < 3d| 3d>** 1
    0.12909944    6    5     < 3d||E (1)|| 3p >   < 3p| 3p>** 1 < 3d| 3d>** 1
   -0.29580399    6    7     < 3p||E (1)|| 3d >   < 3d| 3d>** 2
    0.58094750    6    8     < 3p||E (1)|| 3d >   < 3d| 3d>** 2
   -0.67082039    7    4     < 3d||E (1)|| 3p >   < 3p| 3p>** 1 < 3d| 3d>** 1
    0.38729833    7    6     < 3d||E (1)|| 3p >   < 3p| 3p>** 1 < 3d| 3d>** 1
   -0.58094750    7    7     < 3p||E (1)|| 3d >   < 3d| 3d>** 2
   -0.88741197    7    8     < 3p||E (1)|| 3d >   < 3d| 3d>** 2



                                NUMBER OF TERMS IN THE ABOVE SUMMATION = 27
  AL 2P                           =>  AL 2D                             
    1.00000000E 1( 3p  1, 3d  1)( 3s| 3s) 2
   -1.29099445E 1( 3s  1, 3p  2)( 3s| 3s) 1( 3p| 3p) 1
    1.41421356E 1( 3p  2, 3s  1)( 3s| 3s) 1( 3d| 3d) 1
   -0.09128709E 1( 3d  2, 3p  2)( 3s| 3s) 1( 3p| 3p) 1
   -0.41833001E 1( 3p  2, 3d  3)( 3s| 3s) 1( 3d| 3d) 1
    0.81649658E 1( 3s  2, 3p  4)( 3p| 3p) 1( 3d| 3d) 1
    1.08012345E 1( 3s  2, 3p  5)( 3p| 3p) 1( 3d| 3d) 1
    0.15811388E 1( 3d  3, 3p  2)( 3s| 3s) 1( 3p| 3p) 1
    0.72456884E 1( 3p  3, 3d  3)( 3s| 3s) 1( 3d| 3d) 1
   -1.22474487E 1( 3s  3, 3p  6)( 3p| 3p) 1( 3d| 3d) 1
   -0.91287093E 1( 3p  4, 3s  2)( 3p| 3p) 2
    0.81649658E 1( 3p  4, 3d  4)( 3p| 3p) 2
   -0.54006172E 1( 3p  4, 3d  5)( 3p| 3p) 2
   -1.06066017E 1( 3p  4, 3d  6)( 3p| 3p) 2
   -0.25819889E 1( 3d  5, 3p  4)( 3p| 3p) 1( 3d| 3d) 1
   -0.34156503E 1( 3d  5, 3p  5)( 3p| 3p) 1( 3d| 3d) 1
   -0.67082039E 1( 3d  5, 3p  6)( 3p| 3p) 1( 3d| 3d) 1
    0.89442719E 1( 3p  5, 3d  7)( 3d| 3d) 2
    1.00000000E 1( 3p  6, 3s  3)( 3d| 3d) 2
   -0.34156503E 1( 3d  6, 3p  4)( 3p| 3p) 1( 3d| 3d) 1
    0.12909944E 1( 3d  6, 3p  5)( 3p| 3p) 1( 3d| 3d) 1
   -0.29580399E 1( 3p  6, 3d  7)( 3d| 3d) 2
    0.58094750E 1( 3p  6, 3d  8)( 3d| 3d) 2
   -0.67082039E 1( 3d  7, 3p  4)( 3p| 3p) 1( 3d| 3d) 1
    0.38729833E 1( 3d  7, 3p  6)( 3p| 3p) 1( 3d| 3d) 1
   -0.58094750E 1( 3p  7, 3d  7)( 3d| 3d) 2
   -0.88741197E 1( 3p  7, 3d  8)( 3d| 3d) 2
              *
              *
