






    ***************          I N P U T  D A T A          **********



              Header  :   Carbon-like Argon                                          

        Closed shell  :   1s                                                         

       Reference Set  :  2s(2)2p(2)                                                  

                             2  :  2p(4)                                                       

          Active Set  :                                                              

        Replacements  :  s                                                           

         Virtual Set  :  3s,3p,3d                                                                

              From which shell  :  1
 
                To which shell  :  2
 
         Final Terms  :                                                              



      GENERATE ALL COUPLINGS FOR EACH MEMBER  OF THE REFERENCE SET


 
         -------------        Carbon-like Argon   --------

          Closed Shells  :   1s 

          Configuration  :   2s( 2)   2p( 2)
        Their couplings  :       1S0     1S0     1S0
                                 1S0     1D2     1D0
                                 1S0     3P2     3P0


      GENERATE ALL COUPLINGS FOR EACH MEMBER  OF THE REFERENCE SET


 
         -------------        Carbon-like Argon   --------

          Closed Shells  :   1s 

          Configuration  :   2p( 4)
        Their couplings  :       1S0
                                 1D2
                                 3P2


        FOR VIRTUAL SET, GENERATE CONFIGURATION AND COUPLINGS FOR S-REPLACEMENT


 
         -------------        Carbon-like Argon   --------

          Closed Shells  :   1s 

          Reference set  :  2s(2)2p(2)                                                  

            Virtual Set  :  3s,3p,3d                                                    

          S-Replacement  :  2s  = 3s                                                    

          Configuration  :   2s( 1)   2p( 2)   3s( 1)
        Their couplings  :       2S1     1S0     2S1     2S0     1S0
                                 2S1     1S0     2S1     2S0     3S0
                                 2S1     1D2     2S1     2D0     1D0
                                 2S1     1D2     2S1     2D0     3D0
                                 2S1     3P2     2S1     2P0     1P0
                                 2S1     3P2     2S1     2P0     3P0
                                 2S1     3P2     2S1     4P0     3P0
                                 2S1     3P2     2S1     4P0     5P0


        FOR VIRTUAL SET, GENERATE CONFIGURATION AND COUPLINGS FOR S-REPLACEMENT


 
         -------------        Carbon-like Argon   --------

          Closed Shells  :   1s 

          Reference set  :  2s(2)2p(2)                                                  

            Virtual Set  :  3s,3p,3d                                                    

          S-Replacement  :  2s  = 3d                                                    

          Configuration  :   2s( 1)   2p( 2)   3d( 1)
        Their couplings  :       2S1     1S0     2D1     2S0     1D0
                                 2S1     1S0     2D1     2S0     3D0
                                 2S1     1D2     2D1     2D0     1S0
                                 2S1     1D2     2D1     2D0     1P0
                                 2S1     1D2     2D1     2D0     1D0
                                 2S1     1D2     2D1     2D0     1F0
                                 2S1     1D2     2D1     2D0     1G0
                                 2S1     1D2     2D1     2D0     3S0
                                 2S1     1D2     2D1     2D0     3P0
                                 2S1     1D2     2D1     2D0     3D0
                                 2S1     1D2     2D1     2D0     3F0
                                 2S1     1D2     2D1     2D0     3G0
                                 2S1     3P2     2D1     2P0     1P0
                                 2S1     3P2     2D1     2P0     1D0
                                 2S1     3P2     2D1     2P0     1F0
                                 2S1     3P2     2D1     2P0     3P0
                                 2S1     3P2     2D1     2P0     3D0
                                 2S1     3P2     2D1     2P0     3F0
                                 2S1     3P2     2D1     4P0     3P0
                                 2S1     3P2     2D1     4P0     3D0
                                 2S1     3P2     2D1     4P0     3F0
                                 2S1     3P2     2D1     4P0     5P0
                                 2S1     3P2     2D1     4P0     5D0
                                 2S1     3P2     2D1     4P0     5F0


        FOR VIRTUAL SET, GENERATE CONFIGURATION AND COUPLINGS FOR S-REPLACEMENT


 
         -------------        Carbon-like Argon   --------

          Closed Shells  :   1s 

          Reference set  :  2s(2)2p(2)                                                  

            Virtual Set  :  3s,3p,3d                                                    

          S-Replacement  :  2p  = 3p                                                    

          Configuration  :   2s( 2)   2p( 1)   3p( 1)
        Their couplings  :       1S0     2P1     2P1     2P0     1S0
                                 1S0     2P1     2P1     2P0     1P0
                                 1S0     2P1     2P1     2P0     1D0
                                 1S0     2P1     2P1     2P0     3S0
                                 1S0     2P1     2P1     2P0     3P0
                                 1S0     2P1     2P1     2P0     3D0



                    ======================
                      M U L T I P O L E   
                    ======================



 THERE ARE  5 COMMON ORBITALS AS FOLLOWS: 
   2s  2p  3s  3d  3p

 THERE ARE  0 INITIAL STATE ORBITALS AS FOLLOWS: 


 THERE ARE  0 FINAL STATE ORBITALS AS FOLLOWS: 



 INITIAL STATE CONFIGURATIONS:-
 ----------------------------  


       1.    2s( 2)  2p( 2)
                1S0     1S0
                           1S0

       2.    2s( 2)  2p( 2)
                1S0     1D2
                           1D0

       3.    2s( 2)  2p( 2)
                1S0     3P2
                           3P0

       4.    2p( 4)
                1S0

       5.    2p( 4)
                1D2

       6.    2p( 4)
                3P2

       7.    2s( 1)  2p( 2)  3s( 1)
                2S1     1S0     2S1
                           2S0     1S0

       8.    2s( 1)  2p( 2)  3s( 1)
                2S1     1S0     2S1
                           2S0     3S0

       9.    2s( 1)  2p( 2)  3s( 1)
                2S1     1D2     2S1
                           2D0     1D0

      10.    2s( 1)  2p( 2)  3s( 1)
                2S1     1D2     2S1
                           2D0     3D0

      11.    2s( 1)  2p( 2)  3s( 1)
                2S1     3P2     2S1
                           2P0     1P0

      12.    2s( 1)  2p( 2)  3s( 1)
                2S1     3P2     2S1
                           2P0     3P0

      13.    2s( 1)  2p( 2)  3s( 1)
                2S1     3P2     2S1
                           4P0     3P0

      14.    2s( 1)  2p( 2)  3s( 1)
                2S1     3P2     2S1
                           4P0     5P0

      15.    2s( 1)  2p( 2)  3d( 1)
                2S1     1S0     2D1
                           2S0     1D0

      16.    2s( 1)  2p( 2)  3d( 1)
                2S1     1S0     2D1
                           2S0     3D0

      17.    2s( 1)  2p( 2)  3d( 1)
                2S1     1D2     2D1
                           2D0     1S0

      18.    2s( 1)  2p( 2)  3d( 1)
                2S1     1D2     2D1
                           2D0     1P0

      19.    2s( 1)  2p( 2)  3d( 1)
                2S1     1D2     2D1
                           2D0     1D0

      20.    2s( 1)  2p( 2)  3d( 1)
                2S1     1D2     2D1
                           2D0     1F0

      21.    2s( 1)  2p( 2)  3d( 1)
                2S1     1D2     2D1
                           2D0     1G0

      22.    2s( 1)  2p( 2)  3d( 1)
                2S1     1D2     2D1
                           2D0     3S0

      23.    2s( 1)  2p( 2)  3d( 1)
                2S1     1D2     2D1
                           2D0     3P0

      24.    2s( 1)  2p( 2)  3d( 1)
                2S1     1D2     2D1
                           2D0     3D0

      25.    2s( 1)  2p( 2)  3d( 1)
                2S1     1D2     2D1
                           2D0     3F0

      26.    2s( 1)  2p( 2)  3d( 1)
                2S1     1D2     2D1
                           2D0     3G0

      27.    2s( 1)  2p( 2)  3d( 1)
                2S1     3P2     2D1
                           2P0     1P0

      28.    2s( 1)  2p( 2)  3d( 1)
                2S1     3P2     2D1
                           2P0     1D0

      29.    2s( 1)  2p( 2)  3d( 1)
                2S1     3P2     2D1
                           2P0     1F0

      30.    2s( 1)  2p( 2)  3d( 1)
                2S1     3P2     2D1
                           2P0     3P0

      31.    2s( 1)  2p( 2)  3d( 1)
                2S1     3P2     2D1
                           2P0     3D0

      32.    2s( 1)  2p( 2)  3d( 1)
                2S1     3P2     2D1
                           2P0     3F0

      33.    2s( 1)  2p( 2)  3d( 1)
                2S1     3P2     2D1
                           4P0     3P0

      34.    2s( 1)  2p( 2)  3d( 1)
                2S1     3P2     2D1
                           4P0     3D0

      35.    2s( 1)  2p( 2)  3d( 1)
                2S1     3P2     2D1
                           4P0     3F0

      36.    2s( 1)  2p( 2)  3d( 1)
                2S1     3P2     2D1
                           4P0     5P0

      37.    2s( 1)  2p( 2)  3d( 1)
                2S1     3P2     2D1
                           4P0     5D0

      38.    2s( 1)  2p( 2)  3d( 1)
                2S1     3P2     2D1
                           4P0     5F0

      39.    2s( 2)  2p( 1)  3p( 1)
                1S0     2P1     2P1
                           2P0     1S0

      40.    2s( 2)  2p( 1)  3p( 1)
                1S0     2P1     2P1
                           2P0     1P0

      41.    2s( 2)  2p( 1)  3p( 1)
                1S0     2P1     2P1
                           2P0     1D0

      42.    2s( 2)  2p( 1)  3p( 1)
                1S0     2P1     2P1
                           2P0     3S0

      43.    2s( 2)  2p( 1)  3p( 1)
                1S0     2P1     2P1
                           2P0     3P0

      44.    2s( 2)  2p( 1)  3p( 1)
                1S0     2P1     2P1
                           2P0     3D0


 FINAL STATE CONFIGURATIONS:-
 ----------------------------  


       1.    2s( 2)  2p( 2)
                1S0     1S0
                           1S0

       2.    2s( 2)  2p( 2)
                1S0     1D2
                           1D0

       3.    2s( 2)  2p( 2)
                1S0     3P2
                           3P0

       4.    2p( 4)
                1S0

       5.    2p( 4)
                1D2

       6.    2p( 4)
                3P2

       7.    2s( 1)  2p( 2)  3s( 1)
                2S1     1S0     2S1
                           2S0     1S0

       8.    2s( 1)  2p( 2)  3s( 1)
                2S1     1S0     2S1
                           2S0     3S0

       9.    2s( 1)  2p( 2)  3s( 1)
                2S1     1D2     2S1
                           2D0     1D0

      10.    2s( 1)  2p( 2)  3s( 1)
                2S1     1D2     2S1
                           2D0     3D0

      11.    2s( 1)  2p( 2)  3s( 1)
                2S1     3P2     2S1
                           2P0     1P0

      12.    2s( 1)  2p( 2)  3s( 1)
                2S1     3P2     2S1
                           2P0     3P0

      13.    2s( 1)  2p( 2)  3s( 1)
                2S1     3P2     2S1
                           4P0     3P0

      14.    2s( 1)  2p( 2)  3s( 1)
                2S1     3P2     2S1
                           4P0     5P0

      15.    2s( 1)  2p( 2)  3d( 1)
                2S1     1S0     2D1
                           2S0     1D0

      16.    2s( 1)  2p( 2)  3d( 1)
                2S1     1S0     2D1
                           2S0     3D0

      17.    2s( 1)  2p( 2)  3d( 1)
                2S1     1D2     2D1
                           2D0     1S0

      18.    2s( 1)  2p( 2)  3d( 1)
                2S1     1D2     2D1
                           2D0     1P0

      19.    2s( 1)  2p( 2)  3d( 1)
                2S1     1D2     2D1
                           2D0     1D0

      20.    2s( 1)  2p( 2)  3d( 1)
                2S1     1D2     2D1
                           2D0     1F0

      21.    2s( 1)  2p( 2)  3d( 1)
                2S1     1D2     2D1
                           2D0     1G0

      22.    2s( 1)  2p( 2)  3d( 1)
                2S1     1D2     2D1
                           2D0     3S0

      23.    2s( 1)  2p( 2)  3d( 1)
                2S1     1D2     2D1
                           2D0     3P0

      24.    2s( 1)  2p( 2)  3d( 1)
                2S1     1D2     2D1
                           2D0     3D0

      25.    2s( 1)  2p( 2)  3d( 1)
                2S1     1D2     2D1
                           2D0     3F0

      26.    2s( 1)  2p( 2)  3d( 1)
                2S1     1D2     2D1
                           2D0     3G0

      27.    2s( 1)  2p( 2)  3d( 1)
                2S1     3P2     2D1
                           2P0     1P0

      28.    2s( 1)  2p( 2)  3d( 1)
                2S1     3P2     2D1
                           2P0     1D0

      29.    2s( 1)  2p( 2)  3d( 1)
                2S1     3P2     2D1
                           2P0     1F0

      30.    2s( 1)  2p( 2)  3d( 1)
                2S1     3P2     2D1
                           2P0     3P0

      31.    2s( 1)  2p( 2)  3d( 1)
                2S1     3P2     2D1
                           2P0     3D0

      32.    2s( 1)  2p( 2)  3d( 1)
                2S1     3P2     2D1
                           2P0     3F0

      33.    2s( 1)  2p( 2)  3d( 1)
                2S1     3P2     2D1
                           4P0     3P0

      34.    2s( 1)  2p( 2)  3d( 1)
                2S1     3P2     2D1
                           4P0     3D0

      35.    2s( 1)  2p( 2)  3d( 1)
                2S1     3P2     2D1
                           4P0     3F0

      36.    2s( 1)  2p( 2)  3d( 1)
                2S1     3P2     2D1
                           4P0     5P0

      37.    2s( 1)  2p( 2)  3d( 1)
                2S1     3P2     2D1
                           4P0     5D0

      38.    2s( 1)  2p( 2)  3d( 1)
                2S1     3P2     2D1
                           4P0     5F0

      39.    2s( 2)  2p( 1)  3p( 1)
                1S0     2P1     2P1
                           2P0     1S0

      40.    2s( 2)  2p( 1)  3p( 1)
                1S0     2P1     2P1
                           2P0     1P0

      41.    2s( 2)  2p( 1)  3p( 1)
                1S0     2P1     2P1
                           2P0     1D0

      42.    2s( 2)  2p( 1)  3p( 1)
                1S0     2P1     2P1
                           2P0     3S0

      43.    2s( 2)  2p( 1)  3p( 1)
                1S0     2P1     2P1
                           2P0     3P0

      44.    2s( 2)  2p( 1)  3p( 1)
                1S0     2P1     2P1
                           2P0     3D0
1 ELECTRIC TRANSITION OF ORDER   2

                                          _ 
 < INITIAL STATE ||E (2)|| FINAL STATE > = >  COEFF * WEIGHT(INITIAL,I) * WEIGHT(FINAL,J) * < NL||E (2)||N'L'>
+                                         _ 
                                         I,J


     COEFF      I    J     < NL||E (2)||N'L'>


    1.15470054    1    2     < 2p||E (2)|| 2p >
    1.41421356    1   15     < 2s||E (2)|| 3d >
    0.81649658    1   41     < 2p||E (2)|| 3p >
    1.15470054    2    1     < 2p||E (2)|| 2p >
    1.52752523    2    2     < 2p||E (2)|| 2p >
    0.63245553    2   17     < 2s||E (2)|| 3d >
   -1.09544512    2   18     < 2s||E (2)|| 3d >
    1.41421356    2   19     < 2s||E (2)|| 3d >
   -1.67332005    2   20     < 2s||E (2)|| 3d >
    1.89736660    2   21     < 2s||E (2)|| 3d >
    0.81649658    2   39     < 2p||E (2)|| 3p >
   -1.22474487    2   40     < 2p||E (2)|| 3p >
    1.08012345    2   41     < 2p||E (2)|| 3p >
   -1.00000000    3    3     < 2p||E (2)|| 2p >
    0.63245553    3   30     < 2s||E (2)|| 3d >
   -0.81649658    3   31     < 2s||E (2)|| 3d >
    0.96609178    3   32     < 2s||E (2)|| 3d >
    0.89442719    3   33     < 2s||E (2)|| 3d >
   -1.15470054    3   34     < 2s||E (2)|| 3d >
    1.36626010    3   35     < 2s||E (2)|| 3d >
   -0.70710678    3   43     < 2p||E (2)|| 3p >
    1.22474487    3   44     < 2p||E (2)|| 3p >
   -1.15470054    4    5     < 2p||E (2)|| 2p >
   -1.15470054    5    4     < 2p||E (2)|| 2p >
   -1.52752523    5    5     < 2p||E (2)|| 2p >
    1.00000000    6    6     < 2p||E (2)|| 2p >
    1.15470054    7    9     < 2p||E (2)|| 2p >
    1.00000000    7   15     < 3s||E (2)|| 3d >
    1.15470054    8   10     < 2p||E (2)|| 2p >
    1.00000000    8   16     < 3s||E (2)|| 3d >
    1.15470054    9    7     < 2p||E (2)|| 2p >
    1.52752523    9    9     < 2p||E (2)|| 2p >
    0.44721360    9   17     < 3s||E (2)|| 3d >
   -0.77459667    9   18     < 3s||E (2)|| 3d >
    1.00000000    9   19     < 3s||E (2)|| 3d >
   -1.18321596    9   20     < 3s||E (2)|| 3d >
    1.34164079    9   21     < 3s||E (2)|| 3d >
    1.15470054   10    8     < 2p||E (2)|| 2p >
    1.52752523   10   10     < 2p||E (2)|| 2p >
    0.44721360   10   22     < 3s||E (2)|| 3d >
   -0.77459667   10   23     < 3s||E (2)|| 3d >
    1.00000000   10   24     < 3s||E (2)|| 3d >
   -1.18321596   10   25     < 3s||E (2)|| 3d >
    1.34164079   10   26     < 3s||E (2)|| 3d >
   -1.00000000   11   11     < 2p||E (2)|| 2p >
    0.77459667   11   27     < 3s||E (2)|| 3d >
   -1.00000000   11   28     < 3s||E (2)|| 3d >
    1.18321596   11   29     < 3s||E (2)|| 3d >
   -1.00000000   12   12     < 2p||E (2)|| 2p >
    0.77459667   12   30     < 3s||E (2)|| 3d >
   -1.00000000   12   31     < 3s||E (2)|| 3d >
    1.18321596   12   32     < 3s||E (2)|| 3d >
   -1.00000000   13   13     < 2p||E (2)|| 2p >
    0.77459667   13   33     < 3s||E (2)|| 3d >
   -1.00000000   13   34     < 3s||E (2)|| 3d >
    1.18321596   13   35     < 3s||E (2)|| 3d >
   -1.00000000   14   14     < 2p||E (2)|| 2p >
    0.77459667   14   36     < 3s||E (2)|| 3d >
   -1.00000000   14   37     < 3s||E (2)|| 3d >
    1.18321596   14   38     < 3s||E (2)|| 3d >
    1.41421356   15    1     < 3d||E (2)|| 2s >
    1.00000000   15    7     < 3d||E (2)|| 3s >
    1.00000000   15   15     < 3d||E (2)|| 3d >
    0.51639778   15   17     < 2p||E (2)|| 2p >
    0.89442719   15   18     < 2p||E (2)|| 2p >
    1.15470054   15   19     < 2p||E (2)|| 2p >
    1.36626010   15   20     < 2p||E (2)|| 2p >
    1.54919334   15   21     < 2p||E (2)|| 2p >
    1.00000000   16    8     < 3d||E (2)|| 3s >
    1.00000000   16   16     < 3d||E (2)|| 3d >
    0.51639778   16   22     < 2p||E (2)|| 2p >
    0.89442719   16   23     < 2p||E (2)|| 2p >
    1.15470054   16   24     < 2p||E (2)|| 2p >
    1.36626010   16   25     < 2p||E (2)|| 2p >
    1.54919334   16   26     < 2p||E (2)|| 2p >
    0.63245553   17    2     < 3d||E (2)|| 2s >
    0.44721360   17    9     < 3d||E (2)|| 3s >
    0.51639778   17   15     < 2p||E (2)|| 2p >
    0.68313005   17   19     < 2p||E (2)|| 2p >
    0.44721360   17   19     < 3d||E (2)|| 3d >
    1.09544512   18    2     < 3d||E (2)|| 2s >
    0.77459667   18    9     < 3d||E (2)|| 3s >
   -0.89442719   18   15     < 2p||E (2)|| 2p >
   -0.70000000   18   18     < 2p||E (2)|| 2p >
   -0.45825757   18   18     < 3d||E (2)|| 3d >
   -0.59160798   18   19     < 2p||E (2)|| 2p >
    0.38729833   18   19     < 3d||E (2)|| 3d >
    0.74833148   18   20     < 2p||E (2)|| 2p >
    0.48989795   18   20     < 3d||E (2)|| 3d >
    1.41421356   19    2     < 3d||E (2)|| 2s >
    1.00000000   19    9     < 3d||E (2)|| 3s >
    1.15470054   19   15     < 2p||E (2)|| 2p >
    0.68313005   19   17     < 2p||E (2)|| 2p >
    0.44721360   19   17     < 3d||E (2)|| 3d >
    0.59160798   19   18     < 2p||E (2)|| 2p >
   -0.38729833   19   18     < 3d||E (2)|| 3d >
   -0.32732684   19   19     < 2p||E (2)|| 2p >
   -0.21428571   19   19     < 3d||E (2)|| 3d >
   -1.03279556   19   20     < 2p||E (2)|| 2p >
    0.67612340   19   20     < 3d||E (2)|| 3d >
    0.58554004   19   21     < 2p||E (2)|| 2p >
    0.38332594   19   21     < 3d||E (2)|| 3d >
    1.67332005   20    2     < 3d||E (2)|| 2s >
    1.18321596   20    9     < 3d||E (2)|| 3s >
   -1.36626010   20   15     < 2p||E (2)|| 2p >
    0.74833148   20   18     < 2p||E (2)|| 2p >
    0.48989795   20   18     < 3d||E (2)|| 3d >
    1.03279556   20   19     < 2p||E (2)|| 2p >
   -0.67612340   20   19     < 3d||E (2)|| 3d >
    0.37416574   20   20     < 2p||E (2)|| 2p >
    0.24494897   20   20     < 3d||E (2)|| 3d >
   -1.22474487   20   21     < 2p||E (2)|| 2p >
    0.80178373   20   21     < 3d||E (2)|| 3d >
    1.89736660   21    2     < 3d||E (2)|| 2s >
    1.34164079   21    9     < 3d||E (2)|| 3s >
    1.54919334   21   15     < 2p||E (2)|| 2p >
    0.58554004   21   19     < 2p||E (2)|| 2p >
    0.38332594   21   19     < 3d||E (2)|| 3d >
    1.22474487   21   20     < 2p||E (2)|| 2p >
   -0.80178373   21   20     < 3d||E (2)|| 3d >
    1.53529895   21   21     < 2p||E (2)|| 2p >
    1.00508909   21   21     < 3d||E (2)|| 3d >
    0.44721360   22   10     < 3d||E (2)|| 3s >
    0.51639778   22   16     < 2p||E (2)|| 2p >
    0.68313005   22   24     < 2p||E (2)|| 2p >
    0.44721360   22   24     < 3d||E (2)|| 3d >
    0.77459667   23   10     < 3d||E (2)|| 3s >
   -0.89442719   23   16     < 2p||E (2)|| 2p >
   -0.70000000   23   23     < 2p||E (2)|| 2p >
   -0.45825757   23   23     < 3d||E (2)|| 3d >
   -0.59160798   23   24     < 2p||E (2)|| 2p >
    0.38729833   23   24     < 3d||E (2)|| 3d >
    0.74833148   23   25     < 2p||E (2)|| 2p >
    0.48989795   23   25     < 3d||E (2)|| 3d >
    1.00000000   24   10     < 3d||E (2)|| 3s >
    1.15470054   24   16     < 2p||E (2)|| 2p >
    0.68313005   24   22     < 2p||E (2)|| 2p >
    0.44721360   24   22     < 3d||E (2)|| 3d >
    0.59160798   24   23     < 2p||E (2)|| 2p >
   -0.38729833   24   23     < 3d||E (2)|| 3d >
   -0.32732684   24   24     < 2p||E (2)|| 2p >
   -0.21428571   24   24     < 3d||E (2)|| 3d >
   -1.03279556   24   25     < 2p||E (2)|| 2p >
    0.67612340   24   25     < 3d||E (2)|| 3d >
    0.58554004   24   26     < 2p||E (2)|| 2p >
    0.38332594   24   26     < 3d||E (2)|| 3d >
    1.18321596   25   10     < 3d||E (2)|| 3s >
   -1.36626010   25   16     < 2p||E (2)|| 2p >
    0.74833148   25   23     < 2p||E (2)|| 2p >
    0.48989795   25   23     < 3d||E (2)|| 3d >
    1.03279556   25   24     < 2p||E (2)|| 2p >
   -0.67612340   25   24     < 3d||E (2)|| 3d >
    0.37416574   25   25     < 2p||E (2)|| 2p >
    0.24494897   25   25     < 3d||E (2)|| 3d >
   -1.22474487   25   26     < 2p||E (2)|| 2p >
    0.80178373   25   26     < 3d||E (2)|| 3d >
    1.34164079   26   10     < 3d||E (2)|| 3s >
    1.54919334   26   16     < 2p||E (2)|| 2p >
    0.58554004   26   24     < 2p||E (2)|| 2p >
    0.38332594   26   24     < 3d||E (2)|| 3d >
    1.22474487   26   25     < 2p||E (2)|| 2p >
   -0.80178373   26   25     < 3d||E (2)|| 3d >
    1.53529895   26   26     < 2p||E (2)|| 2p >
    1.00508909   26   26     < 3d||E (2)|| 3d >
    0.77459667   27   11     < 3d||E (2)|| 3s >
   -0.10000000   27   27     < 2p||E (2)|| 2p >
    0.45825757   27   27     < 3d||E (2)|| 3d >
   -0.38729833   27   28     < 2p||E (2)|| 2p >
    0.59160798   27   28     < 3d||E (2)|| 3d >
   -0.91651514   27   29     < 2p||E (2)|| 2p >
    0.20000000   27   29     < 3d||E (2)|| 3d >
    1.00000000   28   11     < 3d||E (2)|| 3s >
    0.38729833   28   27     < 2p||E (2)|| 2p >
   -0.59160798   28   27     < 3d||E (2)|| 3d >
    0.76376262   28   28     < 2p||E (2)|| 2p >
    0.50000000   28   28     < 3d||E (2)|| 3d >
    0.96609178   28   29     < 2p||E (2)|| 2p >
    0.63245553   28   29     < 3d||E (2)|| 3d >
    1.18321596   29   11     < 3d||E (2)|| 3s >
   -0.91651514   29   27     < 2p||E (2)|| 2p >
    0.20000000   29   27     < 3d||E (2)|| 3d >
   -0.96609178   29   28     < 2p||E (2)|| 2p >
   -0.63245553   29   28     < 3d||E (2)|| 3d >
   -0.74833148   29   29     < 2p||E (2)|| 2p >
    0.97979590   29   29     < 3d||E (2)|| 3d >
    0.63245553   30    3     < 3d||E (2)|| 2s >
    0.77459667   30   12     < 3d||E (2)|| 3s >
   -0.10000000   30   30     < 2p||E (2)|| 2p >
    0.45825757   30   30     < 3d||E (2)|| 3d >
   -0.38729833   30   31     < 2p||E (2)|| 2p >
    0.59160798   30   31     < 3d||E (2)|| 3d >
   -0.91651514   30   32     < 2p||E (2)|| 2p >
    0.20000000   30   32     < 3d||E (2)|| 3d >
    0.81649658   31    3     < 3d||E (2)|| 2s >
    1.00000000   31   12     < 3d||E (2)|| 3s >
    0.38729833   31   30     < 2p||E (2)|| 2p >
   -0.59160798   31   30     < 3d||E (2)|| 3d >
    0.76376262   31   31     < 2p||E (2)|| 2p >
    0.50000000   31   31     < 3d||E (2)|| 3d >
    0.96609178   31   32     < 2p||E (2)|| 2p >
    0.63245553   31   32     < 3d||E (2)|| 3d >
    0.96609178   32    3     < 3d||E (2)|| 2s >
    1.18321596   32   12     < 3d||E (2)|| 3s >
   -0.91651514   32   30     < 2p||E (2)|| 2p >
    0.20000000   32   30     < 3d||E (2)|| 3d >
   -0.96609178   32   31     < 2p||E (2)|| 2p >
   -0.63245553   32   31     < 3d||E (2)|| 3d >
   -0.74833148   32   32     < 2p||E (2)|| 2p >
    0.97979590   32   32     < 3d||E (2)|| 3d >
    0.89442719   33    3     < 3d||E (2)|| 2s >
    0.77459667   33   13     < 3d||E (2)|| 3s >
   -0.10000000   33   33     < 2p||E (2)|| 2p >
    0.45825757   33   33     < 3d||E (2)|| 3d >
   -0.38729833   33   34     < 2p||E (2)|| 2p >
    0.59160798   33   34     < 3d||E (2)|| 3d >
   -0.91651514   33   35     < 2p||E (2)|| 2p >
    0.20000000   33   35     < 3d||E (2)|| 3d >
    1.15470054   34    3     < 3d||E (2)|| 2s >
    1.00000000   34   13     < 3d||E (2)|| 3s >
    0.38729833   34   33     < 2p||E (2)|| 2p >
   -0.59160798   34   33     < 3d||E (2)|| 3d >
    0.76376262   34   34     < 2p||E (2)|| 2p >
    0.50000000   34   34     < 3d||E (2)|| 3d >
    0.96609178   34   35     < 2p||E (2)|| 2p >
    0.63245553   34   35     < 3d||E (2)|| 3d >
    1.36626010   35    3     < 3d||E (2)|| 2s >
    1.18321596   35   13     < 3d||E (2)|| 3s >
   -0.91651514   35   33     < 2p||E (2)|| 2p >
    0.20000000   35   33     < 3d||E (2)|| 3d >
   -0.96609178   35   34     < 2p||E (2)|| 2p >
   -0.63245553   35   34     < 3d||E (2)|| 3d >
   -0.74833148   35   35     < 2p||E (2)|| 2p >
    0.97979590   35   35     < 3d||E (2)|| 3d >
    0.77459667   36   14     < 3d||E (2)|| 3s >
   -0.10000000   36   36     < 2p||E (2)|| 2p >
    0.45825757   36   36     < 3d||E (2)|| 3d >
   -0.38729833   36   37     < 2p||E (2)|| 2p >
    0.59160798   36   37     < 3d||E (2)|| 3d >
   -0.91651514   36   38     < 2p||E (2)|| 2p >
    0.20000000   36   38     < 3d||E (2)|| 3d >
    1.00000000   37   14     < 3d||E (2)|| 3s >
    0.38729833   37   36     < 2p||E (2)|| 2p >
   -0.59160798   37   36     < 3d||E (2)|| 3d >
    0.76376262   37   37     < 2p||E (2)|| 2p >
    0.50000000   37   37     < 3d||E (2)|| 3d >
    0.96609178   37   38     < 2p||E (2)|| 2p >
    0.63245553   37   38     < 3d||E (2)|| 3d >
    1.18321596   38   14     < 3d||E (2)|| 3s >
   -0.91651514   38   36     < 2p||E (2)|| 2p >
    0.20000000   38   36     < 3d||E (2)|| 3d >
   -0.96609178   38   37     < 2p||E (2)|| 2p >
   -0.63245553   38   37     < 3d||E (2)|| 3d >
   -0.74833148   38   38     < 2p||E (2)|| 2p >
    0.97979590   38   38     < 3d||E (2)|| 3d >
    0.81649658   39    2     < 3p||E (2)|| 2p >
    0.57735027   39   41     < 2p||E (2)|| 2p >
    0.57735027   39   41     < 3p||E (2)|| 3p >
    1.22474487   40    2     < 3p||E (2)|| 2p >
   -0.50000000   40   40     < 2p||E (2)|| 2p >
   -0.50000000   40   40     < 3p||E (2)|| 3p >
   -0.86602540   40   41     < 2p||E (2)|| 2p >
    0.86602540   40   41     < 3p||E (2)|| 3p >
    0.81649658   41    1     < 3p||E (2)|| 2p >
    1.08012345   41    2     < 3p||E (2)|| 2p >
    0.57735027   41   39     < 2p||E (2)|| 2p >
    0.57735027   41   39     < 3p||E (2)|| 3p >
    0.86602540   41   40     < 2p||E (2)|| 2p >
   -0.86602540   41   40     < 3p||E (2)|| 3p >
    0.76376262   41   41     < 2p||E (2)|| 2p >
    0.76376262   41   41     < 3p||E (2)|| 3p >
    0.57735027   42   44     < 2p||E (2)|| 2p >
    0.57735027   42   44     < 3p||E (2)|| 3p >
   -0.70710678   43    3     < 3p||E (2)|| 2p >
   -0.50000000   43   43     < 2p||E (2)|| 2p >
   -0.50000000   43   43     < 3p||E (2)|| 3p >
   -0.86602540   43   44     < 2p||E (2)|| 2p >
    0.86602540   43   44     < 3p||E (2)|| 3p >
   -1.22474487   44    3     < 3p||E (2)|| 2p >
    0.57735027   44   42     < 2p||E (2)|| 2p >
    0.57735027   44   42     < 3p||E (2)|| 3p >
    0.86602540   44   43     < 2p||E (2)|| 2p >
   -0.86602540   44   43     < 3p||E (2)|| 3p >
    0.76376262   44   44     < 2p||E (2)|| 2p >
    0.76376262   44   44     < 3p||E (2)|| 3p >



                                NUMBER OF TERMS IN THE ABOVE SUMMATION =284
1 MAGNETIC TRANSITION OF ORDER   1

                                          _ 
 < INITIAL STATE ||M (1)|| FINAL STATE > = >  COEFF * WEIGHT(INITIAL,I) * WEIGHT(FINAL,J) * < NL||M (1)||N'L'>
+                                         _ 
                                         I,J


     COEFF      I    J     < NL||M (1)||N'L'>


    2.23606798    2    2     < 2p||MA(1)|| 2p >
    1.58113883    2   41     < 2p||MA(1)|| 3p >
    1.00000000    3    3     < 2p||MA(1)|| 2p >
    0.70710678    3   43     < 2p||MA(1)|| 3p >
    2.23606798    5    5     < 2p||MA(1)|| 2p >
    1.00000000    6    6     < 2p||MA(1)|| 2p >
    2.23606798    9    9     < 2p||MA(1)|| 2p >
    2.23606798   10   10     < 2p||MA(1)|| 2p >
    1.00000000   11   11     < 2p||MA(1)|| 2p >
    1.00000000   12   12     < 2p||MA(1)|| 2p >
    1.00000000   13   13     < 2p||MA(1)|| 2p >
    1.00000000   14   14     < 2p||MA(1)|| 2p >
    1.00000000   15   15     < 3d||MA(1)|| 3d >
    1.00000000   16   16     < 3d||MA(1)|| 3d >
    0.50000000   18   18     < 2p||MA(1)|| 2p >
    0.22360680   18   18     < 3d||MA(1)|| 3d >
    1.11803399   19   19     < 2p||MA(1)|| 2p >
    0.50000000   19   19     < 3d||MA(1)|| 3d >
    1.87082869   20   20     < 2p||MA(1)|| 2p >
    0.83666003   20   20     < 3d||MA(1)|| 3d >
    2.73861279   21   21     < 2p||MA(1)|| 2p >
    1.22474487   21   21     < 3d||MA(1)|| 3d >
    0.50000000   23   23     < 2p||MA(1)|| 2p >
    0.22360680   23   23     < 3d||MA(1)|| 3d >
    1.11803399   24   24     < 2p||MA(1)|| 2p >
    0.50000000   24   24     < 3d||MA(1)|| 3d >
    1.87082869   25   25     < 2p||MA(1)|| 2p >
    0.83666003   25   25     < 3d||MA(1)|| 3d >
    2.73861279   26   26     < 2p||MA(1)|| 2p >
    1.22474487   26   26     < 3d||MA(1)|| 3d >
   -0.50000000   27   27     < 2p||MA(1)|| 2p >
    0.67082039   27   27     < 3d||MA(1)|| 3d >
    0.37267800   28   28     < 2p||MA(1)|| 2p >
    0.83333333   28   28     < 3d||MA(1)|| 3d >
    1.24721913   29   29     < 2p||MA(1)|| 2p >
    1.11554670   29   29     < 3d||MA(1)|| 3d >
   -0.50000000   30   30     < 2p||MA(1)|| 2p >
    0.67082039   30   30     < 3d||MA(1)|| 3d >
    0.37267800   31   31     < 2p||MA(1)|| 2p >
    0.83333333   31   31     < 3d||MA(1)|| 3d >
    1.24721913   32   32     < 2p||MA(1)|| 2p >
    1.11554670   32   32     < 3d||MA(1)|| 3d >
   -0.50000000   33   33     < 2p||MA(1)|| 2p >
    0.67082039   33   33     < 3d||MA(1)|| 3d >
    0.37267800   34   34     < 2p||MA(1)|| 2p >
    0.83333333   34   34     < 3d||MA(1)|| 3d >
    1.24721913   35   35     < 2p||MA(1)|| 2p >
    1.11554670   35   35     < 3d||MA(1)|| 3d >
   -0.50000000   36   36     < 2p||MA(1)|| 2p >
    0.67082039   36   36     < 3d||MA(1)|| 3d >
    0.37267800   37   37     < 2p||MA(1)|| 2p >
    0.83333333   37   37     < 3d||MA(1)|| 3d >
    1.24721913   38   38     < 2p||MA(1)|| 2p >
    1.11554670   38   38     < 3d||MA(1)|| 3d >
    0.50000000   40   40     < 2p||MA(1)|| 2p >
    0.50000000   40   40     < 3p||MA(1)|| 3p >
    1.58113883   41    2     < 3p||MA(1)|| 2p >
    1.11803399   41   41     < 2p||MA(1)|| 2p >
    1.11803399   41   41     < 3p||MA(1)|| 3p >
    0.70710678   43    3     < 3p||MA(1)|| 2p >
    0.50000000   43   43     < 2p||MA(1)|| 2p >
    0.50000000   43   43     < 3p||MA(1)|| 3p >
    1.11803399   44   44     < 2p||MA(1)|| 2p >
    1.11803399   44   44     < 3p||MA(1)|| 3p >
    2.00000000    3    3     < 2p||MB(1)|| 2p >
    1.41421356    3   12     < 2s||MB(1)|| 3s >
   -1.00000000    3   13     < 2s||MB(1)|| 3s >
    1.41421356    3   43     < 2p||MB(1)|| 3p >
    2.00000000    6    6     < 2p||MB(1)|| 2p >
    1.00000000    8    8     < 2s||MB(1)|| 2s >
    1.00000000    8    8     < 3s||MB(1)|| 3s >
    2.23606798   10   10     < 2s||MB(1)|| 2s >
    2.23606798   10   10     < 3s||MB(1)|| 3s >
    1.41421356   12    3     < 3s||MB(1)|| 2s >
   -0.57735027   12   12     < 2s||MB(1)|| 2s >
    1.33333333   12   12     < 2p||MB(1)|| 2p >
    1.73205081   12   12     < 3s||MB(1)|| 3s >
   -0.81649658   12   13     < 2s||MB(1)|| 2s >
    0.47140452   12   13     < 2p||MB(1)|| 2p >
   -1.00000000   13    3     < 3s||MB(1)|| 2s >
   -0.81649658   13   12     < 2s||MB(1)|| 2s >
    0.47140452   13   12     < 2p||MB(1)|| 2p >
    1.44337567   13   13     < 2s||MB(1)|| 2s >
    1.66666667   13   13     < 2p||MB(1)|| 2p >
   -0.86602540   13   13     < 3s||MB(1)|| 3s >
    1.93649167   14   14     < 2s||MB(1)|| 2s >
    2.23606798   14   14     < 2p||MB(1)|| 2p >
    1.93649167   14   14     < 3s||MB(1)|| 3s >
    2.23606798   16   16     < 2s||MB(1)|| 2s >
    1.00000000   16   16     < 3d||MB(1)|| 3d >
    1.00000000   22   22     < 2s||MB(1)|| 2s >
    0.44721360   22   22     < 3d||MB(1)|| 3d >
    1.73205081   23   23     < 2s||MB(1)|| 2s >
    0.77459667   23   23     < 3d||MB(1)|| 3d >
    2.23606798   24   24     < 2s||MB(1)|| 2s >
    1.00000000   24   24     < 3d||MB(1)|| 3d >
    2.64575131   25   25     < 2s||MB(1)|| 2s >
    1.18321596   25   25     < 3d||MB(1)|| 3d >
    3.00000000   26   26     < 2s||MB(1)|| 2s >
    1.34164079   26   26     < 3d||MB(1)|| 3d >
   -0.57735027   30   30     < 2s||MB(1)|| 2s >
    1.33333333   30   30     < 2p||MB(1)|| 2p >
    0.77459667   30   30     < 3d||MB(1)|| 3d >
   -0.81649658   30   33     < 2s||MB(1)|| 2s >
    0.47140452   30   33     < 2p||MB(1)|| 2p >
   -0.74535599   31   31     < 2s||MB(1)|| 2s >
    1.72132593   31   31     < 2p||MB(1)|| 2p >
    1.00000000   31   31     < 3d||MB(1)|| 3d >
   -1.05409255   31   34     < 2s||MB(1)|| 2s >
    0.60858062   31   34     < 2p||MB(1)|| 2p >
   -0.88191710   32   32     < 2s||MB(1)|| 2s >
    2.03670031   32   32     < 2p||MB(1)|| 2p >
    1.18321596   32   32     < 3d||MB(1)|| 3d >
   -1.24721913   32   35     < 2s||MB(1)|| 2s >
    0.72008230   32   35     < 2p||MB(1)|| 2p >
   -0.81649658   33   30     < 2s||MB(1)|| 2s >
    0.47140452   33   30     < 2p||MB(1)|| 2p >
    1.44337567   33   33     < 2s||MB(1)|| 2s >
    1.66666667   33   33     < 2p||MB(1)|| 2p >
   -0.38729833   33   33     < 3d||MB(1)|| 3d >
   -1.05409255   34   31     < 2s||MB(1)|| 2s >
    0.60858062   34   31     < 2p||MB(1)|| 2p >
    1.86338998   34   34     < 2s||MB(1)|| 2s >
    2.15165741   34   34     < 2p||MB(1)|| 2p >
   -0.50000000   34   34     < 3d||MB(1)|| 3d >
   -1.24721913   35   32     < 2s||MB(1)|| 2s >
    0.72008230   35   32     < 2p||MB(1)|| 2p >
    2.20479276   35   35     < 2s||MB(1)|| 2s >
    2.54587539   35   35     < 2p||MB(1)|| 2p >
   -0.59160798   35   35     < 3d||MB(1)|| 3d >
    1.93649167   36   36     < 2s||MB(1)|| 2s >
    2.23606798   36   36     < 2p||MB(1)|| 2p >
    0.86602540   36   36     < 3d||MB(1)|| 3d >
    2.50000000   37   37     < 2s||MB(1)|| 2s >
    2.88675135   37   37     < 2p||MB(1)|| 2p >
    1.11803399   37   37     < 3d||MB(1)|| 3d >
    2.95803989   38   38     < 2s||MB(1)|| 2s >
    3.41565026   38   38     < 2p||MB(1)|| 2p >
    1.32287566   38   38     < 3d||MB(1)|| 3d >
    0.57735027   42   42     < 2p||MB(1)|| 2p >
    0.57735027   42   42     < 3p||MB(1)|| 3p >
    1.41421356   43    3     < 3p||MB(1)|| 2p >
    1.00000000   43   43     < 2p||MB(1)|| 2p >
    1.00000000   43   43     < 3p||MB(1)|| 3p >
    1.29099445   44   44     < 2p||MB(1)|| 2p >
    1.29099445   44   44     < 3p||MB(1)|| 3p >



                                NUMBER OF TERMS IN THE ABOVE SUMMATION =146
  Carbon-like Argon               =>  Carbon-like Argon                 
    1.15470054E 2( 2p  1, 2p  2)
    1.41421356E 2( 2s  1, 3d 15)
    0.81649658E 2( 2p  1, 3p 41)
    1.15470054E 2( 2p  2, 2p  1)
    1.52752523E 2( 2p  2, 2p  2)
    0.63245553E 2( 2s  2, 3d 17)
   -1.09544512E 2( 2s  2, 3d 18)
    1.41421356E 2( 2s  2, 3d 19)
   -1.67332005E 2( 2s  2, 3d 20)
    1.89736660E 2( 2s  2, 3d 21)
    0.81649658E 2( 2p  2, 3p 39)
   -1.22474487E 2( 2p  2, 3p 40)
    1.08012345E 2( 2p  2, 3p 41)
   -1.00000000E 2( 2p  3, 2p  3)
    0.63245553E 2( 2s  3, 3d 30)
   -0.81649658E 2( 2s  3, 3d 31)
    0.96609178E 2( 2s  3, 3d 32)
    0.89442719E 2( 2s  3, 3d 33)
   -1.15470054E 2( 2s  3, 3d 34)
    1.36626010E 2( 2s  3, 3d 35)
   -0.70710678E 2( 2p  3, 3p 43)
    1.22474487E 2( 2p  3, 3p 44)
   -1.15470054E 2( 2p  4, 2p  5)
   -1.15470054E 2( 2p  5, 2p  4)
   -1.52752523E 2( 2p  5, 2p  5)
    1.00000000E 2( 2p  6, 2p  6)
    1.15470054E 2( 2p  7, 2p  9)
    1.00000000E 2( 3s  7, 3d 15)
    1.15470054E 2( 2p  8, 2p 10)
    1.00000000E 2( 3s  8, 3d 16)
    1.15470054E 2( 2p  9, 2p  7)
    1.52752523E 2( 2p  9, 2p  9)
    0.44721360E 2( 3s  9, 3d 17)
   -0.77459667E 2( 3s  9, 3d 18)
    1.00000000E 2( 3s  9, 3d 19)
   -1.18321596E 2( 3s  9, 3d 20)
    1.34164079E 2( 3s  9, 3d 21)
    1.15470054E 2( 2p 10, 2p  8)
    1.52752523E 2( 2p 10, 2p 10)
    0.44721360E 2( 3s 10, 3d 22)
   -0.77459667E 2( 3s 10, 3d 23)
    1.00000000E 2( 3s 10, 3d 24)
   -1.18321596E 2( 3s 10, 3d 25)
    1.34164079E 2( 3s 10, 3d 26)
   -1.00000000E 2( 2p 11, 2p 11)
    0.77459667E 2( 3s 11, 3d 27)
   -1.00000000E 2( 3s 11, 3d 28)
    1.18321596E 2( 3s 11, 3d 29)
   -1.00000000E 2( 2p 12, 2p 12)
    0.77459667E 2( 3s 12, 3d 30)
   -1.00000000E 2( 3s 12, 3d 31)
    1.18321596E 2( 3s 12, 3d 32)
   -1.00000000E 2( 2p 13, 2p 13)
    0.77459667E 2( 3s 13, 3d 33)
   -1.00000000E 2( 3s 13, 3d 34)
    1.18321596E 2( 3s 13, 3d 35)
   -1.00000000E 2( 2p 14, 2p 14)
    0.77459667E 2( 3s 14, 3d 36)
   -1.00000000E 2( 3s 14, 3d 37)
    1.18321596E 2( 3s 14, 3d 38)
    1.41421356E 2( 3d 15, 2s  1)
    1.00000000E 2( 3d 15, 3s  7)
    1.00000000E 2( 3d 15, 3d 15)
    0.51639778E 2( 2p 15, 2p 17)
    0.89442719E 2( 2p 15, 2p 18)
    1.15470054E 2( 2p 15, 2p 19)
    1.36626010E 2( 2p 15, 2p 20)
    1.54919334E 2( 2p 15, 2p 21)
    1.00000000E 2( 3d 16, 3s  8)
    1.00000000E 2( 3d 16, 3d 16)
    0.51639778E 2( 2p 16, 2p 22)
    0.89442719E 2( 2p 16, 2p 23)
    1.15470054E 2( 2p 16, 2p 24)
    1.36626010E 2( 2p 16, 2p 25)
    1.54919334E 2( 2p 16, 2p 26)
    0.63245553E 2( 3d 17, 2s  2)
    0.44721360E 2( 3d 17, 3s  9)
    0.51639778E 2( 2p 17, 2p 15)
    0.68313005E 2( 2p 17, 2p 19)
    0.44721360E 2( 3d 17, 3d 19)
    1.09544512E 2( 3d 18, 2s  2)
    0.77459667E 2( 3d 18, 3s  9)
   -0.89442719E 2( 2p 18, 2p 15)
   -0.70000000E 2( 2p 18, 2p 18)
   -0.45825757E 2( 3d 18, 3d 18)
   -0.59160798E 2( 2p 18, 2p 19)
    0.38729833E 2( 3d 18, 3d 19)
    0.74833148E 2( 2p 18, 2p 20)
    0.48989795E 2( 3d 18, 3d 20)
    1.41421356E 2( 3d 19, 2s  2)
    1.00000000E 2( 3d 19, 3s  9)
    1.15470054E 2( 2p 19, 2p 15)
    0.68313005E 2( 2p 19, 2p 17)
    0.44721360E 2( 3d 19, 3d 17)
    0.59160798E 2( 2p 19, 2p 18)
   -0.38729833E 2( 3d 19, 3d 18)
   -0.32732684E 2( 2p 19, 2p 19)
   -0.21428571E 2( 3d 19, 3d 19)
   -1.03279556E 2( 2p 19, 2p 20)
    0.67612340E 2( 3d 19, 3d 20)
    0.58554004E 2( 2p 19, 2p 21)
    0.38332594E 2( 3d 19, 3d 21)
    1.67332005E 2( 3d 20, 2s  2)
    1.18321596E 2( 3d 20, 3s  9)
   -1.36626010E 2( 2p 20, 2p 15)
    0.74833148E 2( 2p 20, 2p 18)
    0.48989795E 2( 3d 20, 3d 18)
    1.03279556E 2( 2p 20, 2p 19)
   -0.67612340E 2( 3d 20, 3d 19)
    0.37416574E 2( 2p 20, 2p 20)
    0.24494897E 2( 3d 20, 3d 20)
   -1.22474487E 2( 2p 20, 2p 21)
    0.80178373E 2( 3d 20, 3d 21)
    1.89736660E 2( 3d 21, 2s  2)
    1.34164079E 2( 3d 21, 3s  9)
    1.54919334E 2( 2p 21, 2p 15)
    0.58554004E 2( 2p 21, 2p 19)
    0.38332594E 2( 3d 21, 3d 19)
    1.22474487E 2( 2p 21, 2p 20)
   -0.80178373E 2( 3d 21, 3d 20)
    1.53529895E 2( 2p 21, 2p 21)
    1.00508909E 2( 3d 21, 3d 21)
    0.44721360E 2( 3d 22, 3s 10)
    0.51639778E 2( 2p 22, 2p 16)
    0.68313005E 2( 2p 22, 2p 24)
    0.44721360E 2( 3d 22, 3d 24)
    0.77459667E 2( 3d 23, 3s 10)
   -0.89442719E 2( 2p 23, 2p 16)
   -0.70000000E 2( 2p 23, 2p 23)
   -0.45825757E 2( 3d 23, 3d 23)
   -0.59160798E 2( 2p 23, 2p 24)
    0.38729833E 2( 3d 23, 3d 24)
    0.74833148E 2( 2p 23, 2p 25)
    0.48989795E 2( 3d 23, 3d 25)
    1.00000000E 2( 3d 24, 3s 10)
    1.15470054E 2( 2p 24, 2p 16)
    0.68313005E 2( 2p 24, 2p 22)
    0.44721360E 2( 3d 24, 3d 22)
    0.59160798E 2( 2p 24, 2p 23)
   -0.38729833E 2( 3d 24, 3d 23)
   -0.32732684E 2( 2p 24, 2p 24)
   -0.21428571E 2( 3d 24, 3d 24)
   -1.03279556E 2( 2p 24, 2p 25)
    0.67612340E 2( 3d 24, 3d 25)
    0.58554004E 2( 2p 24, 2p 26)
    0.38332594E 2( 3d 24, 3d 26)
    1.18321596E 2( 3d 25, 3s 10)
   -1.36626010E 2( 2p 25, 2p 16)
    0.74833148E 2( 2p 25, 2p 23)
    0.48989795E 2( 3d 25, 3d 23)
    1.03279556E 2( 2p 25, 2p 24)
   -0.67612340E 2( 3d 25, 3d 24)
    0.37416574E 2( 2p 25, 2p 25)
    0.24494897E 2( 3d 25, 3d 25)
   -1.22474487E 2( 2p 25, 2p 26)
    0.80178373E 2( 3d 25, 3d 26)
    1.34164079E 2( 3d 26, 3s 10)
    1.54919334E 2( 2p 26, 2p 16)
    0.58554004E 2( 2p 26, 2p 24)
    0.38332594E 2( 3d 26, 3d 24)
    1.22474487E 2( 2p 26, 2p 25)
   -0.80178373E 2( 3d 26, 3d 25)
    1.53529895E 2( 2p 26, 2p 26)
    1.00508909E 2( 3d 26, 3d 26)
    0.77459667E 2( 3d 27, 3s 11)
   -0.10000000E 2( 2p 27, 2p 27)
    0.45825757E 2( 3d 27, 3d 27)
   -0.38729833E 2( 2p 27, 2p 28)
    0.59160798E 2( 3d 27, 3d 28)
   -0.91651514E 2( 2p 27, 2p 29)
    0.20000000E 2( 3d 27, 3d 29)
    1.00000000E 2( 3d 28, 3s 11)
    0.38729833E 2( 2p 28, 2p 27)
   -0.59160798E 2( 3d 28, 3d 27)
    0.76376262E 2( 2p 28, 2p 28)
    0.50000000E 2( 3d 28, 3d 28)
    0.96609178E 2( 2p 28, 2p 29)
    0.63245553E 2( 3d 28, 3d 29)
    1.18321596E 2( 3d 29, 3s 11)
   -0.91651514E 2( 2p 29, 2p 27)
    0.20000000E 2( 3d 29, 3d 27)
   -0.96609178E 2( 2p 29, 2p 28)
   -0.63245553E 2( 3d 29, 3d 28)
   -0.74833148E 2( 2p 29, 2p 29)
    0.97979590E 2( 3d 29, 3d 29)
    0.63245553E 2( 3d 30, 2s  3)
    0.77459667E 2( 3d 30, 3s 12)
   -0.10000000E 2( 2p 30, 2p 30)
    0.45825757E 2( 3d 30, 3d 30)
   -0.38729833E 2( 2p 30, 2p 31)
    0.59160798E 2( 3d 30, 3d 31)
   -0.91651514E 2( 2p 30, 2p 32)
    0.20000000E 2( 3d 30, 3d 32)
    0.81649658E 2( 3d 31, 2s  3)
    1.00000000E 2( 3d 31, 3s 12)
    0.38729833E 2( 2p 31, 2p 30)
   -0.59160798E 2( 3d 31, 3d 30)
    0.76376262E 2( 2p 31, 2p 31)
    0.50000000E 2( 3d 31, 3d 31)
    0.96609178E 2( 2p 31, 2p 32)
    0.63245553E 2( 3d 31, 3d 32)
    0.96609178E 2( 3d 32, 2s  3)
    1.18321596E 2( 3d 32, 3s 12)
   -0.91651514E 2( 2p 32, 2p 30)
    0.20000000E 2( 3d 32, 3d 30)
   -0.96609178E 2( 2p 32, 2p 31)
   -0.63245553E 2( 3d 32, 3d 31)
   -0.74833148E 2( 2p 32, 2p 32)
    0.97979590E 2( 3d 32, 3d 32)
    0.89442719E 2( 3d 33, 2s  3)
    0.77459667E 2( 3d 33, 3s 13)
   -0.10000000E 2( 2p 33, 2p 33)
    0.45825757E 2( 3d 33, 3d 33)
   -0.38729833E 2( 2p 33, 2p 34)
    0.59160798E 2( 3d 33, 3d 34)
   -0.91651514E 2( 2p 33, 2p 35)
    0.20000000E 2( 3d 33, 3d 35)
    1.15470054E 2( 3d 34, 2s  3)
    1.00000000E 2( 3d 34, 3s 13)
    0.38729833E 2( 2p 34, 2p 33)
   -0.59160798E 2( 3d 34, 3d 33)
    0.76376262E 2( 2p 34, 2p 34)
    0.50000000E 2( 3d 34, 3d 34)
    0.96609178E 2( 2p 34, 2p 35)
    0.63245553E 2( 3d 34, 3d 35)
    1.36626010E 2( 3d 35, 2s  3)
    1.18321596E 2( 3d 35, 3s 13)
   -0.91651514E 2( 2p 35, 2p 33)
    0.20000000E 2( 3d 35, 3d 33)
   -0.96609178E 2( 2p 35, 2p 34)
   -0.63245553E 2( 3d 35, 3d 34)
   -0.74833148E 2( 2p 35, 2p 35)
    0.97979590E 2( 3d 35, 3d 35)
    0.77459667E 2( 3d 36, 3s 14)
   -0.10000000E 2( 2p 36, 2p 36)
    0.45825757E 2( 3d 36, 3d 36)
   -0.38729833E 2( 2p 36, 2p 37)
    0.59160798E 2( 3d 36, 3d 37)
   -0.91651514E 2( 2p 36, 2p 38)
    0.20000000E 2( 3d 36, 3d 38)
    1.00000000E 2( 3d 37, 3s 14)
    0.38729833E 2( 2p 37, 2p 36)
   -0.59160798E 2( 3d 37, 3d 36)
    0.76376262E 2( 2p 37, 2p 37)
    0.50000000E 2( 3d 37, 3d 37)
    0.96609178E 2( 2p 37, 2p 38)
    0.63245553E 2( 3d 37, 3d 38)
    1.18321596E 2( 3d 38, 3s 14)
   -0.91651514E 2( 2p 38, 2p 36)
    0.20000000E 2( 3d 38, 3d 36)
   -0.96609178E 2( 2p 38, 2p 37)
   -0.63245553E 2( 3d 38, 3d 37)
   -0.74833148E 2( 2p 38, 2p 38)
    0.97979590E 2( 3d 38, 3d 38)
    0.81649658E 2( 3p 39, 2p  2)
    0.57735027E 2( 2p 39, 2p 41)
    0.57735027E 2( 3p 39, 3p 41)
    1.22474487E 2( 3p 40, 2p  2)
   -0.50000000E 2( 2p 40, 2p 40)
   -0.50000000E 2( 3p 40, 3p 40)
   -0.86602540E 2( 2p 40, 2p 41)
    0.86602540E 2( 3p 40, 3p 41)
    0.81649658E 2( 3p 41, 2p  1)
    1.08012345E 2( 3p 41, 2p  2)
    0.57735027E 2( 2p 41, 2p 39)
    0.57735027E 2( 3p 41, 3p 39)
    0.86602540E 2( 2p 41, 2p 40)
   -0.86602540E 2( 3p 41, 3p 40)
    0.76376262E 2( 2p 41, 2p 41)
    0.76376262E 2( 3p 41, 3p 41)
    0.57735027E 2( 2p 42, 2p 44)
    0.57735027E 2( 3p 42, 3p 44)
   -0.70710678E 2( 3p 43, 2p  3)
   -0.50000000E 2( 2p 43, 2p 43)
   -0.50000000E 2( 3p 43, 3p 43)
   -0.86602540E 2( 2p 43, 2p 44)
    0.86602540E 2( 3p 43, 3p 44)
   -1.22474487E 2( 3p 44, 2p  3)
    0.57735027E 2( 2p 44, 2p 42)
    0.57735027E 2( 3p 44, 3p 42)
    0.86602540E 2( 2p 44, 2p 43)
   -0.86602540E 2( 3p 44, 3p 43)
    0.76376262E 2( 2p 44, 2p 44)
    0.76376262E 2( 3p 44, 3p 44)
              *
              *
    2.23606798MA1( 2p  2, 2p  2)
    1.58113883MA1( 2p  2, 3p 41)
    1.00000000MA1( 2p  3, 2p  3)
    0.70710678MA1( 2p  3, 3p 43)
    2.23606798MA1( 2p  5, 2p  5)
    1.00000000MA1( 2p  6, 2p  6)
    2.23606798MA1( 2p  9, 2p  9)
    2.23606798MA1( 2p 10, 2p 10)
    1.00000000MA1( 2p 11, 2p 11)
    1.00000000MA1( 2p 12, 2p 12)
    1.00000000MA1( 2p 13, 2p 13)
    1.00000000MA1( 2p 14, 2p 14)
    1.00000000MA1( 3d 15, 3d 15)
    1.00000000MA1( 3d 16, 3d 16)
    0.50000000MA1( 2p 18, 2p 18)
    0.22360680MA1( 3d 18, 3d 18)
    1.11803399MA1( 2p 19, 2p 19)
    0.50000000MA1( 3d 19, 3d 19)
    1.87082869MA1( 2p 20, 2p 20)
    0.83666003MA1( 3d 20, 3d 20)
    2.73861279MA1( 2p 21, 2p 21)
    1.22474487MA1( 3d 21, 3d 21)
    0.50000000MA1( 2p 23, 2p 23)
    0.22360680MA1( 3d 23, 3d 23)
    1.11803399MA1( 2p 24, 2p 24)
    0.50000000MA1( 3d 24, 3d 24)
    1.87082869MA1( 2p 25, 2p 25)
    0.83666003MA1( 3d 25, 3d 25)
    2.73861279MA1( 2p 26, 2p 26)
    1.22474487MA1( 3d 26, 3d 26)
   -0.50000000MA1( 2p 27, 2p 27)
    0.67082039MA1( 3d 27, 3d 27)
    0.37267800MA1( 2p 28, 2p 28)
    0.83333333MA1( 3d 28, 3d 28)
    1.24721913MA1( 2p 29, 2p 29)
    1.11554670MA1( 3d 29, 3d 29)
   -0.50000000MA1( 2p 30, 2p 30)
    0.67082039MA1( 3d 30, 3d 30)
    0.37267800MA1( 2p 31, 2p 31)
    0.83333333MA1( 3d 31, 3d 31)
    1.24721913MA1( 2p 32, 2p 32)
    1.11554670MA1( 3d 32, 3d 32)
   -0.50000000MA1( 2p 33, 2p 33)
    0.67082039MA1( 3d 33, 3d 33)
    0.37267800MA1( 2p 34, 2p 34)
    0.83333333MA1( 3d 34, 3d 34)
    1.24721913MA1( 2p 35, 2p 35)
    1.11554670MA1( 3d 35, 3d 35)
   -0.50000000MA1( 2p 36, 2p 36)
    0.67082039MA1( 3d 36, 3d 36)
    0.37267800MA1( 2p 37, 2p 37)
    0.83333333MA1( 3d 37, 3d 37)
    1.24721913MA1( 2p 38, 2p 38)
    1.11554670MA1( 3d 38, 3d 38)
    0.50000000MA1( 2p 40, 2p 40)
    0.50000000MA1( 3p 40, 3p 40)
    1.58113883MA1( 3p 41, 2p  2)
    1.11803399MA1( 2p 41, 2p 41)
    1.11803399MA1( 3p 41, 3p 41)
    0.70710678MA1( 3p 43, 2p  3)
    0.50000000MA1( 2p 43, 2p 43)
    0.50000000MA1( 3p 43, 3p 43)
    1.11803399MA1( 2p 44, 2p 44)
    1.11803399MA1( 3p 44, 3p 44)
              *
    2.00000000MB1( 2p  3, 2p  3)
    1.41421356MB1( 2s  3, 3s 12)
   -1.00000000MB1( 2s  3, 3s 13)
    1.41421356MB1( 2p  3, 3p 43)
    2.00000000MB1( 2p  6, 2p  6)
    1.00000000MB1( 2s  8, 2s  8)
    1.00000000MB1( 3s  8, 3s  8)
    2.23606798MB1( 2s 10, 2s 10)
    2.23606798MB1( 3s 10, 3s 10)
    1.41421356MB1( 3s 12, 2s  3)
   -0.57735027MB1( 2s 12, 2s 12)
    1.33333333MB1( 2p 12, 2p 12)
    1.73205081MB1( 3s 12, 3s 12)
   -0.81649658MB1( 2s 12, 2s 13)
    0.47140452MB1( 2p 12, 2p 13)
   -1.00000000MB1( 3s 13, 2s  3)
   -0.81649658MB1( 2s 13, 2s 12)
    0.47140452MB1( 2p 13, 2p 12)
    1.44337567MB1( 2s 13, 2s 13)
    1.66666667MB1( 2p 13, 2p 13)
   -0.86602540MB1( 3s 13, 3s 13)
    1.93649167MB1( 2s 14, 2s 14)
    2.23606798MB1( 2p 14, 2p 14)
    1.93649167MB1( 3s 14, 3s 14)
    2.23606798MB1( 2s 16, 2s 16)
    1.00000000MB1( 3d 16, 3d 16)
    1.00000000MB1( 2s 22, 2s 22)
    0.44721360MB1( 3d 22, 3d 22)
    1.73205081MB1( 2s 23, 2s 23)
    0.77459667MB1( 3d 23, 3d 23)
    2.23606798MB1( 2s 24, 2s 24)
    1.00000000MB1( 3d 24, 3d 24)
    2.64575131MB1( 2s 25, 2s 25)
    1.18321596MB1( 3d 25, 3d 25)
    3.00000000MB1( 2s 26, 2s 26)
    1.34164079MB1( 3d 26, 3d 26)
   -0.57735027MB1( 2s 30, 2s 30)
    1.33333333MB1( 2p 30, 2p 30)
    0.77459667MB1( 3d 30, 3d 30)
   -0.81649658MB1( 2s 30, 2s 33)
    0.47140452MB1( 2p 30, 2p 33)
   -0.74535599MB1( 2s 31, 2s 31)
    1.72132593MB1( 2p 31, 2p 31)
    1.00000000MB1( 3d 31, 3d 31)
   -1.05409255MB1( 2s 31, 2s 34)
    0.60858062MB1( 2p 31, 2p 34)
   -0.88191710MB1( 2s 32, 2s 32)
    2.03670031MB1( 2p 32, 2p 32)
    1.18321596MB1( 3d 32, 3d 32)
   -1.24721913MB1( 2s 32, 2s 35)
    0.72008230MB1( 2p 32, 2p 35)
   -0.81649658MB1( 2s 33, 2s 30)
    0.47140452MB1( 2p 33, 2p 30)
    1.44337567MB1( 2s 33, 2s 33)
    1.66666667MB1( 2p 33, 2p 33)
   -0.38729833MB1( 3d 33, 3d 33)
   -1.05409255MB1( 2s 34, 2s 31)
    0.60858062MB1( 2p 34, 2p 31)
    1.86338998MB1( 2s 34, 2s 34)
    2.15165741MB1( 2p 34, 2p 34)
   -0.50000000MB1( 3d 34, 3d 34)
   -1.24721913MB1( 2s 35, 2s 32)
    0.72008230MB1( 2p 35, 2p 32)
    2.20479276MB1( 2s 35, 2s 35)
    2.54587539MB1( 2p 35, 2p 35)
   -0.59160798MB1( 3d 35, 3d 35)
    1.93649167MB1( 2s 36, 2s 36)
    2.23606798MB1( 2p 36, 2p 36)
    0.86602540MB1( 3d 36, 3d 36)
    2.50000000MB1( 2s 37, 2s 37)
    2.88675135MB1( 2p 37, 2p 37)
    1.11803399MB1( 3d 37, 3d 37)
    2.95803989MB1( 2s 38, 2s 38)
    3.41565026MB1( 2p 38, 2p 38)
    1.32287566MB1( 3d 38, 3d 38)
    0.57735027MB1( 2p 42, 2p 42)
    0.57735027MB1( 3p 42, 3p 42)
    1.41421356MB1( 3p 43, 2p  3)
    1.00000000MB1( 2p 43, 2p 43)
    1.00000000MB1( 3p 43, 3p 43)
    1.29099445MB1( 2p 44, 2p 44)
    1.29099445MB1( 3p 44, 3p 44)
              *
