   al                                                                   
 *
              *                 
 *
              *                 
 *
 *
 *
              *                 
 *
              *                 
 Z  ( 3p, 3p)    3
 *
    6.00000000Z  1  1
   -7.74596669Z  3  2
    6.92820323Z  4  2
              *                 
 N-1( 3s 3s, 3p 3p)    1
 N 0( 3p 3s, 3p 3s)    2
 N 0( 3p 3p, 3p 3p)    8
 N 1( 3s 3s, 3p 3p)    9
 N 2( 3p 3p, 3p 3p)   11
 *
  -12.00000000N  1  1
  -12.00000000N  1  1
   -4.15692194N  4  2
  -12.00000000N  2  2
   -3.00000000N  2  2
    8.83040203N  3  2
  -22.80789337N  3  3
  -26.83281573N  3  3
    6.00000000N  1  1
    1.85903201N  3  2
   -4.15692194N  4  2
              *                 
 V 0( 3s 3s, 3p 3p)    1
 V 0( 3p 3s, 3s 3p)    5
 V 1( 3p 3p, 3p 3p)    7
 *
   -6.00000000V  1  1
    6.00000000V  1  1
    2.82842712V  2  1
    3.65148372V  3  1
   -3.26598632V  4  1
   -1.85903201V  3  2
    4.15692194V  4  2
              *                 
 S 0( 3p 3p, 3p 3p)    1
 *
  -12.00000000S  4  3
              *                 
