






    ***************          I N P U T  D A T A          **********



              Header  :   Carbon-like Iron                                           

        Closed shell  :   1s                                                         

       Reference Set  :  2s(2)2p(2)                                                  

          Active Set  :  2s,2p                                                       

        Replacements  :                                                              

         Final Terms  :  1S                                                          



      GENERATE ALL COUPLINGS FOR EACH MEMBER  OF THE REFERENCE SET


 
         -------------        Carbon-like Iron   --------

          Closed Shells  :   1s 

          Configuration  :   2s( 2)   2p( 2)
        Their couplings  :       1S0     1S0     1S0


      GENERATE ALL POSSIBLE CONFIGURATIONS FROM THE   ACTIVE SET


 
         -------------        Carbon-like Iron   --------

          Closed Shells  :   1s                                                         

             Active Set  :  2s,2p                                                       

          Configurations  :
                            2s ( 0) 2p ( 4)


    LIST THE COUPLINGS FOR EACH CONFIGURATION GENERATED BY THE ACTIVE SET


 
         -------------        Carbon-like Iron   --------

          Closed Shells  :   1s 

          Configuration  :   2s( 0)   2p( 4)
        Their couplings  :       1S0     1S0     1S0



                    ============================
                       N O N - W E I G H T S    
                    ============================



 STATE  (WITH  2 CONFIGURATIONS):
 -------------------------------


 THERE ARE  2 ORBITALS AS FOLLOWS:

       2s  2p

 THERE ARE  1 CLOSED SUBSHELLS COMMON TO ALL CONFIGURATIONS AS FOLLOWS:

       1s

 CONFIGURATION  1 ( OCCUPIED ORBITALS= 2 ):  2s( 2)  2p( 2)
                           COUPLING SCHEME:     1S0     1S0
                                                           1S0

 CONFIGURATION  2 ( OCCUPIED ORBITALS= 2 ):  2s( 0)  2p( 4)
                           COUPLING SCHEME:     1S0     1S0
                                                           1S0
  Carbon-like Iron                                                      
 F 0( 2s, 2s)    1
 F 0( 2s, 2p)    2
 F 0( 2p, 2p)    4
 F 2( 2p, 2p)    5
 *
    1.00000000F  1  1
    4.00000000F  1  1
    1.00000000F  1  1
    6.00000000F  2  2
    0.40000000F  1  1
              *                 
 G 1( 2s, 2p)    1
 *
   -0.66666667G  1  1
              *                 
 *
 *
 R 1( 2s 2s, 2p 2p)    1
 *
   -0.66666667R  2  1  0
              *                       
 L  ( 2s, 2s)    1
 L  ( 2p, 2p)    3
 *
   -1.00000000L  1  1  0
   -1.00000000L  1  1  0
   -2.00000000L  2  2  0
              *               
 *
              *               
 *
              *               
 *
              *               
 *
              *               



                    ===================
                      MCHF  ...  1988
                    ===================


          THE DIMENSIONS FOR THE CURRENT VERSION ARE:
            NCFG=100       NWF= 30        NO=220



 Fe+20 1S       26.   220  3  3  2  F  T

  F.1D-09.1D-06 12  00.0  0  T  F



          WEAK ORTHOGONALIZATION DURING THE SCF CYCLE=   F
          ACCELERATING PARAMETER FOR MCHF ITERATION  = 0.00
          SCF CONVERGENCE TOLERANCE (FUNCTIONS)      = 1.00D-07
          NUMBER OF POINTS IN THE MAXIMUM RANGE      = 220
          RELATIVISTIC DIAGONAL  ENERGY CORRECTIONS  =   F


          TOTAL ENERGY =     -930.574082260

      WEIGHTS
  1  0.9771  2  0.2129


          ITERATION NUMBER  1
          ----------------

          CONVERGENCE CRITERIA:ENERGY  (CFGTOL)            =  1.0D-10
                              :FUNCTION(SCFTOL*SQRT(Z*NWF))=  8.8D-07

          C( 1s 2s) =    -0.74407   V( 1s 2s) =    41.99021   EPS = 0.017720
          E( 2s 1s) =    -4.93038   E( 1s 2s) =    -4.70699

                     EL         ED             AZ           NORM       DPM
      < 1s| 2s>=-1.9D-03
                     1s    601.9759081    261.7236339   1.3734293    6.95D-02
      < 1s| 2s>=-8.4D-04
                     2s    127.7279918     82.3336795   1.0846831    6.24D-02
                     2p    121.2688371    579.9407964   1.0818028    8.00D-02


          TOTAL ENERGY =     -931.389574426

      WEIGHTS
  1  0.9768  2  0.2142

      LEAST SELF-CONSISTENT FUNCTION IS  2p :WEIGHTED MAXIMUM CHANGE =  1.16D-01


          ITERATION NUMBER  2
          ----------------

          CONVERGENCE CRITERIA:ENERGY  (CFGTOL)            =  1.4D-10
                              :FUNCTION(SCFTOL*SQRT(Z*NWF))=  1.8D-06

          C( 1s 2s) =    -0.06936   V( 1s 2s) =    43.66809   EPS = 0.001588
          E( 2s 1s) =    -4.50156   E( 1s 2s) =    -4.29539

                     EL         ED             AZ           NORM       DPM
      < 2s| 1s>=-2.3D-07
                     1s    602.5709493    261.8298717   1.0000027    2.19D-04
      < 1s| 2s>= 4.2D-06
                     2s    128.2383529     82.2304448   0.9988227    4.34D-03
                     2p    121.6559336    581.2924670   0.9997417    2.91D-03


          TOTAL ENERGY =     -931.390481471

      WEIGHTS
  1  0.9768  2  0.2142

      LEAST SELF-CONSISTENT FUNCTION IS  2s :WEIGHTED MAXIMUM CHANGE =  5.99D-03


          ITERATION NUMBER  3
          ----------------

          CONVERGENCE CRITERIA:ENERGY  (CFGTOL)            =  2.0D-10
                              :FUNCTION(SCFTOL*SQRT(Z*NWF))=  3.5D-06

          C( 1s 2s) =    -0.00061   V( 1s 2s) =    43.44231   EPS = 0.000014
          E( 2s 1s) =    -4.51452   E( 1s 2s) =    -4.30747

                     EL         ED             AZ           NORM       DPM
      < 1s| 2s>=-7.7D-09
                     1s    602.5084194    261.8311044   1.0000015    1.78D-05
      < 1s| 2s>=-1.0D-08
                     2s    128.2233499     82.2224390   1.0000261    9.44D-05
                     2p    121.6479487    581.2665973   1.0000097    8.97D-05


          TOTAL ENERGY =     -931.390482349

      WEIGHTS
  1  0.9768  2  0.2142

      LEAST SELF-CONSISTENT FUNCTION IS  2s :WEIGHTED MAXIMUM CHANGE =  1.30D-04


          ITERATION NUMBER  4
          ----------------

          CONVERGENCE CRITERIA:ENERGY  (CFGTOL)            =  2.7D-10
                              :FUNCTION(SCFTOL*SQRT(Z*NWF))=  7.1D-06

          C( 1s 2s) =     0.00002   V( 1s 2s) =    43.43824   EPS = 0.000000
          E( 2s 1s) =    -4.51418   E( 1s 2s) =    -4.30715

                     EL         ED             AZ           NORM       DPM
      < 1s| 2s>= 8.8D-10
                     1s    602.5099370    261.8310815   1.0000000    4.59D-07
      < 1s| 2s>= 2.9D-09
                     2s    128.2237679     82.2226857   0.9999992    2.78D-06
                     2p    121.6481920    581.2674379   0.9999997    2.70D-06


          TOTAL ENERGY =     -931.390482349

      WEIGHTS
  1  0.9768  2  0.2142

      LEAST SELF-CONSISTENT FUNCTION IS  2p :WEIGHTED MAXIMUM CHANGE =  3.91D-06


          ITERATION NUMBER  5
          ----------------

          CONVERGENCE CRITERIA:ENERGY  (CFGTOL)            =  3.8D-10
                              :FUNCTION(SCFTOL*SQRT(Z*NWF))=  1.4D-05

          C( 1s 2s) =     0.00000   V( 1s 2s) =    43.43824   EPS = 0.000000
          E( 2s 1s) =    -4.51419   E( 1s 2s) =    -4.30716

                     EL         ED             AZ           NORM       DPM
      < 1s| 2s>= 4.8D-10
                     1s    602.5098903    261.8310820   1.0000000    1.24D-08
      < 1s| 2s>= 2.2D-09
                     2s    128.2237554     82.2226785   1.0000000    8.47D-08
                     2p    121.6481846    581.2674129   1.0000000    8.14D-08


          TOTAL ENERGY =     -931.390482349

      WEIGHTS
  1  0.9768  2  0.2142


     ENERGY (a.u.)
     ------
           Total                -931.390482349
           Potential           -1862.780962832
           Kinetic               931.390480483
           Ratio                   2.000000002
   Fe+20 1S      -931.3904823
  1s
  2s( 2)  2p( 2)                         0.9767993
     1S0     1S0     1S0                                                
  2s( 0)  2p( 4)                         0.2141567
     1S0     1S0     1S0                                                
*







    ***************          I N P U T  D A T A          **********



              Header  :   Carbon-like Iron                                           

        Closed shell  :   1s                                                         

       Reference Set  :  2s(2)2p(2)                                                  

                             2  :  2p(4)                                                       

          Active Set  :                                                              

        Replacements  :                                                              

         Final Terms  :                                                              



      GENERATE ALL COUPLINGS FOR EACH MEMBER  OF THE REFERENCE SET


 
         -------------        Carbon-like Iron   --------

          Closed Shells  :   1s 

          Configuration  :   2s( 2)   2p( 2)
        Their couplings  :       1S0     1S0     1S0
                                 1S0     1D2     1D0
                                 1S0     3P2     3P0


      GENERATE ALL COUPLINGS FOR EACH MEMBER  OF THE REFERENCE SET


 
         -------------        Carbon-like Iron   --------

          Closed Shells  :   1s 

          Configuration  :   2p( 4)
        Their couplings  :       1S0
                                 1D2
                                 3P2
  Carbon-like Iron                                           
  1s                                                                     
  2s( 2)  2p( 2)
     1S0     1S0     1S0
  2s( 2)  2p( 2)
     1S0     1D2     1D0
  2s( 2)  2p( 2)
     1S0     3P2     3P0
  2p( 4)
     1S0
  2p( 4)
     1D2
  2p( 4)
     3P2

                    =======================
                     B R E I T - P A U L I 
                    =======================





 THE TYPE OF CALCULATION IS DEFINED BY THE FOLLOWING PARAMETERS - 
      BREIT-PAULI OPERATORS             IREL   = 2
      PHASE CONVENTION PARAMETER        ICSTAS = 1

1



                             ---------------------
                             THE CONFIGURATION SET
                             ---------------------





 STATE  (WITH  6 CONFIGURATIONS):
 -------------------------------


 THERE ARE  2 ORBITALS AS FOLLOWS:

       2s  2p

 THERE ARE  1 CLOSED SUBSHELLS COMMON TO ALL CONFIGURATIONS AS FOLLOWS:

       1s

 CONFIGURATION  1 ( OCCUPIED ORBITALS= 2 ):  2s( 2)  2p( 2)
                           COUPLING SCHEME:     1S0     1S0
                                                           1S0

 CONFIGURATION  2 ( OCCUPIED ORBITALS= 2 ):  2s( 2)  2p( 2)
                           COUPLING SCHEME:     1S0     1D2
                                                           1D0

 CONFIGURATION  3 ( OCCUPIED ORBITALS= 2 ):  2s( 2)  2p( 2)
                           COUPLING SCHEME:     1S0     3P2
                                                           3P0

 CONFIGURATION  4 ( OCCUPIED ORBITALS= 1 ):  2p( 4)
                           COUPLING SCHEME:     1S0

 CONFIGURATION  5 ( OCCUPIED ORBITALS= 1 ):  2p( 4)
                           COUPLING SCHEME:     1D2

 CONFIGURATION  6 ( OCCUPIED ORBITALS= 1 ):  2p( 4)
                           COUPLING SCHEME:     3P2


 MATRIX ELEMENTS CONSTRUCTED USING THE SPHERICAL HARMONIC PHASE CONVENTION OF

                CONDON AND SHORTLEY, THEORY OF ATOMIC STRUCTURE
                -----------------------------------------------



  Carbon-like Iron                                                      
 F 0( 2s, 2s)    3
 F 0( 2s, 2p)    6
 F 0( 2p, 2p)   12
 F 2( 2p, 2p)   17
 *
    1.00000000F  1  1
    1.00000000F  3  3
    1.00000000F  2  2
    4.00000000F  3  3
    4.00000000F  1  1
    4.00000000F  2  2
    1.00000000F  2  2
    6.00000000F  5  5
    1.00000000F  1  1
    6.00000000F  6  6
    1.00000000F  3  3
    6.00000000F  4  4
   -0.20000000F  3  3
    0.04000000F  2  2
   -0.36000000F  5  5
    0.40000000F  1  1
   -0.60000000F  6  6
              *                 
 G 1( 2s, 2p)    3
 *
   -0.66666667G  1  1
   -0.66666667G  2  2
   -0.66666667G  3  3
              *                 
 *
 *
 R 1( 2s 2s, 2p 2p)    3
 *
   -0.66666667R  4  1
    0.33333333R  5  2
    0.33333333R  6  3
              *                 
 L  ( 2s, 2s)    3
 L  ( 2p, 2p)    9
 *
   -1.00000000L  1  1
   -1.00000000L  3  3
   -1.00000000L  2  2
   -1.00000000L  2  2
   -1.00000000L  1  1
   -1.00000000L  3  3
   -2.00000000L  4  4
   -2.00000000L  5  5
   -2.00000000L  6  6
              *                 
 Z  ( 2p, 2p)    6
 *
    4.89897949Z  3  1
   -5.47722558Z  3  2
    6.00000000Z  3  3
   -4.89897949Z  6  4
    5.47722558Z  6  5
   -6.00000000Z  6  6
              *                 
 N-1( 2s 2s, 2p 2p)    3
 N 0( 2p 2s, 2p 2s)    6
 N 0( 2p 2p, 2p 2p)   17
 N 1( 2s 2s, 2p 2p)   20
 N 2( 2p 2p, 2p 2p)   24
 *
  -12.00000000N  3  3
   -9.79795897N  3  1
   10.95445115N  3  2
   -9.79795897N  3  1
  -12.00000000N  3  3
   10.95445115N  3  2
  -18.00000000N  6  6
   -5.47722558N  6  5
    7.83836718N  6  4
   -5.47722558N  3  2
   -4.16269144N  3  2
  -16.65076575N  6  5
    1.95959179N  3  1
    4.89897949N  3  1
    4.89897949N  6  4
  -18.00000000N  3  3
  -18.00000000N  3  3
    6.00000000N  3  3
   -5.47722558N  3  2
    4.89897949N  3  1
    2.93938769N  6  4
    1.31453414N  3  2
   -1.31453414N  6  5
   -2.93938769N  3  1
              *                 
 V 0( 2s 2s, 2p 2p)    3
 V 0( 2p 2s, 2s 2p)   11
 V 1( 2p 2p, 2p 2p)   15
 *
   -4.89897949V  3  1
   -6.00000000V  3  3
    5.47722558V  3  2
   -4.00000000V  6  3
   -5.47722558V  3  2
    3.65148372V  6  2
    4.89897949V  3  1
    6.00000000V  3  3
    1.63299316V  4  3
    3.65148372V  5  3
    1.63299316V  6  1
   -1.31453414V  3  2
    2.93938769V  3  1
   -2.93938769V  6  4
    1.31453414V  6  5
              *                 
 S 0( 2p 2p, 2p 2p)    2
 *
  -12.00000000S  3  3
  -12.00000000S  6  6
              *                 

                    ===========================
                     CONFIGURATION INTERACTION 
                    ===========================



   ATOM = Fe+20    Z = 26.



    6 EIGENVALUES FOUND 

  -939.97631022  2s(2).2p(2)3P2_3P
   0.000000  0.000000  0.994873  0.000000  0.000000 -0.101133

  -939.49110612  2s(2).2p(2)1D2_1D
   0.000000  0.994873  0.000000  0.000000 -0.101133  0.000000

  -938.97730429  2s(2).2p(2)1S0_1S
   0.981064  0.000000  0.000000  0.193686  0.000000  0.000000

  -932.72187002  2p(4)_3P2
   0.000000  0.000000  0.101133  0.000000  0.000000  0.994873

  -932.23666592  2p(4)_1D2
   0.000000  0.101133  0.000000  0.000000  0.994873  0.000000

  -931.29485546  2p(4)_1S0
  -0.193686  0.000000  0.000000  0.981064  0.000000  0.000000


    4 EIGENVALUES FOUND 

  -939.94073253  2s(2).2p(2)3P2_3P
   0.000000 -0.467781  0.878195  0.000000  0.041974 -0.090518

  -939.36434882  2s(2).2p(2)1D2_1D
   0.000000  0.877956  0.466252  0.000000 -0.092735 -0.056599

  -932.96658022  2p(4)_3P2
   0.000000  0.037987  0.103429  0.000000  0.301656  0.947028

  -932.16200801  2p(4)_1D2
   0.000000  0.094510 -0.026186  0.000000  0.947967 -0.302887


    2 EIGENVALUES FOUND 

  -940.13842972  2s(2).2p(2)3P2_3P
   0.000000  0.000000  0.995316  0.000000  0.000000 -0.096673

  -932.54958060  2p(4)_3P2
   0.000000  0.000000  0.096673  0.000000  0.000000  0.995316


    4 EIGENVALUES FOUND 

  -940.46450296  2s(2).2p(2)3P2_3P
   0.304404  0.000000  0.946733  0.054900  0.000000 -0.089563

  -938.82039154  2s(2).2p(2)1S0_1S
   0.932451  0.000000 -0.308607  0.186646  0.000000  0.021444

  -932.56148436  2p(4)_3P2
   0.075113  0.000000  0.083974 -0.343528  0.000000  0.932360

  -931.11588447  2p(4)_1S0
  -0.179530  0.000000  0.037519  0.918770  0.000000  0.349605
   Al    2P      -241.9204360     =>   Al    2D      -241.7720190       
    1.00000000E 1( 3p  1, 3d  1)( 3s| 3s) 2
   -1.29099445E 1( 3s  1, 3p  2)( 3s| 3s) 1( 3p| 3p) 1
    1.41421356E 1( 3p  2, 3s  1)( 3s| 3s) 1( 3d| 3d) 1
   -0.09128709E 1( 3d  2, 3p  2)( 3s| 3s) 1( 3p| 3p) 1
   -0.41833001E 1( 3p  2, 3d  3)( 3s| 3s) 1( 3d| 3d) 1
    0.81649658E 1( 3s  2, 3p  4)( 3p| 3p) 1( 3d| 3d) 1
    1.08012345E 1( 3s  2, 3p  5)( 3p| 3p) 1( 3d| 3d) 1
    0.15811388E 1( 3d  3, 3p  2)( 3s| 3s) 1( 3p| 3p) 1
    0.72456884E 1( 3p  3, 3d  3)( 3s| 3s) 1( 3d| 3d) 1
   -1.22474487E 1( 3s  3, 3p  6)( 3p| 3p) 1( 3d| 3d) 1
   -0.91287093E 1( 3p  4, 3s  2)( 3p| 3p) 2
    0.81649658E 1( 3p  4, 3d  4)( 3p| 3p) 2
   -0.54006172E 1( 3p  4, 3d  5)( 3p| 3p) 2
   -1.06066017E 1( 3p  4, 3d  6)( 3p| 3p) 2
   -0.25819889E 1( 3d  5, 3p  4)( 3p| 3p) 1( 3d| 3d) 1
   -0.34156503E 1( 3d  5, 3p  5)( 3p| 3p) 1( 3d| 3d) 1
   -0.67082039E 1( 3d  5, 3p  6)( 3p| 3p) 1( 3d| 3d) 1
    0.89442719E 1( 3p  5, 3d  7)( 3d| 3d) 2
    1.00000000E 1( 3p  6, 3s  3)( 3d| 3d) 2
   -0.34156503E 1( 3d  6, 3p  4)( 3p| 3p) 1( 3d| 3d) 1
    0.12909944E 1( 3d  6, 3p  5)( 3p| 3p) 1( 3d| 3d) 1
   -0.29580399E 1( 3p  6, 3d  7)( 3d| 3d) 2
    0.58094750E 1( 3p  6, 3d  8)( 3d| 3d) 2
   -0.67082039E 1( 3d  7, 3p  4)( 3p| 3p) 1( 3d| 3d) 1
    0.38729833E 1( 3d  7, 3p  6)( 3p| 3p) 1( 3d| 3d) 1
   -0.58094750E 1( 3p  7, 3d  7)( 3d| 3d) 2
   -0.88741197E 1( 3p  7, 3d  8)( 3d| 3d) 2
              *
              *


                    =============================
                      LSJ - T R A N S I T I O N 
                    =============================


 Initial State
 -------------
   1   2s(2).2p(2)1S0_1S
   2   2s(2).2p(2)1D2_1D
   3   2s(2).2p(2)3P2_3P
   4   2p(4)_1S0
   5   2p(4)_1D2
   6   2p(4)_3P2

 Final   State
 -------------
   1   2s(2).2p(2)1S0_1S
   2   2s(2).2p(2)1D2_1D
   3   2s(2).2p(2)3P2_3P
   4   2p(4)_1S0
   5   2p(4)_1D2
   6   2p(4)_3P2

          Fe+20    Z = 26.   N =   6

   Al    2P      -241.9204360     =>   Al    2D      -241.7720190       


 ELECTRIC TRANSITION OF ORDER   1

    3p ELECTRON NOT FOUND

          Fe+20    Z = 26.   N =   6

 Line List for Fe+20  ( Z = 26.) with  6 electrons


--------------------------------------------------------------------------------

 Transition Array
        Multiplet  Line   Type   E(cm-1)     L(air)      S      gf    Aki
--------------------------------------------------------------------------------

1


 ENERGY LEVELS


 Z =  26       6 electrons



----------------------------------------------------------------
 Configuration         Term  J     Total Energy  Energy Level 
                                      (a.u.)        (cm-1)
----------------------------------------------------------------
 
 
 2s(2).2p(2)           3P   0.0    -940.4645030         0.00
                            1.0    -940.1384297     71564.15
                            2.0    -939.9407325    114953.27
 
                       1D   2.0    -939.3643488    241453.72
 
                       1S   0.0    -938.8203915    360837.44
 
 
 2p(4)                 3P   2.0    -932.9665802   1645588.75
                            0.0    -932.5614844   1734496.25
                            1.0    -932.5495806   1737108.75
 
                       1D   2.0    -932.1620080   1822170.38
 
                       1S   0.0    -931.1158845   2051765.88
