   Al    2P      -241.9204360     =>   Al    2D      -241.7720190       
    1.00000000E 1( 3p  1, 3d  1)
   -1.29099445E 1( 3s  1, 3p  2)( 3p| 3p) 1
    1.41421356E 1( 3p  2, 3s  1)( 3d| 3d) 1
   -0.09128709E 1( 3d  2, 3p  2)( 3p| 3p) 1
   -0.41833001E 1( 3p  2, 3d  3)( 3d| 3d) 1
    0.81649658E 1( 3s  2, 3p  4)( 3p| 3p) 1( 3d| 3d) 1
    1.08012345E 1( 3s  2, 3p  5)( 3p| 3p) 1( 3d| 3d) 1
    0.15811388E 1( 3d  3, 3p  2)( 3p| 3p) 1
    0.72456884E 1( 3p  3, 3d  3)( 3d| 3d) 1
   -1.22474487E 1( 3s  3, 3p  6)( 3p| 3p) 1( 3d| 3d) 1
   -0.91287093E 1( 3p  4, 3s  2)( 3p| 3p) 2
    0.81649658E 1( 3p  4, 3d  4)( 3p| 3p) 2
   -0.54006172E 1( 3p  4, 3d  5)( 3p| 3p) 2
   -1.06066017E 1( 3p  4, 3d  6)( 3p| 3p) 2
   -0.25819889E 1( 3d  5, 3p  4)( 3p| 3p) 1( 3d| 3d) 1
   -0.34156503E 1( 3d  5, 3p  5)( 3p| 3p) 1( 3d| 3d) 1
   -0.67082039E 1( 3d  5, 3p  6)( 3p| 3p) 1( 3d| 3d) 1
    0.89442719E 1( 3p  5, 3d  7)( 3d| 3d) 2
    1.00000000E 1( 3p  6, 3s  3)( 3d| 3d) 2
   -0.34156503E 1( 3d  6, 3p  4)( 3p| 3p) 1( 3d| 3d) 1
    0.12909944E 1( 3d  6, 3p  5)( 3p| 3p) 1( 3d| 3d) 1
   -0.29580399E 1( 3p  6, 3d  7)( 3d| 3d) 2
    0.58094750E 1( 3p  6, 3d  8)( 3d| 3d) 2
   -0.67082039E 1( 3d  7, 3p  4)( 3p| 3p) 1( 3d| 3d) 1
    0.38729833E 1( 3d  7, 3p  6)( 3p| 3p) 1( 3d| 3d) 1
   -0.58094750E 1( 3p  7, 3d  7)( 3d| 3d) 2
   -0.88741197E 1( 3p  7, 3d  8)( 3d| 3d) 2
              *
              *
