   H-    1P        -0.5000000                                           
 F 0( 2s,9p1)    1
 F 0(2ph,9s1)    2
 F 0(2ph,9d1)    3
 F 0(3sh,9p2)    4
 F 0(3ph,9s2)    5
 F 0(3ph,9d2)    6
 F 0(3dh,9p3)    7
 F 0(3dh,9f1)    8
 F 0( 1s,kpc)    9
 F 2(2ph,9d1)   10
 F 2(3ph,9d2)   11
 F 2(3dh,9p3)   12
 F 2(3dh,9f1)   13
 F 4(3dh,9f1)   14
 *
    1.00000000F  1  1
    1.00000000F  2  2
    1.00000000F  3  3
    1.00000000F  4  4
    1.00000000F  5  5
    1.00000000F  6  6
    1.00000000F  7  7
    1.00000000F  8  8
    1.00000000F  9  9
    0.20000000F  3  3
    0.20000000F  6  6
    0.20000000F  7  7
    0.22857143F  8  8
    0.09523810F  8  8
              *                 
 G 1( 2s,9p1)    1
 G 1(2ph,9s1)    2
 G 1(2ph,9d1)    3
 G 1(3sh,9p2)    4
 G 1(3ph,9s2)    5
 G 1(3ph,9d2)    6
 G 1(3dh,9p3)    7
 G 1(3dh,9f1)    8
 G 1( 1s,kpc)    9
 G 3(2ph,9d1)   10
 G 3(3ph,9d2)   11
 G 3(3dh,9p3)   12
 G 3(3dh,9f1)   13
 G 5(3dh,9f1)   14
 *
    0.33333333G  1  1
    0.33333333G  2  2
    0.06666667G  3  3
    0.33333333G  4  4
    0.33333333G  5  5
    0.06666667G  6  6
    0.06666667G  7  7
    0.02857143G  8  8
    0.33333333G  9  9
    0.25714286G  3  3
    0.25714286G  6  6
    0.25714286G  7  7
    0.07619048G  8  8
    0.21645022G  8  8
              *                 
 O 1<9p1|2ph>
 O 1<9p1|9p2>
 O 1<9s1|3sh>
 O 1<9p1|3ph>
 O 1<9s1|9s2>
 O 1<9p2|3ph>
 O 1<9d1|9d2>
 O 1<9d1|3dh>
 O 1<3ph|9p3>
 O 1<9p1|kpc>
 O 1<2ph|kpc>
 O 1<9p2|kpc>
 O 1<3ph|kpc>
 *
 *
 R 0( 2s9p1,9s12ph)    1
 R 0( 2s9p1,3sh9p2)    2
 R 0( 2s9p1,9s23ph)    3
 R 0( 2s9p1, 1skpc)    4
 R 0(2ph9s1,9p23sh)    5
 R 0(2ph9s1,3ph9s2)    6
 R 0(2ph9s1,kpc 1s)    7
 R 0(2ph9d1,3ph9d2)    8
 R 0(2ph9d1,9p33dh)    9
 R 0(3sh9p2,9s23ph)   10
 R 0(3sh9p2, 1skpc)   11
 R 0(3ph9s2,kpc 1s)   12
 R 0(3ph9d2,9p33dh)   13
 R 1( 2s9p1,2ph9s1)   14
 R 1( 2s9p1,2ph9d1)   15
 R 1( 2s9p1,9p23sh)   16
 R 1( 2s9p1,3ph9s2)   17
 R 1( 2s9p1,3ph9d2)   18
 R 1( 2s9p1,9p33dh)   19
 R 1( 2s9p1,kpc 1s)   20
 R 1(2ph9s1,3sh9p2)   21
 R 1(2ph9s1,9s23ph)   22
 R 1(2ph9s1,9d23ph)   23
 R 1(2ph9s1,3dh9p3)   24
 R 1(2ph9s1, 1skpc)   25
 R 1(2ph9d1,9s12ph)   26
 R 1(2ph9d1,3sh9p2)   27
 R 1(2ph9d1,9s23ph)   28
 R 1(2ph9d1,9d23ph)   29
 R 1(2ph9d1,3dh9p3)   30
 R 1(2ph9d1,3dh9f1)   31
 R 1(2ph9d1, 1skpc)   32
 R 1(3sh9p2,3ph9s2)   33
 R 1(3sh9p2,3ph9d2)   34
 R 1(3sh9p2,9p33dh)   35
 R 1(3sh9p2,kpc 1s)   36
 R 1(3ph9s2,3dh9p3)   37
 R 1(3ph9s2, 1skpc)   38
 R 1(3ph9d2,9s23ph)   39
 R 1(3ph9d2,3dh9p3)   40
 R 1(3ph9d2,3dh9f1)   41
 R 1(3ph9d2, 1skpc)   42
 R 1(3dh9p3,kpc 1s)   43
 R 1(3dh9f1,9p33dh)   44
 R 2( 2s9p1,9d12ph)   45
 R 2( 2s9p1,9d23ph)   46
 R 2( 2s9p1,3dh9p3)   47
 R 2( 2s9p1,3dh9f1)   48
 R 2(2ph9s1,3ph9d2)   49
 R 2(2ph9s1,9p33dh)   50
 R 2(2ph9s1,9f13dh)   51
 R 2(2ph9d1,2ph9s1)   52
 R 2(2ph9d1,9p23sh)   53
 R 2(2ph9d1,3ph9s2)   54
 R 2(2ph9d1,3ph9d2)   55
 R 2(2ph9d1,9p33dh)   56
 R 2(2ph9d1,9f13dh)   57
 R 2(2ph9d1,kpc 1s)   58
 R 2(3sh9p2,9d23ph)   59
 R 2(3sh9p2,3dh9p3)   60
 R 2(3sh9p2,3dh9f1)   61
 R 2(3ph9s2,9p33dh)   62
 R 2(3ph9s2,9f13dh)   63
 R 2(3ph9d2,3ph9s2)   64
 R 2(3ph9d2,9p33dh)   65
 R 2(3ph9d2,9f13dh)   66
 R 2(3ph9d2,kpc 1s)   67
 R 2(3dh9p3, 1skpc)   68
 R 2(3dh9f1,3dh9p3)   69
 R 2(3dh9f1, 1skpc)   70
 R 3( 2s9p1,9f13dh)   71
 R 3(2ph9s1,3dh9f1)   72
 R 3(2ph9d1,9d23ph)   73
 R 3(2ph9d1,3dh9p3)   74
 R 3(2ph9d1,3dh9f1)   75
 R 3(3sh9p2,9f13dh)   76
 R 3(3ph9s2,3dh9f1)   77
 R 3(3ph9d2,3dh9p3)   78
 R 3(3ph9d2,3dh9f1)   79
 R 3(3dh9f1,9p33dh)   80
 R 3(3dh9f1,kpc 1s)   81
 R 4(2ph9d1,9f13dh)   82
 R 4(3ph9d2,9f13dh)   83
 R 4(3dh9f1,3dh9p3)   84
 *
    1.00000000R  2  1  0
    1.00000000R  4  1  0
    1.00000000R  5  1  0
    1.00000000R  9  1  0
    1.00000000R  4  2  0
    1.00000000R  5  2  0
    1.00000000R  9  2  0
    1.00000000R  6  3  0
    1.00000000R  7  3  0
    1.00000000R  5  4  0
    1.00000000R  9  4  0
    1.00000000R  9  5  0
    1.00000000R  7  6  0
    0.33333333R  2  1  0
   -0.47140452R  3  1  0
    0.33333333R  4  1  0
    0.33333333R  5  1  0
   -0.47140452R  6  1  0
   -0.47140452R  7  1  0
    0.33333333R  9  1  0
    0.33333333R  4  2  0
    0.33333333R  5  2  0
   -0.47140452R  6  2  0
   -0.47140452R  7  2  0
    0.33333333R  9  2  0
   -0.47140452R  3  2  0
   -0.47140452R  4  3  0
   -0.47140452R  5  3  0
    0.06666667R  6  3  0
    0.06666667R  7  3  0
   -0.48989795R  8  3  0
   -0.47140452R  9  3  0
    0.33333333R  5  4  0
   -0.47140452R  6  4  0
   -0.47140452R  7  4  0
    0.33333333R  9  4  0
   -0.47140452R  7  5  0
    0.33333333R  9  5  0
   -0.47140452R  6  5  0
    0.06666667R  7  6  0
   -0.48989795R  8  6  0
   -0.47140452R  9  6  0
   -0.47140452R  9  7  0
   -0.48989795R  8  7  0
   -0.28284271R  3  1  0
   -0.28284271R  6  1  0
   -0.28284271R  7  1  0
    0.34641016R  8  1  0
   -0.28284271R  6  2  0
   -0.28284271R  7  2  0
    0.34641016R  8  2  0
   -0.28284271R  3  2  0
   -0.28284271R  4  3  0
   -0.28284271R  5  3  0
    0.20000000R  6  3  0
    0.20000000R  7  3  0
   -0.06998542R  8  3  0
   -0.28284271R  9  3  0
   -0.28284271R  6  4  0
   -0.28284271R  7  4  0
    0.34641016R  8  4  0
   -0.28284271R  7  5  0
    0.34641016R  8  5  0
   -0.28284271R  6  5  0
    0.20000000R  7  6  0
   -0.06998542R  8  6  0
   -0.28284271R  9  6  0
   -0.28284271R  9  7  0
   -0.06998542R  8  7  0
    0.34641016R  9  8  0
    0.24743583R  8  1  0
    0.24743583R  8  2  0
    0.25714286R  6  3  0
    0.25714286R  7  3  0
   -0.13997084R  8  3  0
    0.24743583R  8  4  0
    0.24743583R  8  5  0
    0.25714286R  7  6  0
   -0.13997084R  8  6  0
   -0.13997084R  8  7  0
    0.24743583R  9  8  0
   -0.23328474R  8  3  0
   -0.23328474R  8  6  0
   -0.23328474R  8  7  0
              *                       
 L  ( 2s, 2s)    1
 L  ( 2s,9s1)    2
 L  ( 2s,3sh)    3
 L  ( 2s,9s2)    4
 L  ( 2s, 1s)    5
 L  (9p1,9p1)    6
 L  (2ph,2ph)    8
 L  (2ph,9p2)    9
 L  (2ph,3ph)   11
 L  (2ph,9p3)   12
 L  (9s1,9s1)   13
 L  (9s1, 1s)   14
 L  (9d1,9d1)   15
 L  (3sh,3sh)   16
 L  (3sh,9s2)   17
 L  (3sh, 1s)   18
 L  (9p2,9p2)   19
 L  (3ph,3ph)   21
 L  (9s2,9s2)   22
 L  (9s2, 1s)   23
 L  (9d2,9d2)   24
 L  (9d2,3dh)   25
 L  (3dh,3dh)   27
 L  (9p3,9p3)   28
 L  (9f1,9f1)   29
 L  ( 1s, 1s)   30
 L  (kpc,kpc)   31
 *
   -0.50000000L  1  1  0
   -0.50000000L  2  1  1
   -0.50000000L  4  1  2
   -0.50000000L  5  1  4
   -0.50000000L  9  1 10
   -0.50000000L  1  1  0
   -0.50000000L  2  2  0
   -0.50000000L  3  3  0
   -0.50000000L  4  2  3
   -0.50000000L  5  2  5
   -0.50000000L  6  3  7
   -0.50000000L  7  3  8
   -0.50000000L  2  2  0
   -0.50000000L  9  2 11
   -0.50000000L  3  3  0
   -0.50000000L  4  4  0
   -0.50000000L  5  4  6
   -0.50000000L  9  4 12
   -0.50000000L  4  4  0
   -0.50000000L  6  6  0
   -0.50000000L  5  5  0
   -0.50000000L  5  5  0
   -0.50000000L  9  5 13
   -0.50000000L  6  6  0
   -0.50000000L  7  6  9
   -0.50000000L  8  8  0
   -0.50000000L  7  7  0
   -0.50000000L  7  7  0
   -0.50000000L  8  8  0
   -0.50000000L  9  9  0
   -0.50000000L  9  9  0
              *               
 *
              *               
 *
              *               
 *
              *               
 *
              *               

