


                    ============================
                       N O N - W E I G H T S    
                    ============================



 STATE  (WITH  5 CONFIGURATIONS):
 -------------------------------


 THERE ARE  5 ORBITALS AS FOLLOWS:

       2s  3s  2p  3p  3d

 THERE ARE  1 CLOSED SUBSHELLS COMMON TO ALL CONFIGURATIONS AS FOLLOWS:

       1s

 CONFIGURATION  1 ( OCCUPIED ORBITALS= 2 ):  2s( 1)  3s( 1)
                           COUPLING SCHEME:     2S1     2S1
                                                           1S0

 CONFIGURATION  2 ( OCCUPIED ORBITALS= 1 ):  2s( 2)
                           COUPLING SCHEME:     1S0

 CONFIGURATION  3 ( OCCUPIED ORBITALS= 1 ):  2p( 2)
                           COUPLING SCHEME:     1S0

 CONFIGURATION  4 ( OCCUPIED ORBITALS= 1 ):  3p( 2)
                           COUPLING SCHEME:     1S0

 CONFIGURATION  5 ( OCCUPIED ORBITALS= 1 ):  3d( 2)
                           COUPLING SCHEME:     1S0


                    ===================
                      MCHF  ...  1988
                    ===================


          THE DIMENSIONS FOR THE CURRENT VERSION ARE:
            NCFG=100       NWF= 30        NO=220



 Be    1S        4.   220  6  6  5  F  T

  F.1D-09.1D-06 12  00.0  0  T  F



          WEAK ORTHOGONALIZATION DURING THE SCF CYCLE=   F
          ACCELERATING PARAMETER FOR MCHF ITERATION  = 0.00
          SCF CONVERGENCE TOLERANCE (FUNCTIONS)      = 1.00D-07
          NUMBER OF POINTS IN THE MAXIMUM RANGE      = 220
          RELATIVISTIC DIAGONAL  ENERGY CORRECTIONS  =   F



          MATRIX DIAGONALIZATION PROCEDURE NOT CONVERGING


          TOTAL ENERGY =      -13.763735879

      WEIGHTS
  1  0.7967  2 -0.2641  3  0.5269  4 -0.0771  5  0.1094


          ITERATION NUMBER  1
          ----------------

          CONVERGENCE CRITERIA:ENERGY  (CFGTOL)            =  1.0D-10
                              :FUNCTION(SCFTOL*SQRT(Z*NWF))=  4.9D-07

          C( 1s 2s) =    -0.17466   V( 1s 2s) =    10.91525   EPS = 0.016001
          C( 1s 3s) =    -0.19191   V( 1s 3s) =    13.06549   EPS = 0.014688
          C( 2s 3s) =    -0.05924   V( 2s 3s) =     0.68314   EPS = 0.025000
          C( 2p 3p) =     0.01327   V( 2p 3p) =     0.02098   EPS =-0.025000
          E( 2s 1s) =     0.00097   E( 1s 2s) =     0.00038
          E( 3s 1s) =    -0.10502   E( 1s 3s) =    -0.03333
          E( 3s 2s) =    -0.10921   E( 2s 3s) =    -0.08953
          E( 3p 2p) =     0.37598   E( 2p 3p) =     0.00805

                     EL         ED             AZ           NORM       DPM
      < 1s| 2s>= 1.8D-02
      < 1s| 3s>= 8.7D-03
                     1s     10.5141213     15.0024422   0.8855157    2.51D-01
      < 2s| 3s>= 1.2D-01
      < 1s| 2s>= 6.2D-02
                     2s      0.8538733      2.1360630   2.5050595    2.41D-01
      < 1s| 3s>= 2.6D-02
      < 2s| 3s>= 1.4D-01
                     3s      0.1854007      0.5674140   2.6061864    1.24D-01
      < 2p| 3p>= 5.7D-02
                     2p      0.1280184      1.6244381   0.6847085**  1.39D-01
      < 2p| 3p>= 6.5D-01
                     3p      0.4543265      1.8405964   1.9889195**  4.79D-01
                     3d      0.7789917      0.2836582   1.0671968**  2.08D-01
      < 1s| 3s>= 1.2D-08
      < 2s| 3s>= 4.9D-09


          TOTAL ENERGY =      -14.346790613

      WEIGHTS
  1  0.9889  2  0.0466  3  0.1387  4  0.0089  5  0.0230

      LEAST SELF-CONSISTENT FUNCTION IS  1s :WEIGHTED MAXIMUM CHANGE =  3.54D-01


          ITERATION NUMBER  2
          ----------------

          CONVERGENCE CRITERIA:ENERGY  (CFGTOL)            =  1.4D-10
                              :FUNCTION(SCFTOL*SQRT(Z*NWF))=  9.8D-07

          C( 1s 2s) =     0.05140   V( 1s 2s) =     8.94533   EPS =-0.005746
          C( 1s 3s) =     0.03329   V( 1s 3s) =    10.05010   EPS =-0.003313
          C( 2s 3s) =    -0.04816   V( 2s 3s) =     1.53795   EPS = 0.025000
          C( 2p 3p) =    -0.01538   V( 2p 3p) =    -0.02820   EPS =-0.025000
          E( 2s 1s) =     0.00012   E( 1s 2s) =     0.00006
          E( 3s 1s) =    -0.02507   E( 1s 3s) =    -0.01222
          E( 3s 2s) =     0.02068   E( 2s 3s) =     0.02034
          E( 3p 2p) =     2.67465   E( 2p 3p) =     0.02762

                     EL         ED             AZ           NORM       DPM
      < 2s| 1s>= 3.5D-04
      < 3s| 1s>= 3.3D-03
                     1s     10.0233836     14.7041366   0.2661397    1.92D-02
      < 1s| 2s>= 1.9D-02
      < 3s| 2s>= 1.3D-02
                     2s      1.0120749      2.9293267   1.0955941    7.82D-02
      < 1s| 3s>= 1.2D-02
      < 2s| 3s>= 8.7D-02
                     3s      0.1722106      0.4105818   1.9642356    6.86D-02
      < 2p| 3p>= 4.5D-01
                     2p      0.5940828      1.7429216   1.1717359**  2.53D-01
          ED =  -0.557744; ADJUSTED TO ALLOWED MINIMUM ENERGY
      < 2p| 3p>= 1.5D-02
                     3p      0.0012668      0.0113568 588.0692075**  4.46D-01
                     3d      0.7064230      0.1812810   1.3972220**  2.84D-01
      < 1s| 3s>= 2.4D-09
      < 2s| 3s>= 1.6D-09


          TOTAL ENERGY =      -14.367197499

      WEIGHTS
  1  0.9907  2  0.0375  3  0.1289  4  0.0000  5  0.0234

      LEAST SELF-CONSISTENT FUNCTION IS  2s :WEIGHTED MAXIMUM CHANGE =  7.78D-02


          ITERATION NUMBER  3
          ----------------

          CONVERGENCE CRITERIA:ENERGY  (CFGTOL)            =  2.0D-10
                              :FUNCTION(SCFTOL*SQRT(Z*NWF))=  2.0D-06

          C( 1s 2s) =     0.01322   V( 1s 2s) =     8.84741   EPS =-0.001494
          C( 1s 3s) =     0.00133   V( 1s 3s) =    10.05622   EPS =-0.000132
          C( 2s 3s) =    -0.02876   V( 2s 3s) =     1.67436   EPS = 0.017177
          C( 2p 3p) =     0.00000   V( 2p 3p) =     0.00849   EPS = 0.000538
          E( 2s 1s) =     0.00928   E( 1s 2s) =     0.00458
          E( 3s 1s) =    -0.02774   E( 1s 3s) =    -0.01358
          E( 3s 2s) =     0.01560   E( 2s 3s) =     0.01548
          E( 3p 2p) =   -64.64449   E( 2p 3p) =     0.00000

                     EL         ED             AZ           NORM       DPM
      < 1s| 2s>=-1.0D-04
      < 1s| 3s>=-7.0D-05
                     1s     10.0262499     14.6730446   1.0055838    2.32D-03
      < 1s| 2s>= 8.5D-04
      < 3s| 2s>= 3.8D-03
                     2s      1.0772082      3.1558699   0.9642794    2.01D-02
      < 1s| 3s>= 4.3D-03
      < 2s| 3s>= 3.4D-02
                     3s      0.1817402      0.4711037   0.8872115    4.30D-02
      < 2p| 3p>=-3.7D-04
                     2p      0.6293924      1.7945862   0.9811516**  3.37D-02
      < 2p| 3p>= 1.0D+00
                     3p      0.9584254      2.1882532 282.6341215**  6.91D-01
                     3d      1.1405169      0.1709065   1.0170304**  1.07D-01


          TOTAL ENERGY =      -14.369227069

      WEIGHTS
  1  0.9859  2  0.0791  3  0.1456  4 -0.0041  5  0.0246

      LEAST SELF-CONSISTENT FUNCTION IS  3s :WEIGHTED MAXIMUM CHANGE =  4.25D-02


          ITERATION NUMBER  4
          ----------------

          CONVERGENCE CRITERIA:ENERGY  (CFGTOL)            =  2.7D-10
                              :FUNCTION(SCFTOL*SQRT(Z*NWF))=  3.9D-06

          C( 1s 2s) =    -0.00041   V( 1s 2s) =     8.81712   EPS = 0.000047
          C( 1s 3s) =    -0.00247   V( 1s 3s) =    10.05622   EPS = 0.000246
          C( 2s 3s) =    -0.00596   V( 2s 3s) =     1.61239   EPS = 0.003695
          C( 2p 3p) =     0.00020   V( 2p 3p) =     0.06587   EPS =-0.002999
          E( 2s 1s) =     0.00708   E( 1s 2s) =     0.00349
          E( 3s 1s) =    -0.03270   E( 1s 3s) =    -0.01588
          E( 3s 2s) =     0.02094   E( 2s 3s) =     0.02064
          E( 3p 2p) =     6.27788   E( 2p 3p) =     0.00478

                     EL         ED             AZ           NORM       DPM
      < 1s| 2s>=-1.7D-05
      < 1s| 3s>=-3.8D-06
                     1s      9.9711108     14.6746230   0.9998827    9.13D-05
      < 2s| 3s>=-4.0D-04
      < 1s| 2s>=-2.6D-05
                     2s      1.0557693      3.1522336   1.0026472    1.97D-03
      < 1s| 3s>= 9.1D-04
      < 2s| 3s>= 2.8D-03
                     3s      0.1837920      0.5184320   0.9591924    9.26D-03
      < 2p| 3p>= 2.9D-02
                     2p      0.6089491      1.7888083   1.0217617**  3.99D-02
      < 2p| 3p>=-5.3D-02
                     3p      0.9684782      2.0518925   2.2904672**  5.24D-01
                     3d      1.1593332      0.2108539   0.9956518**  2.63D-02


          TOTAL ENERGY =      -14.369764569

      WEIGHTS
  1  0.9838  2  0.0821  3  0.1553  4 -0.0271  5  0.0249

      LEAST SELF-CONSISTENT FUNCTION IS  3s :WEIGHTED MAXIMUM CHANGE =  9.12D-03


          ITERATION NUMBER  5
          ----------------

          CONVERGENCE CRITERIA:ENERGY  (CFGTOL)            =  3.8D-10
                              :FUNCTION(SCFTOL*SQRT(Z*NWF))=  7.8D-06

          C( 1s 2s) =    -0.00070   V( 1s 2s) =     8.84697   EPS = 0.000080
          C( 1s 3s) =    -0.00120   V( 1s 3s) =    10.05622   EPS = 0.000119
          C( 2s 3s) =     0.00376   V( 2s 3s) =     1.58054   EPS =-0.002376
          C( 2p 3p) =     0.00275   V( 2p 3p) =     0.02962   EPS =-0.025000
          E( 2s 1s) =     0.00590   E( 1s 2s) =     0.00289
          E( 3s 1s) =    -0.03506   E( 1s 3s) =    -0.01697
          E( 3s 2s) =     0.01785   E( 2s 3s) =     0.01761
          E( 3p 2p) =     1.38808   E( 2p 3p) =     0.05039

                     EL         ED             AZ           NORM       DPM
      < 1s| 2s>=-2.7D-05
      < 1s| 3s>=-8.0D-06
                     1s      9.9657967     14.6747069   1.0000304    1.75D-05
      < 2s| 3s>=-3.3D-04
      < 1s| 2s>=-4.1D-05
                     2s      1.0524841      3.1387685   1.0037591    1.51D-03
      < 1s| 3s>= 2.3D-04
      < 2s| 3s>= 3.7D-04
                     3s      0.1850650      0.5419900   0.9924607    3.04D-03
      < 2p| 3p>=-1.2D-01
                     2p      0.5756314      1.7665452   0.9882592**  5.04D-02
      < 2p| 3p>=-7.4D-02
                     3p      1.4418459      0.3996256   1.1471441**  2.56D-01
                     3d      0.9511669      0.2158148   1.0060593**  1.66D-02


          TOTAL ENERGY =      -14.370465741

      WEIGHTS
  1  0.9812  2  0.0946  3  0.1551  4 -0.0633  5  0.0165

      LEAST SELF-CONSISTENT FUNCTION IS  2p :WEIGHTED MAXIMUM CHANGE =  1.10D-02


          ITERATION NUMBER  6
          ----------------

          CONVERGENCE CRITERIA:ENERGY  (CFGTOL)            =  5.4D-10
                              :FUNCTION(SCFTOL*SQRT(Z*NWF))=  1.6D-05

          C( 1s 2s) =    -0.00152   V( 1s 2s) =     8.86482   EPS = 0.000172
          C( 1s 3s) =     0.00047   V( 1s 3s) =    10.05622   EPS =-0.000047
          C( 2s 3s) =     0.00161   V( 2s 3s) =     1.56841   EPS =-0.001029
          C( 2p 3p) =     0.00016   V( 2p 3p) =     0.03279   EPS =-0.004939
          E( 2s 1s) =     0.00359   E( 1s 2s) =     0.00176
          E( 3s 1s) =    -0.03435   E( 1s 3s) =    -0.01654
          E( 3s 2s) =     0.02085   E( 2s 3s) =     0.02048
          E( 3p 2p) =     0.61521   E( 2p 3p) =     0.10535

                     EL         ED             AZ           NORM       DPM
      < 1s| 2s>=-4.0D-05
      < 1s| 3s>= 2.7D-06
                     1s      9.9635382     14.6751013   1.0000042    2.47D-05
      < 2s| 3s>=-4.0D-04
      < 1s| 2s>=-7.5D-05
                     2s      1.0474436      3.1257178   1.0038182    1.96D-03
      < 1s| 3s>= 1.5D-04
      < 2s| 3s>=-6.4D-05
                     3s      0.1864218      0.5525204   1.0024476    1.86D-03
      < 2p| 3p>= 1.9D-03
                     2p      0.6346017      1.7680776   0.9967842**  5.69D-03
      < 2p| 3p>=-3.6D-03
                     3p      0.9274620      0.0605476   1.0020341**  3.59D-02
                     3d      1.0799339      0.2577035   0.9952962**  2.01D-02


          TOTAL ENERGY =      -14.370498170

      WEIGHTS
  1  0.9813  2  0.0937  3  0.1544  4 -0.0647  5  0.0160

      LEAST SELF-CONSISTENT FUNCTION IS  3p :WEIGHTED MAXIMUM CHANGE =  3.25D-03


          ITERATION NUMBER  7
          ----------------

          CONVERGENCE CRITERIA:ENERGY  (CFGTOL)            =  7.5D-10
                              :FUNCTION(SCFTOL*SQRT(Z*NWF))=  3.1D-05

          C( 1s 2s) =    -0.00050   V( 1s 2s) =     8.86874   EPS = 0.000056
          C( 1s 3s) =    -0.00023   V( 1s 3s) =    10.05622   EPS = 0.000023
          C( 2s 3s) =     0.00002   V( 2s 3s) =     1.56722   EPS =-0.000014
          C( 2p 3p) =    -0.00007   V( 2p 3p) =     0.03375   EPS = 0.001949
          E( 2s 1s) =     0.00338   E( 1s 2s) =     0.00166
          E( 3s 1s) =    -0.03480   E( 1s 3s) =    -0.01675
          E( 3s 2s) =     0.02078   E( 2s 3s) =     0.02041
          E( 3p 2p) =     0.59440   E( 2p 3p) =     0.10361

                     EL         ED             AZ           NORM       DPM
      < 1s| 2s>=-3.8D-05
      < 1s| 3s>=-2.6D-07
                     1s      9.9645909     14.6752612   0.9999965    2.58D-05
      < 1s| 2s>=-7.9D-05
      < 3s| 2s>=-1.6D-05
                     2s      1.0466923      3.1248607   1.0007346    1.56D-04
      < 1s| 3s>= 3.6D-05
      < 2s| 3s>= 1.4D-04
                     3s      0.1865335      0.5560083   0.9967492    7.92D-04
      < 2p| 3p>=-4.4D-04
                     2p      0.6308518      1.7697681   0.9994025**  9.60D-04
      < 2p| 3p>=-1.2D-03
                     3p      0.9260159      0.0015552   0.9990916**  6.11D-03
                     3d      1.0879412      0.2648615   1.0000934**  1.39D-03


          TOTAL ENERGY =      -14.370499226

      WEIGHTS
  1  0.9812  2  0.0939  3  0.1547  4 -0.0646  5  0.0160

      LEAST SELF-CONSISTENT FUNCTION IS  3s :WEIGHTED MAXIMUM CHANGE =  7.77D-04


          ITERATION NUMBER  8
          ----------------

          CONVERGENCE CRITERIA:ENERGY  (CFGTOL)            =  1.1D-09
                              :FUNCTION(SCFTOL*SQRT(Z*NWF))=  6.3D-05

          C( 1s 2s) =    -0.00040   V( 1s 2s) =     8.86874   EPS = 0.000045
          C( 1s 3s) =    -0.00010   V( 1s 3s) =    10.05622   EPS = 0.000010
          C( 2s 3s) =     0.00003   V( 2s 3s) =     1.56722   EPS =-0.000016
          C( 2p 3p) =    -0.00005   V( 2p 3p) =     0.03391   EPS = 0.001618
          E( 2s 1s) =     0.00325   E( 1s 2s) =     0.00159
          E( 3s 1s) =    -0.03499   E( 1s 3s) =    -0.01685
          E( 3s 2s) =     0.02084   E( 2s 3s) =     0.02046
          E( 3p 2p) =     0.59354   E( 2p 3p) =     0.10266

                     EL         ED             AZ           NORM       DPM
      < 1s| 2s>=-3.9D-05
      < 1s| 3s>=-9.0D-07
                     1s      9.9638512     14.6752687   1.0000162    2.62D-05
      < 2s| 3s>=-3.3D-05
      < 1s| 2s>=-8.1D-05
                     2s      1.0461927      3.1240553   1.0007912    1.70D-04
      < 1s| 3s>= 7.2D-06
      < 2s| 3s>= 1.3D-05
                     3s      0.1865368      0.5568816   0.9998864    1.33D-04
      < 2p| 3p>= 8.9D-05
                     2p      0.6293129      1.7707854   0.9998847**  2.43D-04
      < 2p| 3p>=-2.5D-04
                     3p      0.9253459     -0.0137209   0.9997851**  1.37D-03
                     3d      1.0883641      0.2659710   0.9998227**  1.33D-03


          TOTAL ENERGY =      -14.370499333

      WEIGHTS
  1  0.9813  2  0.0936  3  0.1547  4 -0.0643  5  0.0161

      LEAST SELF-CONSISTENT FUNCTION IS  2s :WEIGHTED MAXIMUM CHANGE =  1.69D-04


          ITERATION NUMBER  9
          ----------------

          CONVERGENCE CRITERIA:ENERGY  (CFGTOL)            =  1.5D-09
                              :FUNCTION(SCFTOL*SQRT(Z*NWF))=  1.3D-04

          C( 1s 2s) =    -0.00036   V( 1s 2s) =     8.86874   EPS = 0.000040
          C( 1s 3s) =    -0.00004   V( 1s 3s) =    10.05622   EPS = 0.000004
          C( 2s 3s) =    -0.00001   V( 2s 3s) =     1.56722   EPS = 0.000009
          C( 2p 3p) =    -0.00001   V( 2p 3p) =     0.03379   EPS = 0.000226
          E( 2s 1s) =     0.00323   E( 1s 2s) =     0.00158
          E( 3s 1s) =    -0.03505   E( 1s 3s) =    -0.01687
          E( 3s 2s) =     0.02081   E( 2s 3s) =     0.02044
          E( 3p 2p) =     0.59323   E( 2p 3p) =     0.10247

                     EL         ED             AZ           NORM       DPM
      < 1s| 2s>=-3.9D-05
      < 1s| 3s>=-1.4D-06
                     1s      9.9638751     14.6752807   1.0000135    2.68D-05
      < 1s| 2s>=-8.1D-05
      < 3s| 2s>= 6.3D-07
                     2s      1.0461388      3.1239120   1.0006198    1.23D-04
      < 1s| 3s>=-5.9D-06
      < 2s| 3s>= 1.8D-05
                     3s      0.1865447      0.5571253   0.9998598    5.34D-05
      < 2p| 3p>=-6.4D-05
                     2p      0.6288808      1.7710077   0.9999739**  4.80D-05
      < 2p| 3p>=-8.0D-05
                     3p      0.9254693     -0.0160095   0.9999465**  2.70D-04
                     3d      1.0883728      0.2666341   0.9999821**  5.92D-05


          TOTAL ENERGY =      -14.370499336

      WEIGHTS
  1  0.9813  2  0.0937  3  0.1548  4 -0.0643  5  0.0161

      LEAST SELF-CONSISTENT FUNCTION IS  2s :WEIGHTED MAXIMUM CHANGE =  1.22D-04


          ITERATION NUMBER 10
          ----------------

          CONVERGENCE CRITERIA:ENERGY  (CFGTOL)            =  2.1D-09
                              :FUNCTION(SCFTOL*SQRT(Z*NWF))=  2.5D-04

          C( 1s 2s) =    -0.00035   V( 1s 2s) =     8.86874   EPS = 0.000040
          C( 1s 3s) =    -0.00002   V( 1s 3s) =    10.05622   EPS = 0.000002
          C( 2s 3s) =     0.00001   V( 2s 3s) =     1.56722   EPS =-0.000004
          C( 2p 3p) =     0.00000   V( 2p 3p) =     0.03379   EPS = 0.000120
          E( 2s 1s) =     0.00322   E( 1s 2s) =     0.00158
          E( 3s 1s) =    -0.03506   E( 1s 3s) =    -0.01688
          E( 3s 2s) =     0.02082   E( 2s 3s) =     0.02045
          E( 3p 2p) =     0.59321   E( 2p 3p) =     0.10242

                     EL         ED             AZ           NORM       DPM
      < 1s| 2s>=-3.9D-05
      < 1s| 3s>=-1.4D-06
                     1s      9.9638366     14.6752823   1.0000147    2.70D-05
      < 1s| 2s>=-8.1D-05
      < 3s| 2s>=-3.7D-06
                     2s      1.0461021      3.1238414   1.0006031    1.18D-04
      < 3s| 2s>= 1.0D-05
      < 1s| 3s>=-8.1D-06
                     3s      0.1865439      0.5572032   1.0001261    1.19D-05
      < 2p| 3p>= 3.7D-05
                     2p      0.6288315      1.7710693   1.0000002**  1.67D-05
      < 2p| 3p>=-8.1D-06
                     3p      0.9253435     -0.0167313   0.9999913**  6.57D-05
                     3d      1.0883173      0.2667380   0.9999891**  7.93D-05


          TOTAL ENERGY =      -14.370499336

      WEIGHTS
  1  0.9813  2  0.0936  3  0.1548  4 -0.0643  5  0.0161


     ENERGY (a.u.)
     ------
           Total                 -14.370499336
           Potential             -28.741219707
           Kinetic                14.370720371
           Ratio                   1.999984619

                    ===================
                       ISOTOPE SHIFT   
                    ===================


                                      Tolerance for printing = 0.00100


   Atom  State      Energy (in a.u.)
   -------------------------------
   Be    1S       -14.3704993




       CONFIGURATION                                        WEIGHT

   1   2s.3s_1S                                             0.9812661
   2   2s(2)_1S0                                            0.0936224
   3   2p(2)_1S0                                            0.1547759
   4   3p(2)_1S0                                           -0.0643099
   5   3d(2)_1S0                                            0.0161381



                    ---------------------
                      MASS CONTRIBUTION  
                    ---------------------


                                         CONTRIBUTIONS TO SPECIFIC MASS SHIFT

                                      Gradient Form       Slater Integral Form
                                      -------------       --------------------
                                         TOTAL            PART1           PART2

 i)   Core

     1s  1s                           0.00000000        1.13695247      0.00000000

    Total for core                    0.00000000        1.13695247      0.00000000


 ii)  Fk-integrals
     2s  2s  2s  2s                   0.00000000        0.00171502      0.00000000
     2s  3s  2s  3s                   0.00000000        0.06449896      0.00000000
     2p  2p  2p  2p                   0.00000000        0.00430788      0.00000000


 iii) Gk-integrals
     2s  3s  3s  2s                   0.00000000        0.00187939      0.00000000


 iv)  Rk-integrals
     2s  2s  2s  3s                   0.00000000        0.00181747      0.00000000
     2s  2s  3s  2s                   0.00000000        0.00181747      0.00000000
     2s  2s  2p  2p                   0.00109146       -0.00192364     -0.02042648
     2s  2s  3p  3p                  -0.00089549        0.00011825      0.00230508
     2s  3s  2p  2p                   0.01082245       -0.00494481     -0.27689325
     2s  3s  3p  3p                  -0.00100622       -0.00145447     -0.07097217
     2p  2p  3d  3d                   0.00121837       -0.00006296     -0.00009926
     3p  3p  3d  3d                  -0.00009581        0.00005679      0.00104383

    Total for integrals               0.01113477        0.06873289     -0.36504226


 v)   Core-Outer
     2s  1s  2s  1s                   0.00000000        0.51409734      0.00000000
     2s  1s  3s  1s                   0.00000000        0.01339492      0.00000000
     3s  1s  3s  1s                   0.00000000        0.13319695      0.00000000
     2p  1s  2p  1s                  -0.01155986        0.02436099     -0.01200654
     3p  1s  3p  1s                  -0.00000151        0.00155395      0.00000010

    Total for core-outer             -0.01156137        0.68673485     -0.01200644

                                 -------------------------------------------------

    Total contribution                                  1.89242021     -0.37704870
    in atomic units:                 -0.00042660                 1.51537151


 1  SPECIFIC MASS SHIFT CORRECTION FOR MASS                   9.00
      Gradient Form                                    -0.00570699  cm-1
      Slater Integral Form                             20.27219757  cm-1
      Rydberg constant was                             109730.6269  cm-1

 2  NORMAL MASS SHIFT CORRECTION                      192.23262621  cm-1


 3  ISOTOPE SHIFT FOR MASSES                         9.00 -  10.00

    a)  SPECIFIC MASS CONTRIBUTION
      Gradient Form                                    -0.00057070  cm-1
      Slater Integral Form                              2.02721976  cm-1
    b)  NORMAL MASS CONTRIBUTION                      -19.22220813  cm-1



          ----------------------------------------------
            ELECTRONIC CONTRIBUTION TO THE FIELD SHIFT  
          ----------------------------------------------

  i)   Core

     1s  1s                                           430.72782128

    Total for core                                    430.72782128

 ii)   Outer Electrons

     2s  2s                                             9.56721686
     2s  3s                                             0.45228622
     3s  3s                                             0.29895157

    Total for outer electrons                          10.31845464
 

    Total contribution (au)                           441.04627593


 1  FINITE VOLUME CORRECTION FOR MASS                         9.00

      Volume correction                                 0.13805556  cm-1
      Req was                                           3.15983088  fm



=========================================================================


