


                    ============================
                       N O N - W E I G H T S    
                    ============================



 STATE  (WITH  1 CONFIGURATIONS):
 -------------------------------


 THERE ARE  2 ORBITALS AS FOLLOWS:

       3d  4p

 THERE ARE  5 CLOSED SUBSHELLS COMMON TO ALL CONFIGURATIONS AS FOLLOWS:

       1s  2s  2p  3s  3p

 CONFIGURATION  1 ( OCCUPIED ORBITALS= 2 ):  3d( 8)  4p( 1)
                           COUPLING SCHEME:     3F2     2P1
                                                           4G0


                    ===================
                      MCHF  ...  1988
                    ===================


          THE DIMENSIONS FOR THE CURRENT VERSION ARE:
            NCFG=100       NWF= 30        NO=220



 Ni    4G       28.   220  7  7  1  F  F

  F.1D-09.1D-06 12  40.0  0  T  F



          WEAK ORTHOGONALIZATION DURING THE SCF CYCLE=   T
          ACCELERATING PARAMETER FOR MCHF ITERATION  = 0.00
          SCF CONVERGENCE TOLERANCE (FUNCTIONS)      = 1.00D-07
          NUMBER OF POINTS IN THE MAXIMUM RANGE      = 220
          RELATIVISTIC DIAGONAL  ENERGY CORRECTIONS  =   F


          ITERATION NUMBER  1
          ----------------

          CONVERGENCE CRITERIA:ENERGY  (CFGTOL)            =  1.0D-10
                              :FUNCTION(SCFTOL*SQRT(Z*NWF))=  1.4D-06

          C( 2p 4p) =    -3.82264   V( 2p 4p) =   386.67619   EPS = 0.009886
          C( 3p 4p) =     6.53345   V( 3p 4p) =    23.57771   EPS =-0.025000
          E( 4p 2p) =     0.02722   E( 2p 4p) =     0.00454
          E( 4p 3p) =    -2.00471   E( 3p 4p) =    -0.33412

                     EL         ED             AZ           NORM       DPM
      < 1s| 2s>= 5.4D-03
      < 1s| 3s>= 4.8D-04
                     1s    632.3894933    291.8724571   1.2354449    7.23D-02
      < 2s| 3s>= 1.8D-02
      < 1s| 2s>= 1.7D-03
                     2s     88.2629115     90.5714161   1.1464010    1.17D-01
      < 2p| 3p>=-1.3D-02
      < 2p| 4p>=-2.9D-03
                     2p     79.8892767    666.2215460   0.8450823    3.26D-01
      < 1s| 3s>= 2.8D-03
      < 2s| 3s>= 5.3D-02
                     3s      6.8377207     40.7995030   0.4105931    2.69D+00
      < 3p| 4p>= 2.3D-01
      < 2p| 3p>= 4.8D-02
                     3p      4.0896539    251.7883856   0.3200621    2.18D+00
                     3d      1.6032547    186.8924620  25.7019710    3.04D-01
      < 2p| 4p>= 6.8D-03
      < 3p| 4p>=-1.9D-01
                     4p      0.6054511     68.0049117   3.3594488    1.22D+00
      < 2p| 3p>= 3.8D-02
      < 4p| 3p>= 1.9D-01
                     3p      7.0870619    197.5134193   1.7252077    2.10D-01
      < 1s| 3s>= 1.9D-03
      < 2s| 3s>= 3.3D-02
                     3s     10.3581093     30.6293325   2.1239882    3.71D-01
      < 2p| 4p>= 6.5D-04
      < 3p| 4p>=-3.2D-01
                     4p      0.7555165     80.6921745   3.2136094    3.22D-01
                     3d      3.1051698    238.3847231   1.0772852    1.53D-01

      LEAST SELF-CONSISTENT FUNCTION IS  2p :WEIGHTED MAXIMUM CHANGE =  7.97D-01


          ITERATION NUMBER  2
          ----------------

          CONVERGENCE CRITERIA:ENERGY  (CFGTOL)            =  1.4D-10
                              :FUNCTION(SCFTOL*SQRT(Z*NWF))=  2.8D-06

          C( 2p 4p) =     2.64236   V( 2p 4p) =   321.31723   EPS =-0.008224
          C( 3p 4p) =    -4.09718   V( 3p 4p) =    31.43287   EPS = 0.025000
          E( 4p 2p) =     0.03589   E( 2p 4p) =     0.00598
          E( 4p 3p) =     1.23764   E( 3p 4p) =     0.20627

                     EL         ED             AZ           NORM       DPM
      < 1s| 2s>=-3.0D-03
      < 1s| 3s>=-8.4D-04
                     1s    610.0056547    291.0893726   1.0004351    1.06D-02
      < 2s| 3s>=-2.3D-02
      < 1s| 2s>=-3.2D-05
                     2s     75.2524446     89.0215667   1.0203233    4.59D-02
      < 3p| 2p>=-2.3D-02
      < 4p| 2p>= 1.8D-04
                     2p     65.3276283    645.4077790   1.0391934    5.50D-02
      < 1s| 3s>=-8.1D-05
      < 2s| 3s>=-9.6D-04
                     3s      9.9845619     32.9139636   1.0076673    2.48D-02
      < 3p| 4p>= 8.2D-02
      < 2p| 3p>= 2.7D-02
                     3p      6.7055582    213.3077993   1.0034275    8.52D-02
                     3d      1.5307708    193.1790470   1.2734897    1.76D-01
      < 2p| 4p>= 4.8D-03
      < 3p| 4p>= 1.8D-01
                     4p      0.9388843     70.4571891   1.0179136    2.21D-01
                     3d      3.0098641    239.2040086   1.1037157    1.73D-01
                     3d      1.5539842    205.3870436   1.2588647    1.70D-01
                     3d      2.6285404    218.4036862   0.9870318    9.14D-02
                     3d      2.2076842    218.3630562   0.9976398    7.55D-03

      LEAST SELF-CONSISTENT FUNCTION IS  4p :WEIGHTED MAXIMUM CHANGE =  2.21D-01


          ITERATION NUMBER  3
          ----------------

          CONVERGENCE CRITERIA:ENERGY  (CFGTOL)            =  2.0D-10
                              :FUNCTION(SCFTOL*SQRT(Z*NWF))=  5.6D-06

          C( 2p 4p) =    -1.02025   V( 2p 4p) =   330.52834   EPS = 0.003087
          C( 3p 4p) =    -1.61270   V( 3p 4p) =    33.64244   EPS = 0.025000
          E( 4p 2p) =     0.00221   E( 2p 4p) =     0.00037
          E( 4p 3p) =     0.27738   E( 3p 4p) =     0.04623

                     EL         ED             AZ           NORM       DPM
      < 1s| 2s>=-5.2D-04
      < 1s| 3s>=-1.8D-04
                     1s    610.4399636    290.5419524   0.9996265    3.89D-03
      < 1s| 2s>=-7.1D-06
      < 3s| 2s>= 2.0D-04
                     2s     76.4570377     88.9777143   1.0001308    1.37D-03
      < 2p| 3p>=-2.2D-02
      < 2p| 4p>= 4.8D-05
                     2p     66.5134798    640.5468038   1.0102393    2.62D-02
      < 1s| 3s>= 1.6D-05
      < 2s| 3s>= 6.0D-05
                     3s     10.4778506     33.2311448   0.9976820    1.36D-02
      < 3p| 4p>= 1.5D-02
      < 2p| 3p>= 1.2D-03
                     3p      7.2534543    234.6188968   0.9944350    2.26D-02
                     3d      2.0613043    216.3645506   1.0115864    1.79D-02
      < 2p| 4p>= 1.0D-03
      < 3p| 4p>= 5.5D-02
                     4p      0.7917075     44.3792546   1.2313566    1.12D-01
      < 2p| 4p>= 7.0D-04
      < 3p| 4p>= 5.5D-02
                     4p      0.8063148     45.8732665   0.7924904    9.68D-02
          C( 2p 4p) =    -0.06831   V( 2p 4p) =   329.42246   EPS = 0.000207
          C( 3p 4p) =    -0.28797   V( 3p 4p) =    32.70067   EPS = 0.008806
          E( 4p 2p) =    -0.02452   E( 2p 4p) =    -0.00409
          E( 4p 3p) =     0.00311   E( 3p 4p) =     0.00052
      < 2p| 4p>=-1.0D-05
      < 3p| 4p>=-3.4D-05
                     4p      0.8055378     45.2881106   1.0000000*   5.40D-03
      < 3p| 2p>=-2.3D-04
      < 4p| 2p>=-9.9D-05
                     2p     66.5564763    641.4069209   0.9998635    9.44D-04
      < 2p| 3p>= 3.6D-04
      < 4p| 3p>=-9.3D-04
                     3p      7.3353975    235.9538765   0.9991267    2.33D-03

      LEAST SELF-CONSISTENT FUNCTION IS  3d :WEIGHTED MAXIMUM CHANGE =  5.07D-02


          ITERATION NUMBER  4
          ----------------

          CONVERGENCE CRITERIA:ENERGY  (CFGTOL)            =  2.7D-10
                              :FUNCTION(SCFTOL*SQRT(Z*NWF))=  1.1D-05

          C( 2p 4p) =     0.00600   V( 2p 4p) =   329.09707   EPS =-0.000018
          C( 3p 4p) =     0.00353   V( 3p 4p) =    32.51413   EPS =-0.000109
          E( 4p 2p) =    -0.02368   E( 2p 4p) =    -0.00395
          E( 4p 3p) =     0.00323   E( 3p 4p) =     0.00054

                     EL         ED             AZ           NORM       DPM
      < 1s| 3s>= 8.0D-05
      < 2s| 1s>= 2.5D-04
                     1s    610.9523482    290.7540241   1.0003836    1.72D-03
      < 2s| 1s>=-2.6D-04
      < 2s| 3s>= 3.0D-04
                     2s     76.4527764     89.0271735   0.9998933    1.43D-03
      < 2p| 3p>=-3.2D-04
      < 2p| 4p>=-9.7D-05
                     2p     66.5178927    641.2321127   1.0000305    4.42D-04
      < 1s| 3s>= 5.0D-06
      < 2s| 3s>= 2.2D-05
                     3s     10.5261648     33.2784131   0.9995476    1.37D-03
      < 3p| 4p>=-9.8D-04
      < 2p| 3p>= 5.2D-06
                     3p      7.3251900    236.0310182   1.0001927    5.95D-04
                     3d      2.1991620    216.6272697   0.9979231    3.87D-03
      < 2p| 4p>=-1.7D-04
      < 3p| 4p>=-2.3D-03
                     4p      0.8049305     45.6067458   1.0000000*   5.59D-03
                     3d      2.1991161    216.9857038   0.9982736    2.46D-03
                     3d      2.1976912    217.3847975   0.9988726    1.41D-03
      < 2p| 4p>=-2.4D-04
      < 3p| 4p>=-3.0D-03
                     4p      0.8041444     45.7636573   1.0000000*   5.67D-03
      < 2p| 4p>=-2.0D-04
      < 3p| 4p>=-2.5D-03
                     4p      0.8041512     45.8660872   1.0000000*   6.22D-03

      LEAST SELF-CONSISTENT FUNCTION IS  4p :WEIGHTED MAXIMUM CHANGE =  6.22D-03


          ITERATION NUMBER  5
          ----------------

          CONVERGENCE CRITERIA:ENERGY  (CFGTOL)            =  3.8D-10
                              :FUNCTION(SCFTOL*SQRT(Z*NWF))=  2.2D-05

          C( 2p 4p) =    -0.03006   V( 2p 4p) =   329.09707   EPS = 0.000091
          C( 3p 4p) =    -0.01029   V( 3p 4p) =    32.29900   EPS = 0.000319
          E( 4p 2p) =    -0.01128   E( 2p 4p) =    -0.00188
          E( 4p 3p) =     0.01646   E( 3p 4p) =     0.00274

                     EL         ED             AZ           NORM       DPM
      < 2s| 1s>= 3.7D-04
      < 3s| 1s>= 1.2D-04
                     1s    611.9438841    291.0542571   1.0005731    2.33D-03
      < 2s| 1s>=-3.8D-04
      < 3s| 2s>= 6.9D-04
                     2s     76.6006614     89.1156670   0.9997006    2.73D-03
      < 2p| 3p>= 6.0D-04
      < 2p| 4p>=-1.7D-05
                     2p     66.6570094    642.5997148   0.9998041    1.99D-03
      < 3s| 1s>=-1.2D-04
      < 3s| 2s>=-7.2D-04
                     3s     10.5342211     33.3180794   0.9998673    2.54D-03
      < 3p| 2p>= 9.9D-05
      < 3p| 4p>=-2.4D-04
                     3p      7.3286518    236.5377026   0.9994209    1.64D-03
                     3d      2.1863168    217.3548229   1.0003390    9.26D-04
      < 2p| 4p>=-2.7D-05
      < 3p| 4p>=-4.7D-04
                     4p      0.8042387     45.8220416   1.0000000*   1.54D-03
      < 3p| 2p>= 8.6D-05
      < 4p| 2p>=-3.0D-06
                     2p     66.6451666    642.6110327   1.0000014    1.11D-04
      < 2p| 3p>=-9.8D-05
      < 4p| 3p>= 8.2D-05
                     3p      7.3319544    236.6597364   0.9999713    3.30D-04
      < 1s| 2s>=-1.1D-05
      < 3s| 2s>=-3.2D-05
                     2s     76.5864579     89.1493971   1.0000010    7.17D-05

      LEAST SELF-CONSISTENT FUNCTION IS  3s :WEIGHTED MAXIMUM CHANGE =  3.59D-03


          ITERATION NUMBER  6
          ----------------

          CONVERGENCE CRITERIA:ENERGY  (CFGTOL)            =  5.4D-10
                              :FUNCTION(SCFTOL*SQRT(Z*NWF))=  4.5D-05

          C( 2p 4p) =     0.00030   V( 2p 4p) =   329.09707   EPS =-0.000001
          C( 3p 4p) =    -0.00286   V( 3p 4p) =    32.26383   EPS = 0.000089
          E( 4p 2p) =    -0.00994   E( 2p 4p) =    -0.00166
          E( 4p 3p) =     0.01781   E( 3p 4p) =     0.00297

                     EL         ED             AZ           NORM       DPM
      < 1s| 3s>= 6.6D-06
      < 2s| 1s>= 1.0D-05
                     1s    611.9459221    291.1144118   1.0000255    1.53D-04
      < 2s| 1s>=-1.1D-05
      < 2s| 3s>=-3.3D-05
                     2s     76.5861676     89.1451290   1.0000084    5.41D-05
      < 2p| 3p>= 8.1D-05
      < 2p| 4p>=-6.3D-06
                     2p     66.6418967    642.6254344   1.0000006    9.70D-05
      < 1s| 3s>= 5.7D-07
      < 2s| 3s>= 5.5D-06
                     3s     10.5348224     33.3308524   0.9999501    1.55D-04
      < 3p| 4p>=-6.5D-05
      < 2p| 3p>=-2.1D-06
                     3p      7.3307565    236.5944779   1.0000246    6.38D-05
                     3d      2.1911011    217.4665814   0.9997278    3.30D-04
      < 2p| 4p>=-1.8D-05
      < 3p| 4p>=-2.3D-04
                     4p      0.8041193     45.7483252   1.0000000*   9.70D-04
      < 2p| 4p>=-1.2D-05
      < 3p| 4p>=-1.6D-04
                     4p      0.8041199     45.7036462   1.0000000*   8.19D-04
                     3d      2.1906639    217.5242737   0.9998999    1.34D-04
      < 2p| 4p>=-1.2D-05
      < 3p| 4p>=-1.5D-04
                     4p      0.8040953     45.6714933   1.0000000*   7.58D-04

      LEAST SELF-CONSISTENT FUNCTION IS  4p :WEIGHTED MAXIMUM CHANGE =  7.58D-04


          ITERATION NUMBER  7
          ----------------

          CONVERGENCE CRITERIA:ENERGY  (CFGTOL)            =  7.5D-10
                              :FUNCTION(SCFTOL*SQRT(Z*NWF))=  9.0D-05

          C( 2p 4p) =    -0.00169   V( 2p 4p) =   329.09707   EPS = 0.000005
          C( 3p 4p) =    -0.00025   V( 3p 4p) =    32.26383   EPS = 0.000008
          E( 4p 2p) =    -0.00914   E( 2p 4p) =    -0.00152
          E( 4p 3p) =     0.01859   E( 3p 4p) =     0.00310

                     EL         ED             AZ           NORM       DPM
      < 1s| 3s>= 7.4D-06
      < 2s| 1s>= 2.2D-05
                     1s    612.0042885    291.1323698   1.0000277    1.41D-04
      < 2s| 1s>=-2.3D-05
      < 2s| 3s>= 3.7D-05
                     2s     76.5935597     89.1515692   0.9999819    1.61D-04
      < 2p| 4p>=-1.3D-06
      < 3p| 2p>= 3.5D-05
                     2p     66.6486419    642.6981035   0.9999866    1.15D-04
      < 3s| 2s>= 4.7D-06
      < 1s| 3s>= 6.1D-07
                     3s     10.5349925     33.3330981   0.9999721    9.71D-05
      < 3p| 2p>=-3.6D-05
      < 3p| 4p>=-1.6D-05
                     3p      7.3307525    236.6134097   1.0000025    1.02D-04
                     3d      2.1903092    217.5441961   0.9999857    3.11D-05
      < 2p| 4p>=-4.2D-06
      < 3p| 4p>=-6.3D-05
                     4p      0.8040930     45.6448638   1.0000000*   4.47D-04
      < 2p| 4p>=-2.8D-06
      < 3p| 4p>=-4.1D-05
                     4p      0.8040932     45.6272276   1.0000000*   3.72D-04

      LEAST SELF-CONSISTENT FUNCTION IS  4p :WEIGHTED MAXIMUM CHANGE =  3.72D-04


          ITERATION NUMBER  8
          ----------------

          CONVERGENCE CRITERIA:ENERGY  (CFGTOL)            =  1.1D-09
                              :FUNCTION(SCFTOL*SQRT(Z*NWF))=  1.8D-04

          C( 2p 4p) =    -0.00010   V( 2p 4p) =   329.09707   EPS = 0.000000
          C( 3p 4p) =    -0.00020   V( 3p 4p) =    32.26383   EPS = 0.000006
          E( 4p 2p) =    -0.00903   E( 2p 4p) =    -0.00151
          E( 4p 3p) =     0.01869   E( 3p 4p) =     0.00311

                     EL         ED             AZ           NORM       DPM
      < 1s| 2s>= 1.5D-06
      < 3s| 1s>= 6.6D-07
                     1s    612.0071821    291.1364870   1.0000025    1.44D-05
      < 1s| 2s>= 5.7D-08
      < 3s| 2s>= 6.3D-06
                     2s     76.5933665     89.1520131   0.9999978    1.08D-05
      < 2p| 4p>=-5.2D-07
      < 3p| 2p>=-2.5D-07
                     2p     66.6484147    642.7114319   0.9999996    3.26D-06
      < 1s| 3s>=-6.6D-07
      < 2s| 3s>=-7.1D-06
                     3s     10.5351941     33.3343986   0.9999987    2.37D-05
      < 3p| 4p>=-5.5D-06
      < 2p| 3p>= 7.2D-07
                     3p      7.3309812    236.6191928   0.9999967    9.99D-06
                     3d      2.1905577    217.5588160   0.9999775    3.27D-05
      < 2p| 4p>=-2.1D-06
      < 3p| 4p>=-2.9D-05
                     4p      0.8040850     45.6134130   1.0000000*   2.99D-04
      < 2p| 4p>=-1.4D-06
      < 3p| 4p>=-1.9D-05
                     4p      0.8040850     45.6038944   1.0000000*   2.58D-04

      LEAST SELF-CONSISTENT FUNCTION IS  4p :WEIGHTED MAXIMUM CHANGE =  2.58D-04


          ITERATION NUMBER  9
          ----------------

          CONVERGENCE CRITERIA:ENERGY  (CFGTOL)            =  1.5D-09
                              :FUNCTION(SCFTOL*SQRT(Z*NWF))=  3.6D-04

          C( 2p 4p) =    -0.00012   V( 2p 4p) =   329.09707   EPS = 0.000000
          C( 3p 4p) =    -0.00005   V( 3p 4p) =    32.26383   EPS = 0.000002
          E( 4p 2p) =    -0.00899   E( 2p 4p) =    -0.00150
          E( 4p 3p) =     0.01873   E( 3p 4p) =     0.00312

                     EL         ED             AZ           NORM       DPM
      < 1s| 3s>= 1.1D-06
      < 2s| 1s>= 1.2D-06
                     1s    612.0101183    291.1374600   1.0000016    8.05D-06
      < 2s| 3s>= 8.1D-06
      < 1s| 2s>=-1.3D-06
                     2s     76.5936298     89.1529306   0.9999984    1.18D-05
      < 2p| 3p>= 1.2D-06
      < 2p| 4p>=-2.3D-07
                     2p     66.6486357    642.7155127   0.9999993    5.43D-06
      < 1s| 3s>= 2.7D-08
      < 2s| 3s>=-2.2D-08
                     3s     10.5352056     33.3337053   0.9999991    3.62D-06
      < 3p| 4p>=-2.4D-06
      < 2p| 3p>= 2.3D-07
                     3p      7.3309972    236.6204294   0.9999993    3.12D-06
                     3d      2.1905763    217.5659481   0.9999907    1.45D-05
      < 2p| 4p>=-1.1D-06
      < 3p| 4p>=-1.5D-05
                     4p      0.8040823     45.5960919   1.0000000*   2.22D-04

      LEAST SELF-CONSISTENT FUNCTION IS  4p :WEIGHTED MAXIMUM CHANGE =  2.22D-04


          ITERATION NUMBER 10
          ----------------

          CONVERGENCE CRITERIA:ENERGY  (CFGTOL)            =  2.1D-09
                              :FUNCTION(SCFTOL*SQRT(Z*NWF))=  7.2D-04

          C( 2p 4p) =    -0.00005   V( 2p 4p) =   329.09707   EPS = 0.000000
          C( 3p 4p) =    -0.00003   V( 3p 4p) =    32.26383   EPS = 0.000001
          E( 4p 2p) =    -0.00897   E( 2p 4p) =    -0.00149
          E( 4p 3p) =     0.01875   E( 3p 4p) =     0.00312

                     EL         ED             AZ           NORM       DPM
      < 1s| 2s>= 1.8D-06
      < 3s| 1s>= 1.7D-07
                     1s    612.0113241    291.1380188   1.0000013    4.51D-06
      < 1s| 2s>= 8.3D-09
      < 3s| 2s>= 9.2D-07
                     2s     76.5937527     89.1526830   0.9999994    2.81D-06
      < 2p| 4p>=-9.9D-08
      < 3p| 2p>= 5.8D-07
                     2p     66.6487459    642.7170660   0.9999997    2.18D-06
      < 3s| 1s>=-1.7D-07
      < 2s| 3s>=-1.0D-06
                     3s     10.5352243     33.3338297   1.0000000    2.99D-06
      < 3p| 4p>=-1.0D-06
      < 2p| 3p>=-5.8D-07
                     3p      7.3310119    236.6214259   1.0000000    1.94D-06
                     3d      2.1905801    217.5693794   0.9999963    6.43D-06
      < 2p| 4p>=-8.8D-07
      < 3p| 4p>=-1.3D-05
                     4p      0.8040812     45.5888770   1.0000000*   1.94D-04


          TOTAL ENERGY =    -1506.430149995


     ENERGY (a.u.)
     ------
           Total               -1506.430149995
           Potential           -3012.859377799
           Kinetic              1506.429227804
           Ratio                   2.000000612

                    =======================
                     B R E I T - P A U L I 
                    =======================





 THE TYPE OF CALCULATION IS DEFINED BY THE FOLLOWING PARAMETERS - 
      BREIT-PAULI OPERATORS             IREL   = 0
      PHASE CONVENTION PARAMETER        ICSTAS = 1

1



                             ---------------------
                             THE CONFIGURATION SET
                             ---------------------





 STATE  (WITH 11 CONFIGURATIONS):
 -------------------------------


 THERE ARE  2 ORBITALS AS FOLLOWS:

       3d  4p

 THERE ARE  5 CLOSED SUBSHELLS COMMON TO ALL CONFIGURATIONS AS FOLLOWS:

       1s  2s  2p  3s  3p

 CONFIGURATION  1 ( OCCUPIED ORBITALS= 2 ):  3d( 8)  4p( 1)
                           COUPLING SCHEME:     1D2     2P1
                                                           2D0

 CONFIGURATION  2 ( OCCUPIED ORBITALS= 2 ):  3d( 8)  4p( 1)
                           COUPLING SCHEME:     1D2     2P1
                                                           2F0

 CONFIGURATION  3 ( OCCUPIED ORBITALS= 2 ):  3d( 8)  4p( 1)
                           COUPLING SCHEME:     1G2     2P1
                                                           2F0

 CONFIGURATION  4 ( OCCUPIED ORBITALS= 2 ):  3d( 8)  4p( 1)
                           COUPLING SCHEME:     3P2     2P1
                                                           2D0

 CONFIGURATION  5 ( OCCUPIED ORBITALS= 2 ):  3d( 8)  4p( 1)
                           COUPLING SCHEME:     3P2     2P1
                                                           4P0

 CONFIGURATION  6 ( OCCUPIED ORBITALS= 2 ):  3d( 8)  4p( 1)
                           COUPLING SCHEME:     3P2     2P1
                                                           4D0

 CONFIGURATION  7 ( OCCUPIED ORBITALS= 2 ):  3d( 8)  4p( 1)
                           COUPLING SCHEME:     3F2     2P1
                                                           2D0

 CONFIGURATION  8 ( OCCUPIED ORBITALS= 2 ):  3d( 8)  4p( 1)
                           COUPLING SCHEME:     3F2     2P1
                                                           2F0

 CONFIGURATION  9 ( OCCUPIED ORBITALS= 2 ):  3d( 8)  4p( 1)
                           COUPLING SCHEME:     3F2     2P1
                                                           4D0

 CONFIGURATION 10 ( OCCUPIED ORBITALS= 2 ):  3d( 8)  4p( 1)
                           COUPLING SCHEME:     3F2     2P1
                                                           4F0

 CONFIGURATION 11 ( OCCUPIED ORBITALS= 2 ):  3d( 8)  4p( 1)
                           COUPLING SCHEME:     3F2     2P1
                                                           4G0


 MATRIX ELEMENTS CONSTRUCTED USING THE SPHERICAL HARMONIC PHASE CONVENTION OF

                CONDON AND SHORTLEY, THEORY OF ATOMIC STRUCTURE
                -----------------------------------------------




                    ===========================
                     CONFIGURATION INTERACTION 
                    ===========================



   ATOM = Ni       Z = 28.



   11 EIGENVALUES FOUND 

 -1518.24050535  3d(8)3F2.4p_4D
   0.000000  0.000000  0.000000  0.000000  0.000000  0.158395  0.000000
   0.000000  0.987376  0.000000  0.000000

 -1518.23546347  3d(8)3F2.4p_4G
   0.000000  0.000000  0.000000  0.000000  0.000000  0.000000  0.000000
   0.000000  0.000000  0.000000  1.000000

 -1518.22836366  3d(8)3F2.4p_4F
   0.000000  0.000000  0.000000  0.000000  0.000000  0.000000  0.000000
   0.000000  0.000000  1.000000  0.000000

 -1518.21676746  3d(8)3F2.4p_2F
   0.000000 -0.001971 -0.105734  0.000000  0.000000  0.000000  0.000000
   0.994392  0.000000  0.000000  0.000000

 -1518.21342707  3d(8)3F2.4p_2D
  -0.201493  0.000000  0.000000  0.048370  0.000000  0.000000  0.978295
   0.000000  0.000000  0.000000  0.000000

 -1518.15656975  3d(8)1D2.4p_2F
   0.000000  0.979901  0.198155  0.000000  0.000000  0.000000  0.000000
   0.023013  0.000000  0.000000  0.000000

 -1518.15605721  3d(8)3P2.4p_4P
   0.000000  0.000000  0.000000  0.000000  1.000000  0.000000  0.000000
   0.000000  0.000000  0.000000  0.000000

 -1518.15546032  3d(8)1D2.4p_2D
   0.977855  0.000000  0.000000 -0.047744  0.000000  0.000000  0.203763
   0.000000  0.000000  0.000000  0.000000

 -1518.13859068  3d(8)3P2.4p_4D
   0.000000  0.000000  0.000000  0.000000  0.000000  0.987376  0.000000
   0.000000 -0.158395  0.000000  0.000000

 -1518.13066245  3d(8)3P2.4p_2D
   0.056564  0.000000  0.000000  0.997688  0.000000  0.000000 -0.037679
   0.000000  0.000000  0.000000  0.000000

 -1518.11631583  3d(8)1G2.4p_2F
   0.000000 -0.199477  0.974451  0.000000  0.000000  0.000000  0.000000
   0.103219  0.000000  0.000000  0.000000


   11 EIGENVALUES FOUND 

 -1518.24050535  3d(8)3F2.4p_4D
   0.000000  0.000000  0.000000  0.000000  0.000000  0.158395  0.000000
   0.000000  0.987376  0.000000  0.000000

 -1518.23546347  3d(8)3F2.4p_4G
   0.000000  0.000000  0.000000  0.000000  0.000000  0.000000  0.000000
   0.000000  0.000000  0.000000  1.000000

 -1518.22836366  3d(8)3F2.4p_4F
   0.000000  0.000000  0.000000  0.000000  0.000000  0.000000  0.000000
   0.000000  0.000000  1.000000  0.000000

 -1518.21676746  3d(8)3F2.4p_2F
   0.000000 -0.001971 -0.105734  0.000000  0.000000  0.000000  0.000000
   0.994392  0.000000  0.000000  0.000000

 -1518.21342707  3d(8)3F2.4p_2D
  -0.201493  0.000000  0.000000  0.048370  0.000000  0.000000  0.978295
   0.000000  0.000000  0.000000  0.000000

 -1518.15656975  3d(8)1D2.4p_2F
   0.000000  0.979901  0.198155  0.000000  0.000000  0.000000  0.000000
   0.023013  0.000000  0.000000  0.000000

 -1518.15605721  3d(8)3P2.4p_4P
   0.000000  0.000000  0.000000  0.000000  1.000000  0.000000  0.000000
   0.000000  0.000000  0.000000  0.000000

 -1518.15546032  3d(8)1D2.4p_2D
   0.977855  0.000000  0.000000 -0.047744  0.000000  0.000000  0.203763
   0.000000  0.000000  0.000000  0.000000

 -1518.13859068  3d(8)3P2.4p_4D
   0.000000  0.000000  0.000000  0.000000  0.000000  0.987376  0.000000
   0.000000 -0.158395  0.000000  0.000000

 -1518.13066245  3d(8)3P2.4p_2D
   0.056564  0.000000  0.000000  0.997688  0.000000  0.000000 -0.037679
   0.000000  0.000000  0.000000  0.000000

 -1518.11631583  3d(8)1G2.4p_2F
   0.000000 -0.199477  0.974451  0.000000  0.000000  0.000000  0.000000
   0.103219  0.000000  0.000000  0.000000

                    ===================
                       ISOTOPE SHIFT   
                    ===================


                                      Tolerance for printing = 0.01000




       CONFIGURATIONS

   1   3d(8)1D2.4p_2D
   2   3d(8)1D2.4p_2F
   3   3d(8)1G2.4p_2F
   4   3d(8)3P2.4p_2D
   5   3d(8)3P2.4p_4P
   6   3d(8)3P2.4p_4D
   7   3d(8)3F2.4p_2D
   8   3d(8)3F2.4p_2F
   9   3d(8)3F2.4p_4D
  10   3d(8)3F2.4p_4F
  11   3d(8)3F2.4p_4G


 2*J-Value     Energy       State                 

     5    -1518.24050535  3d(8)3F2.4p_4D                                                        
-----------------------------------



                    ---------------------
                      MASS CONTRIBUTION  
                    ---------------------


                                         CONTRIBUTIONS TO SPECIFIC MASS SHIFT

                                      Gradient Form       Slater Integral Form
                                      -------------       --------------------
                                         TOTAL            PART1           PART2

 i)   Core

     1s  1s                           0.00000000        8.57096261      0.00000000
     2s  2s                           0.00000000        1.83062396      0.00000000
     2s  1s                           0.00000000        9.80907298      0.00000000
     2p  2p                           0.00000000       30.46150746      0.00000000
     2p  1s                        -253.91464353       33.69798924   -262.05586477
     2p  2s                          -2.08967583       21.05234193    -51.63740535
     3s  3s                           0.00000000        0.60061254      0.00000000
     3s  1s                           0.00000000        3.45280587      0.00000000
     3s  2s                           0.00000000        3.04558679      0.00000000
     3s  2p                          -3.71743955        9.46272841     -1.62753924
     3p  3p                           0.00000000        8.29418594      0.00000000
     3p  1s                         -26.68959093       10.23964902    -27.41501917
     3p  2s                         -14.66214902        9.11562897    -13.18367037
     3p  2p                           0.00000000       27.67293125      0.00000000
     3p  3s                          -2.28900199        6.27313053    -59.42609642

    Total for core                 -303.36250086      183.57975754   -415.34559531


 ii)  Fk-integrals
     3d  3d  3d  3d                   0.00000000       13.67399925      0.00000000
     3d  4p  3d  4p                   0.00000000        1.38082211      0.00000000
     3d  3d  3d  3d                   0.00000000       -0.22741141      0.00000000
     3d  3d  3d  3d                   0.00000000       -0.12295315      0.00000000


 iii) Gk-integrals
     3d  4p  4p  3d                  -0.05487238       -0.00792187      0.54839267


 iv)  Rk-integrals

    Total for integrals              -0.05487238       14.68786163      0.54839267


 v)   Core-Outer
     3d  1s  3d  1s                   0.00000000       11.13602122      0.00000000
     3d  2s  3d  2s                   0.00000000       10.78995855      0.00000000
     3d  2p  3d  2p                 -45.34268364       32.54189502    -57.13155637
     3d  3s  3d  3s                   0.00000000        8.22309035      0.00000000
     3d  3p  3d  3p                 -10.78124640       23.93316848    -75.17474028
     4p  1s  4p  1s                  -0.16114260        0.36755267     -0.16510099
     4p  2s  4p  2s                  -0.08838134        0.36078750     -0.07946854
     4p  2p  4p  2p                   0.00000000        1.08440279      0.00000000
     4p  3s  4p  3s                  -0.02223834        0.34743912      0.08247952
     4p  3p  4p  3p                   0.00000000        1.03875295      0.00000000

    Total for core-outer            -56.39569232       89.82306866   -132.46838664

                                 -------------------------------------------------

    Total contribution                                288.09068782   -547.26558928
    in atomic units:               -359.81306555              -259.17490146


 1  SPECIFIC MASS SHIFT CORRECTION FOR MASS                  58.00
      Gradient Form                                  -746.91839871  cm-1
      Slater Integral Form                           -538.00854086  cm-1
      Rydberg constant was                             109736.2774  cm-1

 2  NORMAL MASS SHIFT CORRECTION                     3151.61162857  cm-1


 3  ISOTOPE SHIFT FOR MASSES                        56.00 -  54.00

    a)  SPECIFIC MASS CONTRIBUTION
      Gradient Form                                    28.65163170  cm-1
      Slater Integral Form                             20.63789376  cm-1
    b)  NORMAL MASS CONTRIBUTION                      120.89388608  cm-1



          ----------------------------------------------
            ELECTRONIC CONTRIBUTION TO THE FIELD SHIFT  
          ----------------------------------------------

  i)   Core

     1s  1s                                        169522.69868246
     2s  2s                                         15896.40178656
     3s  3s                                          2222.28840350

    Total for core                                 187641.38887252

 ii)   Outer Electrons


    Total for outer electrons                           0.00000000
 

    Total contribution (au)                        187641.38887252


 1  FINITE VOLUME CORRECTION FOR MASS                        58.00

      Volume correction                              1284.67084080  cm-1
      Req was                                           4.84168120  fm



 2  FIELD SHIFT CONTRIBUTION                           12.16042587  cm-1


=========================================================================




 2*J-Value     Energy       State                 

     5    -1518.23546347  3d(8)3F2.4p_4G                                                        
-----------------------------------



                    ---------------------
                      MASS CONTRIBUTION  
                    ---------------------


                                         CONTRIBUTIONS TO SPECIFIC MASS SHIFT

                                      Gradient Form       Slater Integral Form
                                      -------------       --------------------
                                         TOTAL            PART1           PART2

    Total for core                 -303.36250086      183.57975754   -415.34559531


 ii)  Fk-integrals
     3d  3d  3d  3d                   0.00000000       13.67399825      0.00000000
     3d  4p  3d  4p                   0.00000000        1.38082201      0.00000000
     3d  3d  3d  3d                   0.00000000       -0.22913604      0.00000000
     3d  3d  3d  3d                   0.00000000       -0.12235820      0.00000000


 iii) Gk-integrals
     3d  4p  4p  3d                  -0.05487238       -0.00792187      0.54839263


 iv)  Rk-integrals

    Total for integrals              -0.05487238       14.69038127      0.54839263


 v)   Core-Outer
     3d  1s  3d  1s                   0.00000000       11.13602041      0.00000000
     3d  2s  3d  2s                   0.00000000       10.78995776      0.00000000
     3d  2p  3d  2p                 -45.34268032       32.54189264    -57.13155219
     3d  3s  3d  3s                   0.00000000        8.22308975      0.00000000
     3d  3p  3d  3p                 -10.78124561       23.93316673    -75.17473478
     4p  1s  4p  1s                  -0.16114259        0.36755264     -0.16510097
     4p  2s  4p  2s                  -0.08838133        0.36078747     -0.07946853
     4p  2p  4p  2p                   0.00000000        1.08440272      0.00000000
     4p  3s  4p  3s                  -0.02223834        0.34743909      0.08247952
     4p  3p  4p  3p                   0.00000000        1.03875287      0.00000000

    Total for core-outer            -56.39568819       89.82306208   -132.46837695

                                 -------------------------------------------------

    Total contribution                                288.09320089   -547.26557963
    in atomic units:               -359.81306142              -259.17237874


 1  SPECIFIC MASS SHIFT CORRECTION FOR MASS                  58.00
      Gradient Form                                  -746.91839013  cm-1
      Slater Integral Form                           -538.00330408  cm-1
      Rydberg constant was                             109736.2774  cm-1

 2  NORMAL MASS SHIFT CORRECTION                     3151.60116248  cm-1


 3  ISOTOPE SHIFT FOR MASSES                        56.00 -  54.00

    a)  SPECIFIC MASS CONTRIBUTION
      Gradient Form                                    28.65163137  cm-1
      Slater Integral Form                             20.63769288  cm-1
    b)  NORMAL MASS CONTRIBUTION                      120.89348461  cm-1



          ----------------------------------------------
            ELECTRONIC CONTRIBUTION TO THE FIELD SHIFT  
          ----------------------------------------------

    Total for core                                 187641.38887252

 ii)   Outer Electrons


    Total for outer electrons                           0.00000000
 

    Total contribution (au)                        187641.38887252


 1  FINITE VOLUME CORRECTION FOR MASS                        58.00

      Volume correction                              1284.67084080  cm-1
      Req was                                           4.84168120  fm



 2  FIELD SHIFT CONTRIBUTION                           12.16042587  cm-1


=========================================================================




 2*J-Value     Energy       State                 

     5    -1518.22836366  3d(8)3F2.4p_4F                                                        
-----------------------------------



                    ---------------------
                      MASS CONTRIBUTION  
                    ---------------------


                                         CONTRIBUTIONS TO SPECIFIC MASS SHIFT

                                      Gradient Form       Slater Integral Form
                                      -------------       --------------------
                                         TOTAL            PART1           PART2

    Total for core                 -303.36250086      183.57975754   -415.34559531


 ii)  Fk-integrals
     3d  3d  3d  3d                   0.00000000       13.67399825      0.00000000
     3d  4p  3d  4p                   0.00000000        1.38082201      0.00000000
     3d  3d  3d  3d                   0.00000000       -0.22913604      0.00000000
     3d  3d  3d  3d                   0.00000000       -0.12235820      0.00000000


 iii) Gk-integrals
     3d  4p  4p  3d                  -0.05487238       -0.00792187      0.54839263


 iv)  Rk-integrals

    Total for integrals              -0.05487238       14.69393095      0.54839263


 v)   Core-Outer
     3d  1s  3d  1s                   0.00000000       11.13602041      0.00000000
     3d  2s  3d  2s                   0.00000000       10.78995776      0.00000000
     3d  2p  3d  2p                 -45.34268032       32.54189264    -57.13155219
     3d  3s  3d  3s                   0.00000000        8.22308975      0.00000000
     3d  3p  3d  3p                 -10.78124561       23.93316673    -75.17473478
     4p  1s  4p  1s                  -0.16114259        0.36755264     -0.16510097
     4p  2s  4p  2s                  -0.08838133        0.36078747     -0.07946853
     4p  2p  4p  2p                   0.00000000        1.08440272      0.00000000
     4p  3s  4p  3s                  -0.02223834        0.34743909      0.08247952
     4p  3p  4p  3p                   0.00000000        1.03875287      0.00000000

    Total for core-outer            -56.39568819       89.82306208   -132.46837695

                                 -------------------------------------------------

    Total contribution                                288.09675056   -547.26557963
    in atomic units:               -359.81306142              -259.16882906


 1  SPECIFIC MASS SHIFT CORRECTION FOR MASS                  58.00
      Gradient Form                                  -746.91839013  cm-1
      Slater Integral Form                           -537.99593548  cm-1
      Rydberg constant was                             109736.2774  cm-1

 2  NORMAL MASS SHIFT CORRECTION                     3151.58642447  cm-1


 3  ISOTOPE SHIFT FOR MASSES                        56.00 -  54.00

    a)  SPECIFIC MASS CONTRIBUTION
      Gradient Form                                    28.65163137  cm-1
      Slater Integral Form                             20.63741022  cm-1
    b)  NORMAL MASS CONTRIBUTION                      120.89291927  cm-1



          ----------------------------------------------
            ELECTRONIC CONTRIBUTION TO THE FIELD SHIFT  
          ----------------------------------------------

    Total for core                                 187641.38887252

 ii)   Outer Electrons


    Total for outer electrons                           0.00000000
 

    Total contribution (au)                        187641.38887252


 1  FINITE VOLUME CORRECTION FOR MASS                        58.00

      Volume correction                              1284.67084080  cm-1
      Req was                                           4.84168120  fm



 2  FIELD SHIFT CONTRIBUTION                           12.16042587  cm-1


=========================================================================




 2*J-Value     Energy       State                 

     5    -1518.21676746  3d(8)3F2.4p_2F                                                        
-----------------------------------



                    ---------------------
                      MASS CONTRIBUTION  
                    ---------------------


                                         CONTRIBUTIONS TO SPECIFIC MASS SHIFT

                                      Gradient Form       Slater Integral Form
                                      -------------       --------------------
                                         TOTAL            PART1           PART2

    Total for core                 -303.36250086      183.57975754   -415.34559531


 ii)  Fk-integrals
     3d  3d  3d  3d                   0.00000000       13.67399711      0.00000000
     3d  4p  3d  4p                   0.00000000        1.38082190      0.00000000
     3d  3d  3d  3d                   0.00000000       -0.22852112      0.00000000
     3d  3d  3d  3d                   0.00000000       -0.12232279      0.00000000


 iii) Gk-integrals
     3d  4p  4p  3d                  -0.02971890       -0.00429049      0.29700964


 iv)  Rk-integrals

    Total for integrals              -0.02971890       14.69972682      0.29700964


 v)   Core-Outer
     3d  1s  3d  1s                   0.00000000       11.13601948      0.00000000
     3d  2s  3d  2s                   0.00000000       10.78995686      0.00000000
     3d  2p  3d  2p                 -45.34267654       32.54188992    -57.13154741
     3d  3s  3d  3s                   0.00000000        8.22308906      0.00000000
     3d  3p  3d  3p                 -10.78124471       23.93316473    -75.17472850
     4p  1s  4p  1s                  -0.16114257        0.36755261     -0.16510096
     4p  2s  4p  2s                  -0.08838132        0.36078744     -0.07946852
     4p  2p  4p  2p                   0.00000000        1.08440262      0.00000000
     4p  3s  4p  3s                  -0.02223834        0.34743906      0.08247951
     4p  3p  4p  3p                   0.00000000        1.03875278      0.00000000

    Total for core-outer            -56.39568348       89.82305458   -132.46836589

                                 -------------------------------------------------

    Total contribution                                288.10253894   -547.51695156
    in atomic units:               -359.78790324              -259.41441262


 1  SPECIFIC MASS SHIFT CORRECTION FOR MASS                  58.00
      Gradient Form                                  -746.86616548  cm-1
      Slater Integral Form                           -538.50573040  cm-1
      Rydberg constant was                             109736.2774  cm-1

 2  NORMAL MASS SHIFT CORRECTION                     3151.56235271  cm-1


 3  ISOTOPE SHIFT FOR MASSES                        56.00 -  54.00

    a)  SPECIFIC MASS CONTRIBUTION
      Gradient Form                                    28.64962804  cm-1
      Slater Integral Form                             20.65696585  cm-1
    b)  NORMAL MASS CONTRIBUTION                      120.89199589  cm-1



          ----------------------------------------------
            ELECTRONIC CONTRIBUTION TO THE FIELD SHIFT  
          ----------------------------------------------

    Total for core                                 187641.38887252

 ii)   Outer Electrons


    Total for outer electrons                           0.00000000
 

    Total contribution (au)                        187641.38887252


 1  FINITE VOLUME CORRECTION FOR MASS                        58.00

      Volume correction                              1284.67084080  cm-1
      Req was                                           4.84168120  fm



 2  FIELD SHIFT CONTRIBUTION                           12.16042587  cm-1


=========================================================================




 2*J-Value     Energy       State                 

     5    -1518.21342707  3d(8)3F2.4p_2D                                                        
-----------------------------------



                    ---------------------
                      MASS CONTRIBUTION  
                    ---------------------


                                         CONTRIBUTIONS TO SPECIFIC MASS SHIFT

                                      Gradient Form       Slater Integral Form
                                      -------------       --------------------
                                         TOTAL            PART1           PART2

    Total for core                 -303.36250086      183.57975754   -415.34559531


 ii)  Fk-integrals
     3d  3d  3d  3d                   0.00000000       13.67399675      0.00000000
     3d  4p  3d  4p                   0.00000000        1.38082186      0.00000000
     3d  3d  3d  3d                   0.00000000       -0.22804490      0.00000000
     3d  3d  3d  3d                   0.00000000       -0.12183604      0.00000000


 iii) Gk-integrals
     3d  4p  4p  3d                   0.02074971        0.00299561     -0.20737186


 iv)  Rk-integrals

    Total for integrals               0.02074971       14.70139611     -0.20737186


 v)   Core-Outer
     3d  1s  3d  1s                   0.00000000       11.13601919      0.00000000
     3d  2s  3d  2s                   0.00000000       10.78995658      0.00000000
     3d  2p  3d  2p                 -45.34267535       32.54188907    -57.13154592
     3d  3s  3d  3s                   0.00000000        8.22308885      0.00000000
     3d  3p  3d  3p                 -10.78124443       23.93316411    -75.17472653
     4p  1s  4p  1s                  -0.16114257        0.36755260     -0.16510096
     4p  2s  4p  2s                  -0.08838132        0.36078743     -0.07946852
     4p  2p  4p  2p                   0.00000000        1.08440260      0.00000000
     4p  3s  4p  3s                  -0.02223834        0.34743906      0.08247951
     4p  3p  4p  3p                   0.00000000        1.03875276      0.00000000

    Total for core-outer            -56.39568201       89.82305223   -132.46836242

                                 -------------------------------------------------

    Total contribution                                288.10420587   -548.02132960
    in atomic units:               -359.73743316              -259.91712372


 1  SPECIFIC MASS SHIFT CORRECTION FOR MASS                  58.00
      Gradient Form                                  -746.76139710  cm-1
      Slater Integral Form                           -539.54928387  cm-1
      Rydberg constant was                             109736.2774  cm-1

 2  NORMAL MASS SHIFT CORRECTION                     3151.55541862  cm-1


 3  ISOTOPE SHIFT FOR MASSES                        56.00 -  54.00

    a)  SPECIFIC MASS CONTRIBUTION
      Gradient Form                                    28.64560915  cm-1
      Slater Integral Form                             20.69699634  cm-1
    b)  NORMAL MASS CONTRIBUTION                      120.89172990  cm-1



          ----------------------------------------------
            ELECTRONIC CONTRIBUTION TO THE FIELD SHIFT  
          ----------------------------------------------

    Total for core                                 187641.38887252

 ii)   Outer Electrons


    Total for outer electrons                           0.00000000
 

    Total contribution (au)                        187641.38887252


 1  FINITE VOLUME CORRECTION FOR MASS                        58.00

      Volume correction                              1284.67084080  cm-1
      Req was                                           4.84168120  fm



 2  FIELD SHIFT CONTRIBUTION                           12.16042587  cm-1


=========================================================================




 2*J-Value     Energy       State                 

     5    -1518.15656975  3d(8)1D2.4p_2F                                                        
-----------------------------------



                    ---------------------
                      MASS CONTRIBUTION  
                    ---------------------


                                         CONTRIBUTIONS TO SPECIFIC MASS SHIFT

                                      Gradient Form       Slater Integral Form
                                      -------------       --------------------
                                         TOTAL            PART1           PART2

    Total for core                 -303.36250086      183.57975754   -415.34559531


 ii)  Fk-integrals
     3d  3d  3d  3d                   0.00000000       13.67399687      0.00000000
     3d  4p  3d  4p                   0.00000000        1.38082187      0.00000000
     3d  3d  3d  3d                   0.00000000       -0.20497496      0.00000000
     3d  3d  3d  3d                   0.00000000       -0.10857254      0.00000000


 iii) Gk-integrals
     3d  4p  4p  3d                  -0.04785932       -0.00690940      0.47830444


 iv)  Rk-integrals

    Total for integrals              -0.04785932       14.72981014      0.47830444


 v)   Core-Outer
     3d  1s  3d  1s                   0.00000000       11.13601929      0.00000000
     3d  2s  3d  2s                   0.00000000       10.78995667      0.00000000
     3d  2p  3d  2p                 -45.34267574       32.54188935    -57.13154642
     3d  3s  3d  3s                   0.00000000        8.22308892      0.00000000
     3d  3p  3d  3p                 -10.78124453       23.93316431    -75.17472719
     4p  1s  4p  1s                  -0.16114257        0.36755260     -0.16510096
     4p  2s  4p  2s                  -0.08838132        0.36078744     -0.07946852
     4p  2p  4p  2p                   0.00000000        1.08440261      0.00000000
     4p  3s  4p  3s                  -0.02223834        0.34743906      0.08247951
     4p  3p  4p  3p                   0.00000000        1.03875277      0.00000000

    Total for core-outer            -56.39568250       89.82305301   -132.46836357

                                 -------------------------------------------------

    Total contribution                                288.13262069   -547.33565444
    in atomic units:               -359.80604268              -259.20303375


 1  SPECIFIC MASS SHIFT CORRECTION FOR MASS                  58.00
      Gradient Form                                  -746.90382026  cm-1
      Slater Integral Form                           -538.06693932  cm-1
      Rydberg constant was                             109736.2774  cm-1

 2  NORMAL MASS SHIFT CORRECTION                     3151.43739240  cm-1


 3  ISOTOPE SHIFT FOR MASSES                        56.00 -  54.00

    a)  SPECIFIC MASS CONTRIBUTION
      Gradient Form                                    28.65107247  cm-1
      Slater Integral Form                             20.64013392  cm-1
    b)  NORMAL MASS CONTRIBUTION                      120.88720249  cm-1



          ----------------------------------------------
            ELECTRONIC CONTRIBUTION TO THE FIELD SHIFT  
          ----------------------------------------------

    Total for core                                 187641.38887252

 ii)   Outer Electrons


    Total for outer electrons                           0.00000000
 

    Total contribution (au)                        187641.38887252


 1  FINITE VOLUME CORRECTION FOR MASS                        58.00

      Volume correction                              1284.67084080  cm-1
      Req was                                           4.84168120  fm



 2  FIELD SHIFT CONTRIBUTION                           12.16042587  cm-1


=========================================================================




 2*J-Value     Energy       State                 

     5    -1518.15605721  3d(8)3P2.4p_4P                                                        
-----------------------------------



                    ---------------------
                      MASS CONTRIBUTION  
                    ---------------------


                                         CONTRIBUTIONS TO SPECIFIC MASS SHIFT

                                      Gradient Form       Slater Integral Form
                                      -------------       --------------------
                                         TOTAL            PART1           PART2

    Total for core                 -303.36250086      183.57975754   -415.34559531


 ii)  Fk-integrals
     3d  3d  3d  3d                   0.00000000       13.67399825      0.00000000
     3d  4p  3d  4p                   0.00000000        1.38082201      0.00000000
     3d  3d  3d  3d                   0.00000000       -0.16039523      0.00000000
     3d  3d  3d  3d                   0.00000000       -0.14607103      0.00000000


 iii) Gk-integrals
     3d  4p  4p  3d                  -0.05487238       -0.00792187      0.54839263


 iv)  Rk-integrals

    Total for integrals              -0.05487238       14.73008473      0.54839263


 v)   Core-Outer
     3d  1s  3d  1s                   0.00000000       11.13602041      0.00000000
     3d  2s  3d  2s                   0.00000000       10.78995776      0.00000000
     3d  2p  3d  2p                 -45.34268032       32.54189264    -57.13155219
     3d  3s  3d  3s                   0.00000000        8.22308975      0.00000000
     3d  3p  3d  3p                 -10.78124561       23.93316673    -75.17473478
     4p  1s  4p  1s                  -0.16114259        0.36755264     -0.16510097
     4p  2s  4p  2s                  -0.08838133        0.36078747     -0.07946853
     4p  2p  4p  2p                   0.00000000        1.08440272      0.00000000
     4p  3s  4p  3s                  -0.02223834        0.34743909      0.08247952
     4p  3p  4p  3p                   0.00000000        1.03875287      0.00000000

    Total for core-outer            -56.39568819       89.82306208   -132.46837695

                                 -------------------------------------------------

    Total contribution                                288.13290435   -547.26557963
    in atomic units:               -359.81306142              -259.13267528


 1  SPECIFIC MASS SHIFT CORRECTION FOR MASS                  58.00
      Gradient Form                                  -746.91839013  cm-1
      Slater Integral Form                           -537.92088560  cm-1
      Rydberg constant was                             109736.2774  cm-1

 2  NORMAL MASS SHIFT CORRECTION                     3151.43632845  cm-1


 3  ISOTOPE SHIFT FOR MASSES                        56.00 -  54.00

    a)  SPECIFIC MASS CONTRIBUTION
      Gradient Form                                    28.65163137  cm-1
      Slater Integral Form                             20.63453133  cm-1
    b)  NORMAL MASS CONTRIBUTION                      120.88716167  cm-1



          ----------------------------------------------
            ELECTRONIC CONTRIBUTION TO THE FIELD SHIFT  
          ----------------------------------------------

    Total for core                                 187641.38887252

 ii)   Outer Electrons


    Total for outer electrons                           0.00000000
 

    Total contribution (au)                        187641.38887252


 1  FINITE VOLUME CORRECTION FOR MASS                        58.00

      Volume correction                              1284.67084080  cm-1
      Req was                                           4.84168120  fm



 2  FIELD SHIFT CONTRIBUTION                           12.16042587  cm-1


=========================================================================




 2*J-Value     Energy       State                 

     5    -1518.15546032  3d(8)1D2.4p_2D                                                        
-----------------------------------



                    ---------------------
                      MASS CONTRIBUTION  
                    ---------------------


                                         CONTRIBUTIONS TO SPECIFIC MASS SHIFT

                                      Gradient Form       Slater Integral Form
                                      -------------       --------------------
                                         TOTAL            PART1           PART2

    Total for core                 -303.36250086      183.57975754   -415.34559531


 ii)  Fk-integrals
     3d  3d  3d  3d                   0.00000000       13.67399744      0.00000000
     3d  4p  3d  4p                   0.00000000        1.38082193      0.00000000
     3d  3d  3d  3d                   0.00000000       -0.20706932      0.00000000
     3d  3d  3d  3d                   0.00000000       -0.10880771      0.00000000


 iii) Gk-integrals
     3d  4p  4p  3d                  -0.01817336       -0.00262367      0.18162394


 iv)  Rk-integrals

    Total for integrals              -0.01817336       14.73036594      0.18162394


 v)   Core-Outer
     3d  1s  3d  1s                   0.00000000       11.13601975      0.00000000
     3d  2s  3d  2s                   0.00000000       10.78995712      0.00000000
     3d  2p  3d  2p                 -45.34267763       32.54189071    -57.13154879
     3d  3s  3d  3s                   0.00000000        8.22308926      0.00000000
     3d  3p  3d  3p                 -10.78124497       23.93316531    -75.17473031
     4p  1s  4p  1s                  -0.16114258        0.36755262     -0.16510096
     4p  2s  4p  2s                  -0.08838133        0.36078745     -0.07946852
     4p  2p  4p  2p                   0.00000000        1.08440265      0.00000000
     4p  3s  4p  3s                  -0.02223834        0.34743907      0.08247951
     4p  3p  4p  3p                   0.00000000        1.03875281      0.00000000

    Total for core-outer            -56.39568484       89.82305675   -132.46836908

                                 -------------------------------------------------

    Total contribution                                288.13318023   -547.63234045
    in atomic units:               -359.77635906              -259.49916022


 1  SPECIFIC MASS SHIFT CORRECTION FOR MASS                  58.00
      Gradient Form                                  -746.84220149  cm-1
      Slater Integral Form                           -538.68165382  cm-1
      Rydberg constant was                             109736.2774  cm-1

 2  NORMAL MASS SHIFT CORRECTION                     3151.43508941  cm-1


 3  ISOTOPE SHIFT FOR MASSES                        56.00 -  54.00

    a)  SPECIFIC MASS CONTRIBUTION
      Gradient Form                                    28.64870879  cm-1
      Slater Integral Form                             20.66371423  cm-1
    b)  NORMAL MASS CONTRIBUTION                      120.88711415  cm-1



          ----------------------------------------------
            ELECTRONIC CONTRIBUTION TO THE FIELD SHIFT  
          ----------------------------------------------

    Total for core                                 187641.38887252

 ii)   Outer Electrons


    Total for outer electrons                           0.00000000
 

    Total contribution (au)                        187641.38887252


 1  FINITE VOLUME CORRECTION FOR MASS                        58.00

      Volume correction                              1284.67084080  cm-1
      Req was                                           4.84168120  fm



 2  FIELD SHIFT CONTRIBUTION                           12.16042587  cm-1


=========================================================================




 2*J-Value     Energy       State                 

     5    -1518.13859068  3d(8)3P2.4p_4D                                                        
-----------------------------------



                    ---------------------
                      MASS CONTRIBUTION  
                    ---------------------


                                         CONTRIBUTIONS TO SPECIFIC MASS SHIFT

                                      Gradient Form       Slater Integral Form
                                      -------------       --------------------
                                         TOTAL            PART1           PART2

    Total for core                 -303.36250086      183.57975754   -415.34559531


 ii)  Fk-integrals
     3d  3d  3d  3d                   0.00000000       13.67399925      0.00000000
     3d  4p  3d  4p                   0.00000000        1.38082211      0.00000000
     3d  3d  3d  3d                   0.00000000       -0.16211988      0.00000000
     3d  3d  3d  3d                   0.00000000       -0.14547611      0.00000000


 iii) Gk-integrals
     3d  4p  4p  3d                  -0.05487238       -0.00792187      0.54839267


 iv)  Rk-integrals

    Total for integrals              -0.05487238       14.73881845      0.54839267


 v)   Core-Outer
     3d  1s  3d  1s                   0.00000000       11.13602122      0.00000000
     3d  2s  3d  2s                   0.00000000       10.78995855      0.00000000
     3d  2p  3d  2p                 -45.34268364       32.54189502    -57.13155637
     3d  3s  3d  3s                   0.00000000        8.22309035      0.00000000
     3d  3p  3d  3p                 -10.78124640       23.93316848    -75.17474028
     4p  1s  4p  1s                  -0.16114260        0.36755267     -0.16510099
     4p  2s  4p  2s                  -0.08838134        0.36078750     -0.07946854
     4p  2p  4p  2p                   0.00000000        1.08440279      0.00000000
     4p  3s  4p  3s                  -0.02223834        0.34743912      0.08247952
     4p  3p  4p  3p                   0.00000000        1.03875295      0.00000000

    Total for core-outer            -56.39569232       89.82306866   -132.46838664

                                 -------------------------------------------------

    Total contribution                                288.14164465   -547.26558928
    in atomic units:               -359.81306555              -259.12394464


 1  SPECIFIC MASS SHIFT CORRECTION FOR MASS                  58.00
      Gradient Form                                  -746.91839871  cm-1
      Slater Integral Form                           -537.90276208  cm-1
      Rydberg constant was                             109736.2774  cm-1

 2  NORMAL MASS SHIFT CORRECTION                     3151.40007088  cm-1


 3  ISOTOPE SHIFT FOR MASSES                        56.00 -  54.00

    a)  SPECIFIC MASS CONTRIBUTION
      Gradient Form                                    28.65163170  cm-1
      Slater Integral Form                             20.63383611  cm-1
    b)  NORMAL MASS CONTRIBUTION                      120.88577086  cm-1



          ----------------------------------------------
            ELECTRONIC CONTRIBUTION TO THE FIELD SHIFT  
          ----------------------------------------------

    Total for core                                 187641.38887252

 ii)   Outer Electrons


    Total for outer electrons                           0.00000000
 

    Total contribution (au)                        187641.38887252


 1  FINITE VOLUME CORRECTION FOR MASS                        58.00

      Volume correction                              1284.67084080  cm-1
      Req was                                           4.84168120  fm



 2  FIELD SHIFT CONTRIBUTION                           12.16042587  cm-1


=========================================================================




 2*J-Value     Energy       State                 

     5    -1518.13066245  3d(8)3P2.4p_2D                                                        
-----------------------------------



                    ---------------------
                      MASS CONTRIBUTION  
                    ---------------------


                                         CONTRIBUTIONS TO SPECIFIC MASS SHIFT

                                      Gradient Form       Slater Integral Form
                                      -------------       --------------------
                                         TOTAL            PART1           PART2

    Total for core                 -303.36250086      183.57975754   -415.34559531


 ii)  Fk-integrals
     3d  3d  3d  3d                   0.00000000       13.67399712      0.00000000
     3d  4p  3d  4p                   0.00000000        1.38082190      0.00000000
     3d  3d  3d  3d                   0.00000000       -0.16063943      0.00000000
     3d  3d  3d  3d                   0.00000000       -0.14591597      0.00000000


 iii) Gk-integrals
     3d  4p  4p  3d                  -0.04098700       -0.00591725      0.40962266


 iv)  Rk-integrals

    Total for integrals              -0.04098700       14.74277935      0.40962266


 v)   Core-Outer
     3d  1s  3d  1s                   0.00000000       11.13601949      0.00000000
     3d  2s  3d  2s                   0.00000000       10.78995687      0.00000000
     3d  2p  3d  2p                 -45.34267657       32.54188995    -57.13154746
     3d  3s  3d  3s                   0.00000000        8.22308907      0.00000000
     3d  3p  3d  3p                 -10.78124472       23.93316475    -75.17472855
     4p  1s  4p  1s                  -0.16114257        0.36755261     -0.16510096
     4p  2s  4p  2s                  -0.08838132        0.36078744     -0.07946852
     4p  2p  4p  2p                   0.00000000        1.08440263      0.00000000
     4p  3s  4p  3s                  -0.02223834        0.34743906      0.08247951
     4p  3p  4p  3p                   0.00000000        1.03875278      0.00000000

    Total for core-outer            -56.39568352       89.82305465   -132.46836599

                                 -------------------------------------------------

    Total contribution                                288.14559154   -547.40433864
    in atomic units:               -359.79917138              -259.25874710


 1  SPECIFIC MASS SHIFT CORRECTION FOR MASS                  58.00
      Gradient Form                                  -746.88955647  cm-1
      Slater Integral Form                           -538.18259195  cm-1
      Rydberg constant was                             109736.2774  cm-1

 2  NORMAL MASS SHIFT CORRECTION                     3151.38361321  cm-1


 3  ISOTOPE SHIFT FOR MASSES                        56.00 -  54.00

    a)  SPECIFIC MASS CONTRIBUTION
      Gradient Form                                    28.65052531  cm-1
      Slater Integral Form                             20.64457033  cm-1
    b)  NORMAL MASS CONTRIBUTION                      120.88513955  cm-1



          ----------------------------------------------
            ELECTRONIC CONTRIBUTION TO THE FIELD SHIFT  
          ----------------------------------------------

    Total for core                                 187641.38887252

 ii)   Outer Electrons


    Total for outer electrons                           0.00000000
 

    Total contribution (au)                        187641.38887252


 1  FINITE VOLUME CORRECTION FOR MASS                        58.00

      Volume correction                              1284.67084080  cm-1
      Req was                                           4.84168120  fm



 2  FIELD SHIFT CONTRIBUTION                           12.16042587  cm-1


=========================================================================




 2*J-Value     Energy       State                 

     5    -1518.11631583  3d(8)1G2.4p_2F                                                        
-----------------------------------



                    ---------------------
                      MASS CONTRIBUTION  
                    ---------------------


                                         CONTRIBUTIONS TO SPECIFIC MASS SHIFT

                                      Gradient Form       Slater Integral Form
                                      -------------       --------------------
                                         TOTAL            PART1           PART2

    Total for core                 -303.36250086      183.57975754   -415.34559531


 ii)  Fk-integrals
     3d  3d  3d  3d                   0.00000000       13.67399906      0.00000000
     3d  4p  3d  4p                   0.00000000        1.38082209      0.00000000
     3d  3d  3d  3d                   0.00000000       -0.17600575      0.00000000
     3d  3d  3d  3d                   0.00000000       -0.11878986      0.00000000


 iii) Gk-integrals
     3d  4p  4p  3d                  -0.01021758       -0.00147510      0.10211410


 iv)  Rk-integrals

    Total for integrals              -0.01021758       14.74993960      0.10211410


 v)   Core-Outer
     3d  1s  3d  1s                   0.00000000       11.13602107      0.00000000
     3d  2s  3d  2s                   0.00000000       10.78995840      0.00000000
     3d  2p  3d  2p                 -45.34268301       32.54189457    -57.13155558
     3d  3s  3d  3s                   0.00000000        8.22309024      0.00000000
     3d  3p  3d  3p                 -10.78124625       23.93316815    -75.17473924
     4p  1s  4p  1s                  -0.16114260        0.36755266     -0.16510098
     4p  2s  4p  2s                  -0.08838134        0.36078750     -0.07946853
     4p  2p  4p  2p                   0.00000000        1.08440278      0.00000000
     4p  3s  4p  3s                  -0.02223834        0.34743911      0.08247952
     4p  3p  4p  3p                   0.00000000        1.03875293      0.00000000

    Total for core-outer            -56.39569154       89.82306741   -132.46838481

                                 -------------------------------------------------

    Total contribution                                288.15276454   -547.71186602
    in atomic units:               -359.76840997              -259.55910147


 1  SPECIFIC MASS SHIFT CORRECTION FOR MASS                  58.00
      Gradient Form                                  -746.82570036  cm-1
      Slater Integral Form                           -538.80608294  cm-1
      Rydberg constant was                             109736.2774  cm-1

 2  NORMAL MASS SHIFT CORRECTION                     3151.35383204  cm-1


 3  ISOTOPE SHIFT FOR MASSES                        56.00 -  54.00

    a)  SPECIFIC MASS CONTRIBUTION
      Gradient Form                                    28.64807581  cm-1
      Slater Integral Form                             20.66848731  cm-1
    b)  NORMAL MASS CONTRIBUTION                      120.88399716  cm-1



          ----------------------------------------------
            ELECTRONIC CONTRIBUTION TO THE FIELD SHIFT  
          ----------------------------------------------

    Total for core                                 187641.38887252

 ii)   Outer Electrons


    Total for outer electrons                           0.00000000
 

    Total contribution (au)                        187641.38887252


 1  FINITE VOLUME CORRECTION FOR MASS                        58.00

      Volume correction                              1284.67084080  cm-1
      Req was                                           4.84168120  fm



 2  FIELD SHIFT CONTRIBUTION                           12.16042587  cm-1


=========================================================================


